2024-12-13 22:03:58.499 [info] Extension host with pid 7305 started
2024-12-13 22:03:58.499 [info] Skipping acquiring lock for /home/zaryu/.config/Code - OSS/User/workspaceStorage/746774e4cb02428a21ecbfe504e9c199.
2024-12-13 22:03:59.150 [info] ExtensionService#_doActivateExtension vscode.git-base, startup: true, activationEvent: '*', root cause: vscode.git
2024-12-13 22:03:59.185 [info] ExtensionService#_doActivateExtension arrterian.nix-env-selector, startup: true, activationEvent: '*'
2024-12-13 22:03:59.430 [info] ExtensionService#_doActivateExtension vscode.npm, startup: true, activationEvent: 'workspaceContains:package.json'
2024-12-13 22:03:59.649 [info] ExtensionService#_doActivateExtension vscode.git, startup: true, activationEvent: '*'
2024-12-13 22:03:59.967 [info] ExtensionService#_doActivateExtension vscode.github, startup: true, activationEvent: '*'
2024-12-13 22:04:00.448 [info] Eager extensions activated
2024-12-13 22:04:00.605 [info] ExtensionService#_doActivateExtension vscode.debug-auto-launch, startup: false, activationEvent: 'onStartupFinished'
2024-12-13 22:04:00.620 [info] ExtensionService#_doActivateExtension vscode.merge-conflict, startup: false, activationEvent: 'onStartupFinished'
2024-12-13 22:04:00.718 [info] ExtensionService#_doActivateExtension jnoortheen.nix-ide, startup: false, activationEvent: 'onStartupFinished'
2024-12-13 22:04:00.953 [info] ExtensionService#_doActivateExtension sourcegraph.cody-ai, startup: false, activationEvent: 'onStartupFinished'
2024-12-13 22:04:04.281 [info] ExtensionService#_doActivateExtension vscode.emmet, startup: false, activationEvent: 'onLanguage'
2024-12-13 22:04:04.585 [info] ExtensionService#_doActivateExtension vscode.typescript-language-features, startup: false, activationEvent: 'onLanguage:javascript'
2024-12-13 22:04:09.787 [info] ExtensionService#_doActivateExtension vscode.configuration-editing, startup: false, activationEvent: 'onLanguage:json'
2024-12-13 22:04:09.841 [info] ExtensionService#_doActivateExtension vscode.extension-editing, startup: false, activationEvent: 'onLanguage:json'
2024-12-13 22:04:09.896 [info] ExtensionService#_doActivateExtension vscode.json-language-features, startup: false, activationEvent: 'onLanguage:json'
2024-12-13 22:04:10.625 [info] ExtensionService#_doActivateExtension vscode.github-authentication, startup: false, activationEvent: 'onAuthenticationRequest:github'
2024-12-13 22:08:05.180 [warning] vscode.json-language-features - Code actions of kind 'quickfix' requested but returned code action is of kind 'source.sort.json'. Code action will be dropped. Please check 'CodeActionContext.only' to only return requested code actions.
2024-12-13 22:09:48.763 [error] Error: Git error
	at ChildProcess.<anonymous> (/usr/lib/code/extensions/git/dist/main.js:2:1044348)
	at ChildProcess.emit (node:events:530:35)
	at ChildProcess.emit (node:domain:489:12)
	at ChildProcess._handle.onexit (node:internal/child_process:293:12)
	at Process.callbackTrampoline (node:internal/async_hooks:130:17)
2024-12-13 22:09:48.764 [error] Error: Git error
	at ChildProcess.<anonymous> (/usr/lib/code/extensions/git/dist/main.js:2:1044348)
	at ChildProcess.emit (node:events:530:35)
	at ChildProcess.emit (node:domain:489:12)
	at ChildProcess._handle.onexit (node:internal/child_process:293:12)
	at Process.callbackTrampoline (node:internal/async_hooks:130:17)
2024-12-13 22:09:48.764 [error] Error: Git error
	at ChildProcess.<anonymous> (/usr/lib/code/extensions/git/dist/main.js:2:1044348)
	at ChildProcess.emit (node:events:530:35)
	at ChildProcess.emit (node:domain:489:12)
	at ChildProcess._handle.onexit (node:internal/child_process:293:12)
	at Process.callbackTrampoline (node:internal/async_hooks:130:17)
2024-12-13 22:09:48.764 [error] Error: Git error
	at ChildProcess.<anonymous> (/usr/lib/code/extensions/git/dist/main.js:2:1044348)
	at ChildProcess.emit (node:events:530:35)
	at ChildProcess.emit (node:domain:489:12)
	at ChildProcess._handle.onexit (node:internal/child_process:293:12)
	at Process.callbackTrampoline (node:internal/async_hooks:130:17)
2024-12-13 22:09:48.764 [error] Error: Git error
	at ChildProcess.<anonymous> (/usr/lib/code/extensions/git/dist/main.js:2:1044348)
	at ChildProcess.emit (node:events:530:35)
	at ChildProcess.emit (node:domain:489:12)
	at ChildProcess._handle.onexit (node:internal/child_process:293:12)
	at Process.callbackTrampoline (node:internal/async_hooks:130:17)
2024-12-13 22:09:48.764 [error] Error: Git error
	at ChildProcess.<anonymous> (/usr/lib/code/extensions/git/dist/main.js:2:1044348)
	at ChildProcess.emit (node:events:530:35)
	at ChildProcess.emit (node:domain:489:12)
	at ChildProcess._handle.onexit (node:internal/child_process:293:12)
	at Process.callbackTrampoline (node:internal/async_hooks:130:17)
2024-12-13 22:09:48.764 [error] Error: Git error
	at ChildProcess.<anonymous> (/usr/lib/code/extensions/git/dist/main.js:2:1044348)
	at ChildProcess.emit (node:events:530:35)
	at ChildProcess.emit (node:domain:489:12)
	at ChildProcess._handle.onexit (node:internal/child_process:293:12)
	at Process.callbackTrampoline (node:internal/async_hooks:130:17)
2024-12-13 22:09:48.764 [error] Error: Git error
	at ChildProcess.<anonymous> (/usr/lib/code/extensions/git/dist/main.js:2:1044348)
	at ChildProcess.emit (node:events:530:35)
	at ChildProcess.emit (node:domain:489:12)
	at ChildProcess._handle.onexit (node:internal/child_process:293:12)
	at Process.callbackTrampoline (node:internal/async_hooks:130:17)
2024-12-13 22:09:48.764 [error] Error: Git error
	at ChildProcess.<anonymous> (/usr/lib/code/extensions/git/dist/main.js:2:1044348)
	at ChildProcess.emit (node:events:530:35)
	at ChildProcess.emit (node:domain:489:12)
	at ChildProcess._handle.onexit (node:internal/child_process:293:12)
	at Process.callbackTrampoline (node:internal/async_hooks:130:17)
2024-12-13 22:09:48.764 [error] Error: Git error
	at ChildProcess.<anonymous> (/usr/lib/code/extensions/git/dist/main.js:2:1044348)
	at ChildProcess.emit (node:events:530:35)
	at ChildProcess.emit (node:domain:489:12)
	at ChildProcess._handle.onexit (node:internal/child_process:293:12)
	at Process.callbackTrampoline (node:internal/async_hooks:130:17)
2024-12-13 22:09:48.764 [error] Error: Git error
	at ChildProcess.<anonymous> (/usr/lib/code/extensions/git/dist/main.js:2:1044348)
	at ChildProcess.emit (node:events:530:35)
	at ChildProcess.emit (node:domain:489:12)
	at ChildProcess._handle.onexit (node:internal/child_process:293:12)
	at Process.callbackTrampoline (node:internal/async_hooks:130:17)
2024-12-13 22:09:48.764 [error] Error: Git error
	at ChildProcess.<anonymous> (/usr/lib/code/extensions/git/dist/main.js:2:1044348)
	at ChildProcess.emit (node:events:530:35)
	at ChildProcess.emit (node:domain:489:12)
	at ChildProcess._handle.onexit (node:internal/child_process:293:12)
	at Process.callbackTrampoline (node:internal/async_hooks:130:17)
2024-12-13 22:09:49.769 [error] Error: Git error
	at ChildProcess.<anonymous> (/usr/lib/code/extensions/git/dist/main.js:2:1044348)
	at ChildProcess.emit (node:events:530:35)
	at ChildProcess.emit (node:domain:489:12)
	at ChildProcess._handle.onexit (node:internal/child_process:293:12)
	at Process.callbackTrampoline (node:internal/async_hooks:130:17)
2024-12-13 22:09:49.771 [error] Error: Git error
	at ChildProcess.<anonymous> (/usr/lib/code/extensions/git/dist/main.js:2:1044348)
	at ChildProcess.emit (node:events:530:35)
	at ChildProcess.emit (node:domain:489:12)
	at ChildProcess._handle.onexit (node:internal/child_process:293:12)
	at Process.callbackTrampoline (node:internal/async_hooks:130:17)
2024-12-13 22:09:49.773 [error] Error: Git error
	at ChildProcess.<anonymous> (/usr/lib/code/extensions/git/dist/main.js:2:1044348)
	at ChildProcess.emit (node:events:530:35)
	at ChildProcess.emit (node:domain:489:12)
	at ChildProcess._handle.onexit (node:internal/child_process:293:12)
	at Process.callbackTrampoline (node:internal/async_hooks:130:17)
2024-12-13 22:09:49.774 [error] Error: Git error
	at ChildProcess.<anonymous> (/usr/lib/code/extensions/git/dist/main.js:2:1044348)
	at ChildProcess.emit (node:events:530:35)
	at ChildProcess.emit (node:domain:489:12)
	at ChildProcess._handle.onexit (node:internal/child_process:293:12)
	at Process.callbackTrampoline (node:internal/async_hooks:130:17)
2024-12-13 22:09:49.776 [error] Error: Git error
	at ChildProcess.<anonymous> (/usr/lib/code/extensions/git/dist/main.js:2:1044348)
	at ChildProcess.emit (node:events:530:35)
	at ChildProcess.emit (node:domain:489:12)
	at ChildProcess._handle.onexit (node:internal/child_process:293:12)
	at Process.callbackTrampoline (node:internal/async_hooks:130:17)
2024-12-13 22:09:49.777 [error] Error: Git error
	at ChildProcess.<anonymous> (/usr/lib/code/extensions/git/dist/main.js:2:1044348)
	at ChildProcess.emit (node:events:530:35)
	at ChildProcess.emit (node:domain:489:12)
	at ChildProcess._handle.onexit (node:internal/child_process:293:12)
	at Process.callbackTrampoline (node:internal/async_hooks:130:17)
2024-12-13 22:09:49.778 [error] Error: Git error
	at ChildProcess.<anonymous> (/usr/lib/code/extensions/git/dist/main.js:2:1044348)
	at ChildProcess.emit (node:events:530:35)
	at ChildProcess.emit (node:domain:489:12)
	at ChildProcess._handle.onexit (node:internal/child_process:293:12)
	at Process.callbackTrampoline (node:internal/async_hooks:130:17)
2024-12-13 22:09:49.779 [error] Error: Git error
	at ChildProcess.<anonymous> (/usr/lib/code/extensions/git/dist/main.js:2:1044348)
	at ChildProcess.emit (node:events:530:35)
	at ChildProcess.emit (node:domain:489:12)
	at ChildProcess._handle.onexit (node:internal/child_process:293:12)
	at Process.callbackTrampoline (node:internal/async_hooks:130:17)
2024-12-13 22:09:49.781 [error] Error: Git error
	at ChildProcess.<anonymous> (/usr/lib/code/extensions/git/dist/main.js:2:1044348)
	at ChildProcess.emit (node:events:530:35)
	at ChildProcess.emit (node:domain:489:12)
	at ChildProcess._handle.onexit (node:internal/child_process:293:12)
	at Process.callbackTrampoline (node:internal/async_hooks:130:17)
2024-12-13 22:09:49.782 [error] Error: Git error
	at ChildProcess.<anonymous> (/usr/lib/code/extensions/git/dist/main.js:2:1044348)
	at ChildProcess.emit (node:events:530:35)
	at ChildProcess.emit (node:domain:489:12)
	at ChildProcess._handle.onexit (node:internal/child_process:293:12)
	at Process.callbackTrampoline (node:internal/async_hooks:130:17)
2024-12-13 22:09:49.784 [error] Error: Git error
	at ChildProcess.<anonymous> (/usr/lib/code/extensions/git/dist/main.js:2:1044348)
	at ChildProcess.emit (node:events:530:35)
	at ChildProcess.emit (node:domain:489:12)
	at ChildProcess._handle.onexit (node:internal/child_process:293:12)
	at Process.callbackTrampoline (node:internal/async_hooks:130:17)
2024-12-13 22:09:49.785 [error] Error: Git error
	at ChildProcess.<anonymous> (/usr/lib/code/extensions/git/dist/main.js:2:1044348)
	at ChildProcess.emit (node:events:530:35)
	at ChildProcess.emit (node:domain:489:12)
	at ChildProcess._handle.onexit (node:internal/child_process:293:12)
	at Process.callbackTrampoline (node:internal/async_hooks:130:17)
2024-12-13 22:09:55.380 [error] Error: Git error
	at ChildProcess.<anonymous> (/usr/lib/code/extensions/git/dist/main.js:2:1044348)
	at ChildProcess.emit (node:events:530:35)
	at ChildProcess.emit (node:domain:489:12)
	at ChildProcess._handle.onexit (node:internal/child_process:293:12)
	at Process.callbackTrampoline (node:internal/async_hooks:130:17)
2024-12-13 22:09:55.381 [error] Error: Git error
	at ChildProcess.<anonymous> (/usr/lib/code/extensions/git/dist/main.js:2:1044348)
	at ChildProcess.emit (node:events:530:35)
	at ChildProcess.emit (node:domain:489:12)
	at ChildProcess._handle.onexit (node:internal/child_process:293:12)
	at Process.callbackTrampoline (node:internal/async_hooks:130:17)
2024-12-13 22:09:55.381 [error] Error: Git error
	at ChildProcess.<anonymous> (/usr/lib/code/extensions/git/dist/main.js:2:1044348)
	at ChildProcess.emit (node:events:530:35)
	at ChildProcess.emit (node:domain:489:12)
	at ChildProcess._handle.onexit (node:internal/child_process:293:12)
	at Process.callbackTrampoline (node:internal/async_hooks:130:17)
2024-12-13 22:09:55.381 [error] Error: Git error
	at ChildProcess.<anonymous> (/usr/lib/code/extensions/git/dist/main.js:2:1044348)
	at ChildProcess.emit (node:events:530:35)
	at ChildProcess.emit (node:domain:489:12)
	at ChildProcess._handle.onexit (node:internal/child_process:293:12)
	at Process.callbackTrampoline (node:internal/async_hooks:130:17)
2024-12-13 22:09:55.381 [error] Error: Git error
	at ChildProcess.<anonymous> (/usr/lib/code/extensions/git/dist/main.js:2:1044348)
	at ChildProcess.emit (node:events:530:35)
	at ChildProcess.emit (node:domain:489:12)
	at ChildProcess._handle.onexit (node:internal/child_process:293:12)
	at Process.callbackTrampoline (node:internal/async_hooks:130:17)
2024-12-13 22:09:55.381 [error] Error: Git error
	at ChildProcess.<anonymous> (/usr/lib/code/extensions/git/dist/main.js:2:1044348)
	at ChildProcess.emit (node:events:530:35)
	at ChildProcess.emit (node:domain:489:12)
	at ChildProcess._handle.onexit (node:internal/child_process:293:12)
	at Process.callbackTrampoline (node:internal/async_hooks:130:17)
2024-12-13 22:09:55.381 [error] Error: Git error
	at ChildProcess.<anonymous> (/usr/lib/code/extensions/git/dist/main.js:2:1044348)
	at ChildProcess.emit (node:events:530:35)
	at ChildProcess.emit (node:domain:489:12)
	at ChildProcess._handle.onexit (node:internal/child_process:293:12)
	at Process.callbackTrampoline (node:internal/async_hooks:130:17)
2024-12-13 22:09:56.383 [error] Error: Git error
	at ChildProcess.<anonymous> (/usr/lib/code/extensions/git/dist/main.js:2:1044348)
	at ChildProcess.emit (node:events:530:35)
	at ChildProcess.emit (node:domain:489:12)
	at ChildProcess._handle.onexit (node:internal/child_process:293:12)
	at Process.callbackTrampoline (node:internal/async_hooks:130:17)
2024-12-13 22:09:56.386 [error] Error: Git error
	at ChildProcess.<anonymous> (/usr/lib/code/extensions/git/dist/main.js:2:1044348)
	at ChildProcess.emit (node:events:530:35)
	at ChildProcess.emit (node:domain:489:12)
	at ChildProcess._handle.onexit (node:internal/child_process:293:12)
	at Process.callbackTrampoline (node:internal/async_hooks:130:17)
2024-12-13 22:09:56.388 [error] Error: Git error
	at ChildProcess.<anonymous> (/usr/lib/code/extensions/git/dist/main.js:2:1044348)
	at ChildProcess.emit (node:events:530:35)
	at ChildProcess.emit (node:domain:489:12)
	at ChildProcess._handle.onexit (node:internal/child_process:293:12)
	at Process.callbackTrampoline (node:internal/async_hooks:130:17)
2024-12-13 22:09:56.390 [error] Error: Git error
	at ChildProcess.<anonymous> (/usr/lib/code/extensions/git/dist/main.js:2:1044348)
	at ChildProcess.emit (node:events:530:35)
	at ChildProcess.emit (node:domain:489:12)
	at ChildProcess._handle.onexit (node:internal/child_process:293:12)
	at Process.callbackTrampoline (node:internal/async_hooks:130:17)
2024-12-13 22:09:56.392 [error] Error: Git error
	at ChildProcess.<anonymous> (/usr/lib/code/extensions/git/dist/main.js:2:1044348)
	at ChildProcess.emit (node:events:530:35)
	at ChildProcess.emit (node:domain:489:12)
	at ChildProcess._handle.onexit (node:internal/child_process:293:12)
	at Process.callbackTrampoline (node:internal/async_hooks:130:17)
2024-12-13 22:09:56.393 [error] Error: Git error
	at ChildProcess.<anonymous> (/usr/lib/code/extensions/git/dist/main.js:2:1044348)
	at ChildProcess.emit (node:events:530:35)
	at ChildProcess.emit (node:domain:489:12)
	at ChildProcess._handle.onexit (node:internal/child_process:293:12)
	at Process.callbackTrampoline (node:internal/async_hooks:130:17)
2024-12-13 22:09:56.394 [error] Error: Git error
	at ChildProcess.<anonymous> (/usr/lib/code/extensions/git/dist/main.js:2:1044348)
	at ChildProcess.emit (node:events:530:35)
	at ChildProcess.emit (node:domain:489:12)
	at ChildProcess._handle.onexit (node:internal/child_process:293:12)
	at Process.callbackTrampoline (node:internal/async_hooks:130:17)
2024-12-13 22:09:57.233 [error] Error: Git error
	at ChildProcess.<anonymous> (/usr/lib/code/extensions/git/dist/main.js:2:1044348)
	at ChildProcess.emit (node:events:530:35)
	at ChildProcess.emit (node:domain:489:12)
	at ChildProcess._handle.onexit (node:internal/child_process:293:12)
	at Process.callbackTrampoline (node:internal/async_hooks:130:17)
2024-12-13 22:09:57.233 [error] Error: Git error
	at ChildProcess.<anonymous> (/usr/lib/code/extensions/git/dist/main.js:2:1044348)
	at ChildProcess.emit (node:events:530:35)
	at ChildProcess.emit (node:domain:489:12)
	at ChildProcess._handle.onexit (node:internal/child_process:293:12)
	at Process.callbackTrampoline (node:internal/async_hooks:130:17)
2024-12-13 22:09:57.233 [error] Error: Git error
	at ChildProcess.<anonymous> (/usr/lib/code/extensions/git/dist/main.js:2:1044348)
	at ChildProcess.emit (node:events:530:35)
	at ChildProcess.emit (node:domain:489:12)
	at ChildProcess._handle.onexit (node:internal/child_process:293:12)
	at Process.callbackTrampoline (node:internal/async_hooks:130:17)
2024-12-13 22:09:57.233 [error] Error: Git error
	at ChildProcess.<anonymous> (/usr/lib/code/extensions/git/dist/main.js:2:1044348)
	at ChildProcess.emit (node:events:530:35)
	at ChildProcess.emit (node:domain:489:12)
	at ChildProcess._handle.onexit (node:internal/child_process:293:12)
	at Process.callbackTrampoline (node:internal/async_hooks:130:17)
2024-12-13 22:09:57.233 [error] Error: Git error
	at ChildProcess.<anonymous> (/usr/lib/code/extensions/git/dist/main.js:2:1044348)
	at ChildProcess.emit (node:events:530:35)
	at ChildProcess.emit (node:domain:489:12)
	at ChildProcess._handle.onexit (node:internal/child_process:293:12)
	at Process.callbackTrampoline (node:internal/async_hooks:130:17)
2024-12-13 22:09:57.233 [error] Error: Git error
	at ChildProcess.<anonymous> (/usr/lib/code/extensions/git/dist/main.js:2:1044348)
	at ChildProcess.emit (node:events:530:35)
	at ChildProcess.emit (node:domain:489:12)
	at ChildProcess._handle.onexit (node:internal/child_process:293:12)
	at Process.callbackTrampoline (node:internal/async_hooks:130:17)
2024-12-13 22:09:57.233 [error] Error: Git error
	at ChildProcess.<anonymous> (/usr/lib/code/extensions/git/dist/main.js:2:1044348)
	at ChildProcess.emit (node:events:530:35)
	at ChildProcess.emit (node:domain:489:12)
	at ChildProcess._handle.onexit (node:internal/child_process:293:12)
	at Process.callbackTrampoline (node:internal/async_hooks:130:17)
2024-12-13 22:09:58.235 [error] Error: Git error
	at ChildProcess.<anonymous> (/usr/lib/code/extensions/git/dist/main.js:2:1044348)
	at ChildProcess.emit (node:events:530:35)
	at ChildProcess.emit (node:domain:489:12)
	at ChildProcess._handle.onexit (node:internal/child_process:293:12)
	at Process.callbackTrampoline (node:internal/async_hooks:130:17)
2024-12-13 22:09:58.237 [error] Error: Git error
	at ChildProcess.<anonymous> (/usr/lib/code/extensions/git/dist/main.js:2:1044348)
	at ChildProcess.emit (node:events:530:35)
	at ChildProcess.emit (node:domain:489:12)
	at ChildProcess._handle.onexit (node:internal/child_process:293:12)
	at Process.callbackTrampoline (node:internal/async_hooks:130:17)
2024-12-13 22:09:58.237 [error] Error: Git error
	at ChildProcess.<anonymous> (/usr/lib/code/extensions/git/dist/main.js:2:1044348)
	at ChildProcess.emit (node:events:530:35)
	at ChildProcess.emit (node:domain:489:12)
	at ChildProcess._handle.onexit (node:internal/child_process:293:12)
	at Process.callbackTrampoline (node:internal/async_hooks:130:17)
2024-12-13 22:09:58.238 [error] Error: Git error
	at ChildProcess.<anonymous> (/usr/lib/code/extensions/git/dist/main.js:2:1044348)
	at ChildProcess.emit (node:events:530:35)
	at ChildProcess.emit (node:domain:489:12)
	at ChildProcess._handle.onexit (node:internal/child_process:293:12)
	at Process.callbackTrampoline (node:internal/async_hooks:130:17)
2024-12-13 22:09:58.239 [error] Error: Git error
	at ChildProcess.<anonymous> (/usr/lib/code/extensions/git/dist/main.js:2:1044348)
	at ChildProcess.emit (node:events:530:35)
	at ChildProcess.emit (node:domain:489:12)
	at ChildProcess._handle.onexit (node:internal/child_process:293:12)
	at Process.callbackTrampoline (node:internal/async_hooks:130:17)
2024-12-13 22:09:58.241 [error] Error: Git error
	at ChildProcess.<anonymous> (/usr/lib/code/extensions/git/dist/main.js:2:1044348)
	at ChildProcess.emit (node:events:530:35)
	at ChildProcess.emit (node:domain:489:12)
	at ChildProcess._handle.onexit (node:internal/child_process:293:12)
	at Process.callbackTrampoline (node:internal/async_hooks:130:17)
2024-12-13 22:09:58.242 [error] Error: Git error
	at ChildProcess.<anonymous> (/usr/lib/code/extensions/git/dist/main.js:2:1044348)
	at ChildProcess.emit (node:events:530:35)
	at ChildProcess.emit (node:domain:489:12)
	at ChildProcess._handle.onexit (node:internal/child_process:293:12)
	at Process.callbackTrampoline (node:internal/async_hooks:130:17)
2024-12-13 22:09:58.775 [error] Error: Git error
	at ChildProcess.<anonymous> (/usr/lib/code/extensions/git/dist/main.js:2:1044348)
	at ChildProcess.emit (node:events:530:35)
	at ChildProcess.emit (node:domain:489:12)
	at ChildProcess._handle.onexit (node:internal/child_process:293:12)
	at Process.callbackTrampoline (node:internal/async_hooks:130:17)
2024-12-13 22:09:58.776 [error] Error: Git error
	at ChildProcess.<anonymous> (/usr/lib/code/extensions/git/dist/main.js:2:1044348)
	at ChildProcess.emit (node:events:530:35)
	at ChildProcess.emit (node:domain:489:12)
	at ChildProcess._handle.onexit (node:internal/child_process:293:12)
	at Process.callbackTrampoline (node:internal/async_hooks:130:17)
2024-12-13 22:09:58.776 [error] Error: Git error
	at ChildProcess.<anonymous> (/usr/lib/code/extensions/git/dist/main.js:2:1044348)
	at ChildProcess.emit (node:events:530:35)
	at ChildProcess.emit (node:domain:489:12)
	at ChildProcess._handle.onexit (node:internal/child_process:293:12)
	at Process.callbackTrampoline (node:internal/async_hooks:130:17)
2024-12-13 22:09:58.776 [error] Error: Git error
	at ChildProcess.<anonymous> (/usr/lib/code/extensions/git/dist/main.js:2:1044348)
	at ChildProcess.emit (node:events:530:35)
	at ChildProcess.emit (node:domain:489:12)
	at ChildProcess._handle.onexit (node:internal/child_process:293:12)
	at Process.callbackTrampoline (node:internal/async_hooks:130:17)
2024-12-13 22:09:58.776 [error] Error: Git error
	at ChildProcess.<anonymous> (/usr/lib/code/extensions/git/dist/main.js:2:1044348)
	at ChildProcess.emit (node:events:530:35)
	at ChildProcess.emit (node:domain:489:12)
	at ChildProcess._handle.onexit (node:internal/child_process:293:12)
	at Process.callbackTrampoline (node:internal/async_hooks:130:17)
2024-12-13 22:09:58.776 [error] Error: Git error
	at ChildProcess.<anonymous> (/usr/lib/code/extensions/git/dist/main.js:2:1044348)
	at ChildProcess.emit (node:events:530:35)
	at ChildProcess.emit (node:domain:489:12)
	at ChildProcess._handle.onexit (node:internal/child_process:293:12)
	at Process.callbackTrampoline (node:internal/async_hooks:130:17)
2024-12-13 22:09:58.776 [error] Error: Git error
	at ChildProcess.<anonymous> (/usr/lib/code/extensions/git/dist/main.js:2:1044348)
	at ChildProcess.emit (node:events:530:35)
	at ChildProcess.emit (node:domain:489:12)
	at ChildProcess._handle.onexit (node:internal/child_process:293:12)
	at Process.callbackTrampoline (node:internal/async_hooks:130:17)
2024-12-13 22:09:58.776 [error] Error: Git error
	at ChildProcess.<anonymous> (/usr/lib/code/extensions/git/dist/main.js:2:1044348)
	at ChildProcess.emit (node:events:530:35)
	at ChildProcess.emit (node:domain:489:12)
	at ChildProcess._handle.onexit (node:internal/child_process:293:12)
	at Process.callbackTrampoline (node:internal/async_hooks:130:17)
2024-12-13 22:09:58.776 [error] Error: Git error
	at ChildProcess.<anonymous> (/usr/lib/code/extensions/git/dist/main.js:2:1044348)
	at ChildProcess.emit (node:events:530:35)
	at ChildProcess.emit (node:domain:489:12)
	at ChildProcess._handle.onexit (node:internal/child_process:293:12)
	at Process.callbackTrampoline (node:internal/async_hooks:130:17)
2024-12-13 22:09:58.776 [error] Error: Git error
	at ChildProcess.<anonymous> (/usr/lib/code/extensions/git/dist/main.js:2:1044348)
	at ChildProcess.emit (node:events:530:35)
	at ChildProcess.emit (node:domain:489:12)
	at ChildProcess._handle.onexit (node:internal/child_process:293:12)
	at Process.callbackTrampoline (node:internal/async_hooks:130:17)
2024-12-13 22:09:58.776 [error] Error: Git error
	at ChildProcess.<anonymous> (/usr/lib/code/extensions/git/dist/main.js:2:1044348)
	at ChildProcess.emit (node:events:530:35)
	at ChildProcess.emit (node:domain:489:12)
	at ChildProcess._handle.onexit (node:internal/child_process:293:12)
	at Process.callbackTrampoline (node:internal/async_hooks:130:17)
2024-12-13 22:09:58.776 [error] Error: Git error
	at ChildProcess.<anonymous> (/usr/lib/code/extensions/git/dist/main.js:2:1044348)
	at ChildProcess.emit (node:events:530:35)
	at ChildProcess.emit (node:domain:489:12)
	at ChildProcess._handle.onexit (node:internal/child_process:293:12)
	at Process.callbackTrampoline (node:internal/async_hooks:130:17)
2024-12-13 22:09:58.776 [error] Error: Git error
	at ChildProcess.<anonymous> (/usr/lib/code/extensions/git/dist/main.js:2:1044348)
	at ChildProcess.emit (node:events:530:35)
	at ChildProcess.emit (node:domain:489:12)
	at ChildProcess._handle.onexit (node:internal/child_process:293:12)
	at Process.callbackTrampoline (node:internal/async_hooks:130:17)
2024-12-13 22:09:58.776 [error] Error: Git error
	at ChildProcess.<anonymous> (/usr/lib/code/extensions/git/dist/main.js:2:1044348)
	at ChildProcess.emit (node:events:530:35)
	at ChildProcess.emit (node:domain:489:12)
	at ChildProcess._handle.onexit (node:internal/child_process:293:12)
	at Process.callbackTrampoline (node:internal/async_hooks:130:17)
2024-12-13 22:09:58.776 [error] Error: Git error
	at ChildProcess.<anonymous> (/usr/lib/code/extensions/git/dist/main.js:2:1044348)
	at ChildProcess.emit (node:events:530:35)
	at ChildProcess.emit (node:domain:489:12)
	at ChildProcess._handle.onexit (node:internal/child_process:293:12)
	at Process.callbackTrampoline (node:internal/async_hooks:130:17)
2024-12-13 22:09:58.776 [error] Error: Git error
	at ChildProcess.<anonymous> (/usr/lib/code/extensions/git/dist/main.js:2:1044348)
	at ChildProcess.emit (node:events:530:35)
	at ChildProcess.emit (node:domain:489:12)
	at ChildProcess._handle.onexit (node:internal/child_process:293:12)
	at Process.callbackTrampoline (node:internal/async_hooks:130:17)
2024-12-13 22:09:58.776 [error] Error: Git error
	at ChildProcess.<anonymous> (/usr/lib/code/extensions/git/dist/main.js:2:1044348)
	at ChildProcess.emit (node:events:530:35)
	at ChildProcess.emit (node:domain:489:12)
	at ChildProcess._handle.onexit (node:internal/child_process:293:12)
	at Process.callbackTrampoline (node:internal/async_hooks:130:17)
2024-12-13 22:09:58.776 [error] Error: Git error
	at ChildProcess.<anonymous> (/usr/lib/code/extensions/git/dist/main.js:2:1044348)
	at ChildProcess.emit (node:events:530:35)
	at ChildProcess.emit (node:domain:489:12)
	at ChildProcess._handle.onexit (node:internal/child_process:293:12)
	at Process.callbackTrampoline (node:internal/async_hooks:130:17)
2024-12-13 22:09:58.776 [error] Error: Git error
	at ChildProcess.<anonymous> (/usr/lib/code/extensions/git/dist/main.js:2:1044348)
	at ChildProcess.emit (node:events:530:35)
	at ChildProcess.emit (node:domain:489:12)
	at ChildProcess._handle.onexit (node:internal/child_process:293:12)
	at Process.callbackTrampoline (node:internal/async_hooks:130:17)
2024-12-13 22:09:58.776 [error] Error: Git error
	at ChildProcess.<anonymous> (/usr/lib/code/extensions/git/dist/main.js:2:1044348)
	at ChildProcess.emit (node:events:530:35)
	at ChildProcess.emit (node:domain:489:12)
	at ChildProcess._handle.onexit (node:internal/child_process:293:12)
	at Process.callbackTrampoline (node:internal/async_hooks:130:17)
2024-12-13 22:09:58.776 [error] Error: Git error
	at ChildProcess.<anonymous> (/usr/lib/code/extensions/git/dist/main.js:2:1044348)
	at ChildProcess.emit (node:events:530:35)
	at ChildProcess.emit (node:domain:489:12)
	at ChildProcess._handle.onexit (node:internal/child_process:293:12)
	at Process.callbackTrampoline (node:internal/async_hooks:130:17)
2024-12-13 22:09:59.779 [error] Error: Git error
	at ChildProcess.<anonymous> (/usr/lib/code/extensions/git/dist/main.js:2:1044348)
	at ChildProcess.emit (node:events:530:35)
	at ChildProcess.emit (node:domain:489:12)
	at ChildProcess._handle.onexit (node:internal/child_process:293:12)
	at Process.callbackTrampoline (node:internal/async_hooks:130:17)
2024-12-13 22:09:59.780 [error] Error: Git error
	at ChildProcess.<anonymous> (/usr/lib/code/extensions/git/dist/main.js:2:1044348)
	at ChildProcess.emit (node:events:530:35)
	at ChildProcess.emit (node:domain:489:12)
	at ChildProcess._handle.onexit (node:internal/child_process:293:12)
	at Process.callbackTrampoline (node:internal/async_hooks:130:17)
2024-12-13 22:09:59.782 [error] Error: Git error
	at ChildProcess.<anonymous> (/usr/lib/code/extensions/git/dist/main.js:2:1044348)
	at ChildProcess.emit (node:events:530:35)
	at ChildProcess.emit (node:domain:489:12)
	at ChildProcess._handle.onexit (node:internal/child_process:293:12)
	at Process.callbackTrampoline (node:internal/async_hooks:130:17)
2024-12-13 22:09:59.783 [error] Error: Git error
	at ChildProcess.<anonymous> (/usr/lib/code/extensions/git/dist/main.js:2:1044348)
	at ChildProcess.emit (node:events:530:35)
	at ChildProcess.emit (node:domain:489:12)
	at ChildProcess._handle.onexit (node:internal/child_process:293:12)
	at Process.callbackTrampoline (node:internal/async_hooks:130:17)
2024-12-13 22:09:59.784 [error] Error: Git error
	at ChildProcess.<anonymous> (/usr/lib/code/extensions/git/dist/main.js:2:1044348)
	at ChildProcess.emit (node:events:530:35)
	at ChildProcess.emit (node:domain:489:12)
	at ChildProcess._handle.onexit (node:internal/child_process:293:12)
	at Process.callbackTrampoline (node:internal/async_hooks:130:17)
2024-12-13 22:09:59.785 [error] Error: Git error
	at ChildProcess.<anonymous> (/usr/lib/code/extensions/git/dist/main.js:2:1044348)
	at ChildProcess.emit (node:events:530:35)
	at ChildProcess.emit (node:domain:489:12)
	at ChildProcess._handle.onexit (node:internal/child_process:293:12)
	at Process.callbackTrampoline (node:internal/async_hooks:130:17)
2024-12-13 22:09:59.787 [error] Error: Git error
	at ChildProcess.<anonymous> (/usr/lib/code/extensions/git/dist/main.js:2:1044348)
	at ChildProcess.emit (node:events:530:35)
	at ChildProcess.emit (node:domain:489:12)
	at ChildProcess._handle.onexit (node:internal/child_process:293:12)
	at Process.callbackTrampoline (node:internal/async_hooks:130:17)
2024-12-13 22:09:59.788 [error] Error: Git error
	at ChildProcess.<anonymous> (/usr/lib/code/extensions/git/dist/main.js:2:1044348)
	at ChildProcess.emit (node:events:530:35)
	at ChildProcess.emit (node:domain:489:12)
	at ChildProcess._handle.onexit (node:internal/child_process:293:12)
	at Process.callbackTrampoline (node:internal/async_hooks:130:17)
2024-12-13 22:09:59.789 [error] Error: Git error
	at ChildProcess.<anonymous> (/usr/lib/code/extensions/git/dist/main.js:2:1044348)
	at ChildProcess.emit (node:events:530:35)
	at ChildProcess.emit (node:domain:489:12)
	at ChildProcess._handle.onexit (node:internal/child_process:293:12)
	at Process.callbackTrampoline (node:internal/async_hooks:130:17)
2024-12-13 22:09:59.791 [error] Error: Git error
	at ChildProcess.<anonymous> (/usr/lib/code/extensions/git/dist/main.js:2:1044348)
	at ChildProcess.emit (node:events:530:35)
	at ChildProcess.emit (node:domain:489:12)
	at ChildProcess._handle.onexit (node:internal/child_process:293:12)
	at Process.callbackTrampoline (node:internal/async_hooks:130:17)
2024-12-13 22:09:59.792 [error] Error: Git error
	at ChildProcess.<anonymous> (/usr/lib/code/extensions/git/dist/main.js:2:1044348)
	at ChildProcess.emit (node:events:530:35)
	at ChildProcess.emit (node:domain:489:12)
	at ChildProcess._handle.onexit (node:internal/child_process:293:12)
	at Process.callbackTrampoline (node:internal/async_hooks:130:17)
2024-12-13 22:09:59.794 [error] Error: Git error
	at ChildProcess.<anonymous> (/usr/lib/code/extensions/git/dist/main.js:2:1044348)
	at ChildProcess.emit (node:events:530:35)
	at ChildProcess.emit (node:domain:489:12)
	at ChildProcess._handle.onexit (node:internal/child_process:293:12)
	at Process.callbackTrampoline (node:internal/async_hooks:130:17)
2024-12-13 22:09:59.795 [error] Error: Git error
	at ChildProcess.<anonymous> (/usr/lib/code/extensions/git/dist/main.js:2:1044348)
	at ChildProcess.emit (node:events:530:35)
	at ChildProcess.emit (node:domain:489:12)
	at ChildProcess._handle.onexit (node:internal/child_process:293:12)
	at Process.callbackTrampoline (node:internal/async_hooks:130:17)
2024-12-13 22:09:59.796 [error] Error: Git error
	at ChildProcess.<anonymous> (/usr/lib/code/extensions/git/dist/main.js:2:1044348)
	at ChildProcess.emit (node:events:530:35)
	at ChildProcess.emit (node:domain:489:12)
	at ChildProcess._handle.onexit (node:internal/child_process:293:12)
	at Process.callbackTrampoline (node:internal/async_hooks:130:17)
2024-12-13 22:09:59.798 [error] Error: Git error
	at ChildProcess.<anonymous> (/usr/lib/code/extensions/git/dist/main.js:2:1044348)
	at ChildProcess.emit (node:events:530:35)
	at ChildProcess.emit (node:domain:489:12)
	at ChildProcess._handle.onexit (node:internal/child_process:293:12)
	at Process.callbackTrampoline (node:internal/async_hooks:130:17)
2024-12-13 22:09:59.799 [error] Error: Git error
	at ChildProcess.<anonymous> (/usr/lib/code/extensions/git/dist/main.js:2:1044348)
	at ChildProcess.emit (node:events:530:35)
	at ChildProcess.emit (node:domain:489:12)
	at ChildProcess._handle.onexit (node:internal/child_process:293:12)
	at Process.callbackTrampoline (node:internal/async_hooks:130:17)
2024-12-13 22:09:59.800 [error] Error: Git error
	at ChildProcess.<anonymous> (/usr/lib/code/extensions/git/dist/main.js:2:1044348)
	at ChildProcess.emit (node:events:530:35)
	at ChildProcess.emit (node:domain:489:12)
	at ChildProcess._handle.onexit (node:internal/child_process:293:12)
	at Process.callbackTrampoline (node:internal/async_hooks:130:17)
2024-12-13 22:09:59.802 [error] Error: Git error
	at ChildProcess.<anonymous> (/usr/lib/code/extensions/git/dist/main.js:2:1044348)
	at ChildProcess.emit (node:events:530:35)
	at ChildProcess.emit (node:domain:489:12)
	at ChildProcess._handle.onexit (node:internal/child_process:293:12)
	at Process.callbackTrampoline (node:internal/async_hooks:130:17)
2024-12-13 22:09:59.803 [error] Error: Git error
	at ChildProcess.<anonymous> (/usr/lib/code/extensions/git/dist/main.js:2:1044348)
	at ChildProcess.emit (node:events:530:35)
	at ChildProcess.emit (node:domain:489:12)
	at ChildProcess._handle.onexit (node:internal/child_process:293:12)
	at Process.callbackTrampoline (node:internal/async_hooks:130:17)
2024-12-13 22:09:59.804 [error] Error: Git error
	at ChildProcess.<anonymous> (/usr/lib/code/extensions/git/dist/main.js:2:1044348)
	at ChildProcess.emit (node:events:530:35)
	at ChildProcess.emit (node:domain:489:12)
	at ChildProcess._handle.onexit (node:internal/child_process:293:12)
	at Process.callbackTrampoline (node:internal/async_hooks:130:17)
2024-12-13 22:09:59.805 [error] Error: Git error
	at ChildProcess.<anonymous> (/usr/lib/code/extensions/git/dist/main.js:2:1044348)
	at ChildProcess.emit (node:events:530:35)
	at ChildProcess.emit (node:domain:489:12)
	at ChildProcess._handle.onexit (node:internal/child_process:293:12)
	at Process.callbackTrampoline (node:internal/async_hooks:130:17)
2024-12-13 22:10:03.324 [error] Error: Git error
	at ChildProcess.<anonymous> (/usr/lib/code/extensions/git/dist/main.js:2:1044348)
	at ChildProcess.emit (node:events:530:35)
	at ChildProcess.emit (node:domain:489:12)
	at ChildProcess._handle.onexit (node:internal/child_process:293:12)
	at Process.callbackTrampoline (node:internal/async_hooks:130:17)
2024-12-13 22:10:04.327 [error] Error: Git error
	at ChildProcess.<anonymous> (/usr/lib/code/extensions/git/dist/main.js:2:1044348)
	at ChildProcess.emit (node:events:530:35)
	at ChildProcess.emit (node:domain:489:12)
	at ChildProcess._handle.onexit (node:internal/child_process:293:12)
	at Process.callbackTrampoline (node:internal/async_hooks:130:17)
2024-12-13 22:10:22.843 [error] Error: Git error
	at ChildProcess.<anonymous> (/usr/lib/code/extensions/git/dist/main.js:2:1044348)
	at ChildProcess.emit (node:events:530:35)
	at ChildProcess.emit (node:domain:489:12)
	at ChildProcess._handle.onexit (node:internal/child_process:293:12)
	at Process.callbackTrampoline (node:internal/async_hooks:130:17)
2024-12-13 22:10:23.606 [error] Error: Git error
	at ChildProcess.<anonymous> (/usr/lib/code/extensions/git/dist/main.js:2:1044348)
	at ChildProcess.emit (node:events:530:35)
	at ChildProcess.emit (node:domain:489:12)
	at ChildProcess._handle.onexit (node:internal/child_process:293:12)
	at Process.callbackTrampoline (node:internal/async_hooks:130:17)
2024-12-13 22:10:23.606 [error] Error: Git error
	at ChildProcess.<anonymous> (/usr/lib/code/extensions/git/dist/main.js:2:1044348)
	at ChildProcess.emit (node:events:530:35)
	at ChildProcess.emit (node:domain:489:12)
	at ChildProcess._handle.onexit (node:internal/child_process:293:12)
	at Process.callbackTrampoline (node:internal/async_hooks:130:17)
2024-12-13 22:10:23.606 [error] Error: Git error
	at ChildProcess.<anonymous> (/usr/lib/code/extensions/git/dist/main.js:2:1044348)
	at ChildProcess.emit (node:events:530:35)
	at ChildProcess.emit (node:domain:489:12)
	at ChildProcess._handle.onexit (node:internal/child_process:293:12)
	at Process.callbackTrampoline (node:internal/async_hooks:130:17)
2024-12-13 22:10:23.606 [error] Error: Git error
	at ChildProcess.<anonymous> (/usr/lib/code/extensions/git/dist/main.js:2:1044348)
	at ChildProcess.emit (node:events:530:35)
	at ChildProcess.emit (node:domain:489:12)
	at ChildProcess._handle.onexit (node:internal/child_process:293:12)
	at Process.callbackTrampoline (node:internal/async_hooks:130:17)
2024-12-13 22:10:23.606 [error] Error: Git error
	at ChildProcess.<anonymous> (/usr/lib/code/extensions/git/dist/main.js:2:1044348)
	at ChildProcess.emit (node:events:530:35)
	at ChildProcess.emit (node:domain:489:12)
	at ChildProcess._handle.onexit (node:internal/child_process:293:12)
	at Process.callbackTrampoline (node:internal/async_hooks:130:17)
2024-12-13 22:10:23.606 [error] Error: Git error
	at ChildProcess.<anonymous> (/usr/lib/code/extensions/git/dist/main.js:2:1044348)
	at ChildProcess.emit (node:events:530:35)
	at ChildProcess.emit (node:domain:489:12)
	at ChildProcess._handle.onexit (node:internal/child_process:293:12)
	at Process.callbackTrampoline (node:internal/async_hooks:130:17)
2024-12-13 22:10:23.606 [error] Error: Git error
	at ChildProcess.<anonymous> (/usr/lib/code/extensions/git/dist/main.js:2:1044348)
	at ChildProcess.emit (node:events:530:35)
	at ChildProcess.emit (node:domain:489:12)
	at ChildProcess._handle.onexit (node:internal/child_process:293:12)
	at Process.callbackTrampoline (node:internal/async_hooks:130:17)
2024-12-13 22:10:23.606 [error] Error: Git error
	at ChildProcess.<anonymous> (/usr/lib/code/extensions/git/dist/main.js:2:1044348)
	at ChildProcess.emit (node:events:530:35)
	at ChildProcess.emit (node:domain:489:12)
	at ChildProcess._handle.onexit (node:internal/child_process:293:12)
	at Process.callbackTrampoline (node:internal/async_hooks:130:17)
2024-12-13 22:10:23.606 [error] Error: Git error
	at ChildProcess.<anonymous> (/usr/lib/code/extensions/git/dist/main.js:2:1044348)
	at ChildProcess.emit (node:events:530:35)
	at ChildProcess.emit (node:domain:489:12)
	at ChildProcess._handle.onexit (node:internal/child_process:293:12)
	at Process.callbackTrampoline (node:internal/async_hooks:130:17)
2024-12-13 22:10:23.606 [error] Error: Git error
	at ChildProcess.<anonymous> (/usr/lib/code/extensions/git/dist/main.js:2:1044348)
	at ChildProcess.emit (node:events:530:35)
	at ChildProcess.emit (node:domain:489:12)
	at ChildProcess._handle.onexit (node:internal/child_process:293:12)
	at Process.callbackTrampoline (node:internal/async_hooks:130:17)
2024-12-13 22:10:23.606 [error] Error: Git error
	at ChildProcess.<anonymous> (/usr/lib/code/extensions/git/dist/main.js:2:1044348)
	at ChildProcess.emit (node:events:530:35)
	at ChildProcess.emit (node:domain:489:12)
	at ChildProcess._handle.onexit (node:internal/child_process:293:12)
	at Process.callbackTrampoline (node:internal/async_hooks:130:17)
2024-12-13 22:10:23.606 [error] Error: Git error
	at ChildProcess.<anonymous> (/usr/lib/code/extensions/git/dist/main.js:2:1044348)
	at ChildProcess.emit (node:events:530:35)
	at ChildProcess.emit (node:domain:489:12)
	at ChildProcess._handle.onexit (node:internal/child_process:293:12)
	at Process.callbackTrampoline (node:internal/async_hooks:130:17)
2024-12-13 22:10:23.607 [error] Error: Git error
	at ChildProcess.<anonymous> (/usr/lib/code/extensions/git/dist/main.js:2:1044348)
	at ChildProcess.emit (node:events:530:35)
	at ChildProcess.emit (node:domain:489:12)
	at ChildProcess._handle.onexit (node:internal/child_process:293:12)
	at Process.callbackTrampoline (node:internal/async_hooks:130:17)
2024-12-13 22:10:23.607 [error] Error: Git error
	at ChildProcess.<anonymous> (/usr/lib/code/extensions/git/dist/main.js:2:1044348)
	at ChildProcess.emit (node:events:530:35)
	at ChildProcess.emit (node:domain:489:12)
	at ChildProcess._handle.onexit (node:internal/child_process:293:12)
	at Process.callbackTrampoline (node:internal/async_hooks:130:17)
2024-12-13 22:10:23.844 [error] Error: Git error
	at ChildProcess.<anonymous> (/usr/lib/code/extensions/git/dist/main.js:2:1044348)
	at ChildProcess.emit (node:events:530:35)
	at ChildProcess.emit (node:domain:489:12)
	at ChildProcess._handle.onexit (node:internal/child_process:293:12)
	at Process.callbackTrampoline (node:internal/async_hooks:130:17)
2024-12-13 22:10:24.608 [error] Error: Git error
	at ChildProcess.<anonymous> (/usr/lib/code/extensions/git/dist/main.js:2:1044348)
	at ChildProcess.emit (node:events:530:35)
	at ChildProcess.emit (node:domain:489:12)
	at ChildProcess._handle.onexit (node:internal/child_process:293:12)
	at Process.callbackTrampoline (node:internal/async_hooks:130:17)
2024-12-13 22:10:24.610 [error] Error: Git error
	at ChildProcess.<anonymous> (/usr/lib/code/extensions/git/dist/main.js:2:1044348)
	at ChildProcess.emit (node:events:530:35)
	at ChildProcess.emit (node:domain:489:12)
	at ChildProcess._handle.onexit (node:internal/child_process:293:12)
	at Process.callbackTrampoline (node:internal/async_hooks:130:17)
2024-12-13 22:10:24.611 [error] Error: Git error
	at ChildProcess.<anonymous> (/usr/lib/code/extensions/git/dist/main.js:2:1044348)
	at ChildProcess.emit (node:events:530:35)
	at ChildProcess.emit (node:domain:489:12)
	at ChildProcess._handle.onexit (node:internal/child_process:293:12)
	at Process.callbackTrampoline (node:internal/async_hooks:130:17)
2024-12-13 22:10:24.611 [error] Error: Git error
	at ChildProcess.<anonymous> (/usr/lib/code/extensions/git/dist/main.js:2:1044348)
	at ChildProcess.emit (node:events:530:35)
	at ChildProcess.emit (node:domain:489:12)
	at ChildProcess._handle.onexit (node:internal/child_process:293:12)
	at Process.callbackTrampoline (node:internal/async_hooks:130:17)
2024-12-13 22:10:24.612 [error] Error: Git error
	at ChildProcess.<anonymous> (/usr/lib/code/extensions/git/dist/main.js:2:1044348)
	at ChildProcess.emit (node:events:530:35)
	at ChildProcess.emit (node:domain:489:12)
	at ChildProcess._handle.onexit (node:internal/child_process:293:12)
	at Process.callbackTrampoline (node:internal/async_hooks:130:17)
2024-12-13 22:10:24.613 [error] Error: Git error
	at ChildProcess.<anonymous> (/usr/lib/code/extensions/git/dist/main.js:2:1044348)
	at ChildProcess.emit (node:events:530:35)
	at ChildProcess.emit (node:domain:489:12)
	at ChildProcess._handle.onexit (node:internal/child_process:293:12)
	at Process.callbackTrampoline (node:internal/async_hooks:130:17)
2024-12-13 22:10:24.614 [error] Error: Git error
	at ChildProcess.<anonymous> (/usr/lib/code/extensions/git/dist/main.js:2:1044348)
	at ChildProcess.emit (node:events:530:35)
	at ChildProcess.emit (node:domain:489:12)
	at ChildProcess._handle.onexit (node:internal/child_process:293:12)
	at Process.callbackTrampoline (node:internal/async_hooks:130:17)
2024-12-13 22:10:24.616 [error] Error: Git error
	at ChildProcess.<anonymous> (/usr/lib/code/extensions/git/dist/main.js:2:1044348)
	at ChildProcess.emit (node:events:530:35)
	at ChildProcess.emit (node:domain:489:12)
	at ChildProcess._handle.onexit (node:internal/child_process:293:12)
	at Process.callbackTrampoline (node:internal/async_hooks:130:17)
2024-12-13 22:10:24.618 [error] Error: Git error
	at ChildProcess.<anonymous> (/usr/lib/code/extensions/git/dist/main.js:2:1044348)
	at ChildProcess.emit (node:events:530:35)
	at ChildProcess.emit (node:domain:489:12)
	at ChildProcess._handle.onexit (node:internal/child_process:293:12)
	at Process.callbackTrampoline (node:internal/async_hooks:130:17)
2024-12-13 22:10:24.619 [error] Error: Git error
	at ChildProcess.<anonymous> (/usr/lib/code/extensions/git/dist/main.js:2:1044348)
	at ChildProcess.emit (node:events:530:35)
	at ChildProcess.emit (node:domain:489:12)
	at ChildProcess._handle.onexit (node:internal/child_process:293:12)
	at Process.callbackTrampoline (node:internal/async_hooks:130:17)
2024-12-13 22:10:24.620 [error] Error: Git error
	at ChildProcess.<anonymous> (/usr/lib/code/extensions/git/dist/main.js:2:1044348)
	at ChildProcess.emit (node:events:530:35)
	at ChildProcess.emit (node:domain:489:12)
	at ChildProcess._handle.onexit (node:internal/child_process:293:12)
	at Process.callbackTrampoline (node:internal/async_hooks:130:17)
2024-12-13 22:10:24.621 [error] Error: Git error
	at ChildProcess.<anonymous> (/usr/lib/code/extensions/git/dist/main.js:2:1044348)
	at ChildProcess.emit (node:events:530:35)
	at ChildProcess.emit (node:domain:489:12)
	at ChildProcess._handle.onexit (node:internal/child_process:293:12)
	at Process.callbackTrampoline (node:internal/async_hooks:130:17)
2024-12-13 22:10:24.623 [error] Error: Git error
	at ChildProcess.<anonymous> (/usr/lib/code/extensions/git/dist/main.js:2:1044348)
	at ChildProcess.emit (node:events:530:35)
	at ChildProcess.emit (node:domain:489:12)
	at ChildProcess._handle.onexit (node:internal/child_process:293:12)
	at Process.callbackTrampoline (node:internal/async_hooks:130:17)
2024-12-13 22:10:24.624 [error] Error: Git error
	at ChildProcess.<anonymous> (/usr/lib/code/extensions/git/dist/main.js:2:1044348)
	at ChildProcess.emit (node:events:530:35)
	at ChildProcess.emit (node:domain:489:12)
	at ChildProcess._handle.onexit (node:internal/child_process:293:12)
	at Process.callbackTrampoline (node:internal/async_hooks:130:17)
2024-12-13 22:10:24.840 [error] Error: Git error
	at ChildProcess.<anonymous> (/usr/lib/code/extensions/git/dist/main.js:2:1044348)
	at ChildProcess.emit (node:events:530:35)
	at ChildProcess.emit (node:domain:489:12)
	at ChildProcess._handle.onexit (node:internal/child_process:293:12)
	at Process.callbackTrampoline (node:internal/async_hooks:130:17)
2024-12-13 22:10:24.840 [error] Error: Git error
	at ChildProcess.<anonymous> (/usr/lib/code/extensions/git/dist/main.js:2:1044348)
	at ChildProcess.emit (node:events:530:35)
	at ChildProcess.emit (node:domain:489:12)
	at ChildProcess._handle.onexit (node:internal/child_process:293:12)
	at Process.callbackTrampoline (node:internal/async_hooks:130:17)
2024-12-13 22:10:24.840 [error] Error: Git error
	at ChildProcess.<anonymous> (/usr/lib/code/extensions/git/dist/main.js:2:1044348)
	at ChildProcess.emit (node:events:530:35)
	at ChildProcess.emit (node:domain:489:12)
	at ChildProcess._handle.onexit (node:internal/child_process:293:12)
	at Process.callbackTrampoline (node:internal/async_hooks:130:17)
2024-12-13 22:10:24.840 [error] Error: Git error
	at ChildProcess.<anonymous> (/usr/lib/code/extensions/git/dist/main.js:2:1044348)
	at ChildProcess.emit (node:events:530:35)
	at ChildProcess.emit (node:domain:489:12)
	at ChildProcess._handle.onexit (node:internal/child_process:293:12)
	at Process.callbackTrampoline (node:internal/async_hooks:130:17)
2024-12-13 22:10:24.840 [error] Error: Git error
	at ChildProcess.<anonymous> (/usr/lib/code/extensions/git/dist/main.js:2:1044348)
	at ChildProcess.emit (node:events:530:35)
	at ChildProcess.emit (node:domain:489:12)
	at ChildProcess._handle.onexit (node:internal/child_process:293:12)
	at Process.callbackTrampoline (node:internal/async_hooks:130:17)
2024-12-13 22:10:24.840 [error] Error: Git error
	at ChildProcess.<anonymous> (/usr/lib/code/extensions/git/dist/main.js:2:1044348)
	at ChildProcess.emit (node:events:530:35)
	at ChildProcess.emit (node:domain:489:12)
	at ChildProcess._handle.onexit (node:internal/child_process:293:12)
	at Process.callbackTrampoline (node:internal/async_hooks:130:17)
2024-12-13 22:10:25.842 [error] Error: Git error
	at ChildProcess.<anonymous> (/usr/lib/code/extensions/git/dist/main.js:2:1044348)
	at ChildProcess.emit (node:events:530:35)
	at ChildProcess.emit (node:domain:489:12)
	at ChildProcess._handle.onexit (node:internal/child_process:293:12)
	at Process.callbackTrampoline (node:internal/async_hooks:130:17)
2024-12-13 22:10:25.843 [error] Error: Git error
	at ChildProcess.<anonymous> (/usr/lib/code/extensions/git/dist/main.js:2:1044348)
	at ChildProcess.emit (node:events:530:35)
	at ChildProcess.emit (node:domain:489:12)
	at ChildProcess._handle.onexit (node:internal/child_process:293:12)
	at Process.callbackTrampoline (node:internal/async_hooks:130:17)
2024-12-13 22:10:25.845 [error] Error: Git error
	at ChildProcess.<anonymous> (/usr/lib/code/extensions/git/dist/main.js:2:1044348)
	at ChildProcess.emit (node:events:530:35)
	at ChildProcess.emit (node:domain:489:12)
	at ChildProcess._handle.onexit (node:internal/child_process:293:12)
	at Process.callbackTrampoline (node:internal/async_hooks:130:17)
2024-12-13 22:10:25.846 [error] Error: Git error
	at ChildProcess.<anonymous> (/usr/lib/code/extensions/git/dist/main.js:2:1044348)
	at ChildProcess.emit (node:events:530:35)
	at ChildProcess.emit (node:domain:489:12)
	at ChildProcess._handle.onexit (node:internal/child_process:293:12)
	at Process.callbackTrampoline (node:internal/async_hooks:130:17)
2024-12-13 22:10:25.848 [error] Error: Git error
	at ChildProcess.<anonymous> (/usr/lib/code/extensions/git/dist/main.js:2:1044348)
	at ChildProcess.emit (node:events:530:35)
	at ChildProcess.emit (node:domain:489:12)
	at ChildProcess._handle.onexit (node:internal/child_process:293:12)
	at Process.callbackTrampoline (node:internal/async_hooks:130:17)
2024-12-13 22:10:25.850 [error] Error: Git error
	at ChildProcess.<anonymous> (/usr/lib/code/extensions/git/dist/main.js:2:1044348)
	at ChildProcess.emit (node:events:530:35)
	at ChildProcess.emit (node:domain:489:12)
	at ChildProcess._handle.onexit (node:internal/child_process:293:12)
	at Process.callbackTrampoline (node:internal/async_hooks:130:17)
2024-12-13 22:10:28.857 [error] Error: Git error
	at ChildProcess.<anonymous> (/usr/lib/code/extensions/git/dist/main.js:2:1044348)
	at ChildProcess.emit (node:events:530:35)
	at ChildProcess.emit (node:domain:489:12)
	at ChildProcess._handle.onexit (node:internal/child_process:293:12)
	at Process.callbackTrampoline (node:internal/async_hooks:130:17)
2024-12-13 22:10:28.857 [error] Error: Git error
	at ChildProcess.<anonymous> (/usr/lib/code/extensions/git/dist/main.js:2:1044348)
	at ChildProcess.emit (node:events:530:35)
	at ChildProcess.emit (node:domain:489:12)
	at ChildProcess._handle.onexit (node:internal/child_process:293:12)
	at Process.callbackTrampoline (node:internal/async_hooks:130:17)
2024-12-13 22:10:28.857 [error] Error: Git error
	at ChildProcess.<anonymous> (/usr/lib/code/extensions/git/dist/main.js:2:1044348)
	at ChildProcess.emit (node:events:530:35)
	at ChildProcess.emit (node:domain:489:12)
	at ChildProcess._handle.onexit (node:internal/child_process:293:12)
	at Process.callbackTrampoline (node:internal/async_hooks:130:17)
2024-12-13 22:10:28.857 [error] Error: Git error
	at ChildProcess.<anonymous> (/usr/lib/code/extensions/git/dist/main.js:2:1044348)
	at ChildProcess.emit (node:events:530:35)
	at ChildProcess.emit (node:domain:489:12)
	at ChildProcess._handle.onexit (node:internal/child_process:293:12)
	at Process.callbackTrampoline (node:internal/async_hooks:130:17)
2024-12-13 22:10:28.857 [error] Error: Git error
	at ChildProcess.<anonymous> (/usr/lib/code/extensions/git/dist/main.js:2:1044348)
	at ChildProcess.emit (node:events:530:35)
	at ChildProcess.emit (node:domain:489:12)
	at ChildProcess._handle.onexit (node:internal/child_process:293:12)
	at Process.callbackTrampoline (node:internal/async_hooks:130:17)
2024-12-13 22:10:28.857 [error] Error: Git error
	at ChildProcess.<anonymous> (/usr/lib/code/extensions/git/dist/main.js:2:1044348)
	at ChildProcess.emit (node:events:530:35)
	at ChildProcess.emit (node:domain:489:12)
	at ChildProcess._handle.onexit (node:internal/child_process:293:12)
	at Process.callbackTrampoline (node:internal/async_hooks:130:17)
2024-12-13 22:10:28.858 [error] Error: Git error
	at ChildProcess.<anonymous> (/usr/lib/code/extensions/git/dist/main.js:2:1044348)
	at ChildProcess.emit (node:events:530:35)
	at ChildProcess.emit (node:domain:489:12)
	at ChildProcess._handle.onexit (node:internal/child_process:293:12)
	at Process.callbackTrampoline (node:internal/async_hooks:130:17)
2024-12-13 22:10:28.858 [error] Error: Git error
	at ChildProcess.<anonymous> (/usr/lib/code/extensions/git/dist/main.js:2:1044348)
	at ChildProcess.emit (node:events:530:35)
	at ChildProcess.emit (node:domain:489:12)
	at ChildProcess._handle.onexit (node:internal/child_process:293:12)
	at Process.callbackTrampoline (node:internal/async_hooks:130:17)
2024-12-13 22:10:28.858 [error] Error: Git error
	at ChildProcess.<anonymous> (/usr/lib/code/extensions/git/dist/main.js:2:1044348)
	at ChildProcess.emit (node:events:530:35)
	at ChildProcess.emit (node:domain:489:12)
	at ChildProcess._handle.onexit (node:internal/child_process:293:12)
	at Process.callbackTrampoline (node:internal/async_hooks:130:17)
2024-12-13 22:10:28.858 [error] Error: Git error
	at ChildProcess.<anonymous> (/usr/lib/code/extensions/git/dist/main.js:2:1044348)
	at ChildProcess.emit (node:events:530:35)
	at ChildProcess.emit (node:domain:489:12)
	at ChildProcess._handle.onexit (node:internal/child_process:293:12)
	at Process.callbackTrampoline (node:internal/async_hooks:130:17)
2024-12-13 22:10:29.859 [error] Error: Git error
	at ChildProcess.<anonymous> (/usr/lib/code/extensions/git/dist/main.js:2:1044348)
	at ChildProcess.emit (node:events:530:35)
	at ChildProcess.emit (node:domain:489:12)
	at ChildProcess._handle.onexit (node:internal/child_process:293:12)
	at Process.callbackTrampoline (node:internal/async_hooks:130:17)
2024-12-13 22:10:29.863 [error] Error: Git error
	at ChildProcess.<anonymous> (/usr/lib/code/extensions/git/dist/main.js:2:1044348)
	at ChildProcess.emit (node:events:530:35)
	at ChildProcess.emit (node:domain:489:12)
	at ChildProcess._handle.onexit (node:internal/child_process:293:12)
	at Process.callbackTrampoline (node:internal/async_hooks:130:17)
2024-12-13 22:10:29.866 [error] Error: Git error
	at ChildProcess.<anonymous> (/usr/lib/code/extensions/git/dist/main.js:2:1044348)
	at ChildProcess.emit (node:events:530:35)
	at ChildProcess.emit (node:domain:489:12)
	at ChildProcess._handle.onexit (node:internal/child_process:293:12)
	at Process.callbackTrampoline (node:internal/async_hooks:130:17)
2024-12-13 22:10:29.867 [error] Error: Git error
	at ChildProcess.<anonymous> (/usr/lib/code/extensions/git/dist/main.js:2:1044348)
	at ChildProcess.emit (node:events:530:35)
	at ChildProcess.emit (node:domain:489:12)
	at ChildProcess._handle.onexit (node:internal/child_process:293:12)
	at Process.callbackTrampoline (node:internal/async_hooks:130:17)
2024-12-13 22:10:29.870 [error] Error: Git error
	at ChildProcess.<anonymous> (/usr/lib/code/extensions/git/dist/main.js:2:1044348)
	at ChildProcess.emit (node:events:530:35)
	at ChildProcess.emit (node:domain:489:12)
	at ChildProcess._handle.onexit (node:internal/child_process:293:12)
	at Process.callbackTrampoline (node:internal/async_hooks:130:17)
2024-12-13 22:10:29.871 [error] Error: Git error
	at ChildProcess.<anonymous> (/usr/lib/code/extensions/git/dist/main.js:2:1044348)
	at ChildProcess.emit (node:events:530:35)
	at ChildProcess.emit (node:domain:489:12)
	at ChildProcess._handle.onexit (node:internal/child_process:293:12)
	at Process.callbackTrampoline (node:internal/async_hooks:130:17)
2024-12-13 22:10:29.873 [error] Error: Git error
	at ChildProcess.<anonymous> (/usr/lib/code/extensions/git/dist/main.js:2:1044348)
	at ChildProcess.emit (node:events:530:35)
	at ChildProcess.emit (node:domain:489:12)
	at ChildProcess._handle.onexit (node:internal/child_process:293:12)
	at Process.callbackTrampoline (node:internal/async_hooks:130:17)
2024-12-13 22:10:29.874 [error] Error: Git error
	at ChildProcess.<anonymous> (/usr/lib/code/extensions/git/dist/main.js:2:1044348)
	at ChildProcess.emit (node:events:530:35)
	at ChildProcess.emit (node:domain:489:12)
	at ChildProcess._handle.onexit (node:internal/child_process:293:12)
	at Process.callbackTrampoline (node:internal/async_hooks:130:17)
2024-12-13 22:10:29.877 [error] Error: Git error
	at ChildProcess.<anonymous> (/usr/lib/code/extensions/git/dist/main.js:2:1044348)
	at ChildProcess.emit (node:events:530:35)
	at ChildProcess.emit (node:domain:489:12)
	at ChildProcess._handle.onexit (node:internal/child_process:293:12)
	at Process.callbackTrampoline (node:internal/async_hooks:130:17)
2024-12-13 22:10:29.880 [error] Error: Git error
	at ChildProcess.<anonymous> (/usr/lib/code/extensions/git/dist/main.js:2:1044348)
	at ChildProcess.emit (node:events:530:35)
	at ChildProcess.emit (node:domain:489:12)
	at ChildProcess._handle.onexit (node:internal/child_process:293:12)
	at Process.callbackTrampoline (node:internal/async_hooks:130:17)
2024-12-13 22:10:30.218 [error] Error: Git error
	at ChildProcess.<anonymous> (/usr/lib/code/extensions/git/dist/main.js:2:1044348)
	at ChildProcess.emit (node:events:530:35)
	at ChildProcess.emit (node:domain:489:12)
	at ChildProcess._handle.onexit (node:internal/child_process:293:12)
	at Process.callbackTrampoline (node:internal/async_hooks:130:17)
2024-12-13 22:10:30.218 [error] Error: Git error
	at ChildProcess.<anonymous> (/usr/lib/code/extensions/git/dist/main.js:2:1044348)
	at ChildProcess.emit (node:events:530:35)
	at ChildProcess.emit (node:domain:489:12)
	at ChildProcess._handle.onexit (node:internal/child_process:293:12)
	at Process.callbackTrampoline (node:internal/async_hooks:130:17)
2024-12-13 22:10:30.218 [error] Error: Git error
	at ChildProcess.<anonymous> (/usr/lib/code/extensions/git/dist/main.js:2:1044348)
	at ChildProcess.emit (node:events:530:35)
	at ChildProcess.emit (node:domain:489:12)
	at ChildProcess._handle.onexit (node:internal/child_process:293:12)
	at Process.callbackTrampoline (node:internal/async_hooks:130:17)
2024-12-13 22:10:30.218 [error] Error: Git error
	at ChildProcess.<anonymous> (/usr/lib/code/extensions/git/dist/main.js:2:1044348)
	at ChildProcess.emit (node:events:530:35)
	at ChildProcess.emit (node:domain:489:12)
	at ChildProcess._handle.onexit (node:internal/child_process:293:12)
	at Process.callbackTrampoline (node:internal/async_hooks:130:17)
2024-12-13 22:10:30.218 [error] Error: Git error
	at ChildProcess.<anonymous> (/usr/lib/code/extensions/git/dist/main.js:2:1044348)
	at ChildProcess.emit (node:events:530:35)
	at ChildProcess.emit (node:domain:489:12)
	at ChildProcess._handle.onexit (node:internal/child_process:293:12)
	at Process.callbackTrampoline (node:internal/async_hooks:130:17)
2024-12-13 22:10:30.218 [error] Error: Git error
	at ChildProcess.<anonymous> (/usr/lib/code/extensions/git/dist/main.js:2:1044348)
	at ChildProcess.emit (node:events:530:35)
	at ChildProcess.emit (node:domain:489:12)
	at ChildProcess._handle.onexit (node:internal/child_process:293:12)
	at Process.callbackTrampoline (node:internal/async_hooks:130:17)
2024-12-13 22:10:30.218 [error] Error: Git error
	at ChildProcess.<anonymous> (/usr/lib/code/extensions/git/dist/main.js:2:1044348)
	at ChildProcess.emit (node:events:530:35)
	at ChildProcess.emit (node:domain:489:12)
	at ChildProcess._handle.onexit (node:internal/child_process:293:12)
	at Process.callbackTrampoline (node:internal/async_hooks:130:17)
2024-12-13 22:10:30.218 [error] Error: Git error
	at ChildProcess.<anonymous> (/usr/lib/code/extensions/git/dist/main.js:2:1044348)
	at ChildProcess.emit (node:events:530:35)
	at ChildProcess.emit (node:domain:489:12)
	at ChildProcess._handle.onexit (node:internal/child_process:293:12)
	at Process.callbackTrampoline (node:internal/async_hooks:130:17)
2024-12-13 22:10:30.218 [error] Error: Git error
	at ChildProcess.<anonymous> (/usr/lib/code/extensions/git/dist/main.js:2:1044348)
	at ChildProcess.emit (node:events:530:35)
	at ChildProcess.emit (node:domain:489:12)
	at ChildProcess._handle.onexit (node:internal/child_process:293:12)
	at Process.callbackTrampoline (node:internal/async_hooks:130:17)
2024-12-13 22:10:30.218 [error] Error: Git error
	at ChildProcess.<anonymous> (/usr/lib/code/extensions/git/dist/main.js:2:1044348)
	at ChildProcess.emit (node:events:530:35)
	at ChildProcess.emit (node:domain:489:12)
	at ChildProcess._handle.onexit (node:internal/child_process:293:12)
	at Process.callbackTrampoline (node:internal/async_hooks:130:17)
2024-12-13 22:10:30.218 [error] Error: Git error
	at ChildProcess.<anonymous> (/usr/lib/code/extensions/git/dist/main.js:2:1044348)
	at ChildProcess.emit (node:events:530:35)
	at ChildProcess.emit (node:domain:489:12)
	at ChildProcess._handle.onexit (node:internal/child_process:293:12)
	at Process.callbackTrampoline (node:internal/async_hooks:130:17)
2024-12-13 22:10:31.220 [error] Error: Git error
	at ChildProcess.<anonymous> (/usr/lib/code/extensions/git/dist/main.js:2:1044348)
	at ChildProcess.emit (node:events:530:35)
	at ChildProcess.emit (node:domain:489:12)
	at ChildProcess._handle.onexit (node:internal/child_process:293:12)
	at Process.callbackTrampoline (node:internal/async_hooks:130:17)
2024-12-13 22:10:31.221 [error] Error: Git error
	at ChildProcess.<anonymous> (/usr/lib/code/extensions/git/dist/main.js:2:1044348)
	at ChildProcess.emit (node:events:530:35)
	at ChildProcess.emit (node:domain:489:12)
	at ChildProcess._handle.onexit (node:internal/child_process:293:12)
	at Process.callbackTrampoline (node:internal/async_hooks:130:17)
2024-12-13 22:10:31.222 [error] Error: Git error
	at ChildProcess.<anonymous> (/usr/lib/code/extensions/git/dist/main.js:2:1044348)
	at ChildProcess.emit (node:events:530:35)
	at ChildProcess.emit (node:domain:489:12)
	at ChildProcess._handle.onexit (node:internal/child_process:293:12)
	at Process.callbackTrampoline (node:internal/async_hooks:130:17)
2024-12-13 22:10:31.224 [error] Error: Git error
	at ChildProcess.<anonymous> (/usr/lib/code/extensions/git/dist/main.js:2:1044348)
	at ChildProcess.emit (node:events:530:35)
	at ChildProcess.emit (node:domain:489:12)
	at ChildProcess._handle.onexit (node:internal/child_process:293:12)
	at Process.callbackTrampoline (node:internal/async_hooks:130:17)
2024-12-13 22:10:31.225 [error] Error: Git error
	at ChildProcess.<anonymous> (/usr/lib/code/extensions/git/dist/main.js:2:1044348)
	at ChildProcess.emit (node:events:530:35)
	at ChildProcess.emit (node:domain:489:12)
	at ChildProcess._handle.onexit (node:internal/child_process:293:12)
	at Process.callbackTrampoline (node:internal/async_hooks:130:17)
2024-12-13 22:10:31.228 [error] Error: Git error
	at ChildProcess.<anonymous> (/usr/lib/code/extensions/git/dist/main.js:2:1044348)
	at ChildProcess.emit (node:events:530:35)
	at ChildProcess.emit (node:domain:489:12)
	at ChildProcess._handle.onexit (node:internal/child_process:293:12)
	at Process.callbackTrampoline (node:internal/async_hooks:130:17)
2024-12-13 22:10:31.230 [error] Error: Git error
	at ChildProcess.<anonymous> (/usr/lib/code/extensions/git/dist/main.js:2:1044348)
	at ChildProcess.emit (node:events:530:35)
	at ChildProcess.emit (node:domain:489:12)
	at ChildProcess._handle.onexit (node:internal/child_process:293:12)
	at Process.callbackTrampoline (node:internal/async_hooks:130:17)
2024-12-13 22:10:31.233 [error] Error: Git error
	at ChildProcess.<anonymous> (/usr/lib/code/extensions/git/dist/main.js:2:1044348)
	at ChildProcess.emit (node:events:530:35)
	at ChildProcess.emit (node:domain:489:12)
	at ChildProcess._handle.onexit (node:internal/child_process:293:12)
	at Process.callbackTrampoline (node:internal/async_hooks:130:17)
2024-12-13 22:10:31.234 [error] Error: Git error
	at ChildProcess.<anonymous> (/usr/lib/code/extensions/git/dist/main.js:2:1044348)
	at ChildProcess.emit (node:events:530:35)
	at ChildProcess.emit (node:domain:489:12)
	at ChildProcess._handle.onexit (node:internal/child_process:293:12)
	at Process.callbackTrampoline (node:internal/async_hooks:130:17)
2024-12-13 22:10:31.236 [error] Error: Git error
	at ChildProcess.<anonymous> (/usr/lib/code/extensions/git/dist/main.js:2:1044348)
	at ChildProcess.emit (node:events:530:35)
	at ChildProcess.emit (node:domain:489:12)
	at ChildProcess._handle.onexit (node:internal/child_process:293:12)
	at Process.callbackTrampoline (node:internal/async_hooks:130:17)
2024-12-13 22:10:31.239 [error] Error: Git error
	at ChildProcess.<anonymous> (/usr/lib/code/extensions/git/dist/main.js:2:1044348)
	at ChildProcess.emit (node:events:530:35)
	at ChildProcess.emit (node:domain:489:12)
	at ChildProcess._handle.onexit (node:internal/child_process:293:12)
	at Process.callbackTrampoline (node:internal/async_hooks:130:17)
2024-12-13 22:11:12.317 [warning] vscode.json-language-features - Code actions of kind 'quickfix' requested but returned code action is of kind 'source.sort.json'. Code action will be dropped. Please check 'CodeActionContext.only' to only return requested code actions.
2024-12-13 22:11:17.379 [warning] vscode.json-language-features - Code actions of kind 'quickfix' requested but returned code action is of kind 'source.sort.json'. Code action will be dropped. Please check 'CodeActionContext.only' to only return requested code actions.
2024-12-13 22:18:30.728 [error] Error: Model is disposed!
    at Ew.jb (vscode-file://vscode-app/usr/lib/code/out/vs/workbench/workbench.desktop.main.js:250:257)
    at Ew.getLineCount (vscode-file://vscode-app/usr/lib/code/out/vs/workbench/workbench.desktop.main.js:252:4115)
    at vscode-file://vscode-app/usr/lib/code/out/vs/workbench/workbench.desktop.main.js:424:41506
    at async Promise.all (index 0)
    at async vscode-file://vscode-app/usr/lib/code/out/vs/workbench/workbench.desktop.main.js:433:7155 vscode.executeFoldingRangeProvider undefined
2024-12-13 22:18:30.728 [error] [sourcegraph.cody-ai] provider FAILED
2024-12-13 22:18:30.728 [error] Error: Model is disposed!
    at Ew.jb (vscode-file://vscode-app/usr/lib/code/out/vs/workbench/workbench.desktop.main.js:250:257)
    at Ew.getLineCount (vscode-file://vscode-app/usr/lib/code/out/vs/workbench/workbench.desktop.main.js:252:4115)
    at vscode-file://vscode-app/usr/lib/code/out/vs/workbench/workbench.desktop.main.js:424:41506
    at async Promise.all (index 0)
    at async vscode-file://vscode-app/usr/lib/code/out/vs/workbench/workbench.desktop.main.js:433:7155
2024-12-13 22:20:29.757 [info] Extension host terminating: renderer closed the MessagePort
2024-12-13 22:20:29.924 [error] TypeError: Cannot read properties of undefined (reading 'dispose')
	at _d (/home/zaryu/.vscode-oss/extensions/jnoortheen.nix-ide-0.3.5-universal/dist/extension.js:44:45688)
	at Object.Fw (/home/zaryu/.vscode-oss/extensions/jnoortheen.nix-ide-0.3.5-universal/dist/extension.js:44:46543)
	at z_.eb (file:///usr/lib/code/out/vs/workbench/api/node/extensionHostProcess.js:118:11724)
	at file:///usr/lib/code/out/vs/workbench/api/node/extensionHostProcess.js:118:9874
	at Array.map (<anonymous>)
	at z_.$ (file:///usr/lib/code/out/vs/workbench/api/node/extensionHostProcess.js:118:9862)
	at z_.terminate (file:///usr/lib/code/out/vs/workbench/api/node/extensionHostProcess.js:118:10105)
	at EC.terminate (file:///usr/lib/code/out/vs/workbench/api/node/extensionHostProcess.js:119:1424)
	at Zi (file:///usr/lib/code/out/vs/workbench/api/node/extensionHostProcess.js:174:15063)
	at MessagePortMain.<anonymous> (file:///usr/lib/code/out/vs/workbench/api/node/extensionHostProcess.js:174:11611)
	at MessagePortMain.emit (node:events:518:28)
	at MessagePortMain.emit (node:domain:489:12)
	at MessagePortMain._internalPort.emit (node:electron/js2c/utility_init:2:2949)
	at Object.topLevelDomainCallback (node:domain:161:15)
	at Object.callbackTrampoline (node:internal/async_hooks:128:24)
2024-12-13 22:20:29.951 [info] Extension host with pid 7305 exiting with code 0
