2024-12-04 19:43:39.055 [info] Added views:outline in workbench.view.explorer
2024-12-04 19:43:39.055 [info] Added views:workbench.view.search in workbench.view.search
2024-12-04 19:43:39.055 [info] Added views:workbench.scm in workbench.view.scm
2024-12-04 19:43:39.055 [info] Added views:workbench.panel.markers.view in workbench.panel.markers
2024-12-04 19:43:39.055 [info] Added views:workbench.panel.output in workbench.panel.output
2024-12-04 19:43:39.055 [info] Added views:terminal in terminal
2024-12-04 19:43:39.055 [info] Added views:timeline in workbench.view.explorer
2024-12-04 19:43:39.055 [info] Added views:workbench.explorer.fileView in workbench.view.explorer
2024-12-04 19:43:40.249 [info] Added views:workbench.debug.welcome in workbench.view.debug
2024-12-04 19:43:43.568 [info] Added views:cody.chat in workbench.view.extension.cody
2024-12-04 19:43:44.514 [info] Added views:workbench.panel.repl.view in workbench.panel.repl
2024-12-04 19:43:46.768 [info] Added views:~remote.forwardedPorts in ~remote.forwardedPortsContainer
2024-12-04 19:43:52.188 [info] Added views:workbench.scm.repositories,workbench.scm.history in workbench.view.scm
2024-12-04 19:44:31.058 [info] Removed views:workbench.scm.history,workbench.scm.repositories from workbench.view.scm
2024-12-04 19:44:33.777 [info] Removed views:workbench.panel.repl.view from workbench.panel.repl
2024-12-04 19:44:36.309 [info] Added views:workbench.panel.repl.view in workbench.panel.repl
2024-12-04 19:44:54.538 [info] Added views:workbench.scm.repositories,workbench.scm.history in workbench.view.scm
2024-12-04 19:48:22.483 [info] Removed views:workbench.scm.history,workbench.scm.repositories from workbench.view.scm
2024-12-04 19:48:24.008 [info] Removed views:workbench.panel.repl.view from workbench.panel.repl
2024-12-04 19:48:25.596 [info] Added views:workbench.panel.repl.view in workbench.panel.repl
2024-12-04 19:48:28.430 [info] Removed views:workbench.explorer.fileView from workbench.view.explorer
2024-12-04 19:48:28.499 [info] Added views:workbench.explorer.emptyView in workbench.view.explorer
2024-12-04 19:48:29.276 [info] Removed views:workbench.panel.repl.view from workbench.panel.repl
2024-12-04 19:48:31.086 [info] Added views:workbench.panel.repl.view in workbench.panel.repl
