2024-12-04 16:15:26.679 [info] [main] Log level: Info
2024-12-04 16:15:26.680 [info] [main] Validating found git in: "git"
2024-12-04 16:15:26.680 [info] [main] Using git "2.47.1" from "git"
2024-12-04 16:15:26.680 [info] [Model][doInitialScan] Initial repository scan started
2024-12-04 16:15:26.680 [info] > git rev-parse --show-toplevel [37ms]
2024-12-04 16:15:26.680 [info] > git rev-parse --git-dir --git-common-dir [2711ms]
2024-12-04 16:15:26.680 [info] [Model][openRepository] Opened repository: /home/zaryu/GitHub/hyprdots
2024-12-04 16:15:26.688 [info] > git rev-parse --show-toplevel [51ms]
2024-12-04 16:15:26.691 [info] > git config --get commit.template [67ms]
2024-12-04 16:15:27.210 [info] > git rev-parse --show-toplevel [168ms]
2024-12-04 16:15:27.256 [info] > git for-each-ref --format=%(refname)%00%(upstream:short)%00%(objectname)%00%(upstream:track)%00%(upstream:remotename)%00%(upstream:remoteref) refs/heads/main refs/remotes/main [53ms]
2024-12-04 16:15:27.578 [warning] [Git][revParse] Unable to read file: ENOENT: no such file or directory, open '/home/zaryu/GitHub/hyprdots/.git/refs/remotes/origin/main'
2024-12-04 16:15:27.581 [info] > git check-ignore -v -z --stdin [355ms]
2024-12-04 16:15:27.585 [info] > git rev-parse --show-toplevel [332ms]
2024-12-04 16:15:27.604 [info] > git rev-parse refs/remotes/origin/main [26ms]
2024-12-04 16:15:27.655 [info] > git rev-parse --show-toplevel [54ms]
2024-12-04 16:15:27.657 [info] [Model][doInitialScan] Initial repository scan completed - repositories (1), closed repositories (0), parent repositories (0), unsafe repositories (0)
2024-12-04 16:15:27.670 [info] > git for-each-ref --sort -committerdate --format %(refname) %(objectname) %(*objectname) [25ms]
2024-12-04 16:15:27.746 [info] > git status -z -uall [124ms]
2024-12-04 16:15:27.817 [info] > git for-each-ref --format=%(refname)%00%(upstream:short)%00%(objectname)%00%(upstream:track)%00%(upstream:remotename)%00%(upstream:remoteref) refs/heads/main refs/remotes/main [32ms]
2024-12-04 16:15:27.838 [info] > git config --get commit.template [28ms]
2024-12-04 16:15:27.843 [info] > git config --local branch.main.vscode-merge-base [8ms]
2024-12-04 16:15:27.843 [warning] [Git][config] git config failed: Failed to execute git
2024-12-04 16:15:28.042 [info] > git reflog main --grep-reflog=branch: Created from *. [183ms]
2024-12-04 16:15:28.140 [info] > git symbolic-ref --short refs/remotes/origin/HEAD [69ms]
2024-12-04 16:15:28.164 [info] > git for-each-ref --format=%(refname)%00%(upstream:short)%00%(objectname)%00%(upstream:track)%00%(upstream:remotename)%00%(upstream:remoteref) refs/heads/main refs/remotes/main [140ms]
2024-12-04 16:15:28.181 [warning] [Git][revParse] Unable to read file: ENOENT: no such file or directory, open '/home/zaryu/GitHub/hyprdots/.git/refs/remotes/origin/main'
2024-12-04 16:15:28.195 [info] > git for-each-ref --format=%(refname)%00%(upstream:short)%00%(objectname)%00%(upstream:track)%00%(upstream:remotename)%00%(upstream:remoteref) refs/heads/origin/main refs/remotes/origin/main [32ms]
2024-12-04 16:15:28.225 [info] > git config --local branch.main.vscode-merge-base origin/main [13ms]
2024-12-04 16:15:28.227 [info] > git rev-parse refs/remotes/origin/main [46ms]
2024-12-04 16:15:28.266 [info] > git for-each-ref --format=%(refname)%00%(upstream:short)%00%(objectname)%00%(upstream:track)%00%(upstream:remotename)%00%(upstream:remoteref) refs/heads/main refs/remotes/main [22ms]
2024-12-04 16:15:28.293 [info] > git config --local branch.main.vscode-merge-base [8ms]
2024-12-04 16:15:28.315 [info] > git config --get commit.template [51ms]
2024-12-04 16:15:28.368 [info] > git for-each-ref --format=%(refname)%00%(upstream:short)%00%(objectname)%00%(upstream:track)%00%(upstream:remotename)%00%(upstream:remoteref) refs/heads/origin/main refs/remotes/origin/main [54ms]
2024-12-04 16:15:28.437 [info] > git merge-base refs/heads/main refs/remotes/origin/main [50ms]
2024-12-04 16:15:28.488 [info] > git for-each-ref --format=%(refname)%00%(upstream:short)%00%(objectname)%00%(upstream:track)%00%(upstream:remotename)%00%(upstream:remoteref) refs/heads/main refs/remotes/main [53ms]
2024-12-04 16:15:28.538 [warning] [Git][revParse] Unable to read file: ENOENT: no such file or directory, open '/home/zaryu/GitHub/hyprdots/.git/refs/remotes/origin/main'
2024-12-04 16:15:28.548 [info] > git diff --name-status -z --diff-filter=ADMR 09bdb7036b4d386d0648d6c6272e9cba17c26043...refs/remotes/origin/main [94ms]
2024-12-04 16:15:28.554 [info] > git rev-parse refs/remotes/origin/main [16ms]
2024-12-04 16:15:28.591 [info] > git for-each-ref --sort -committerdate --format %(refname) %(objectname) %(*objectname) [7ms]
2024-12-04 16:15:28.697 [info] > git status -z -uall [128ms]
2024-12-04 16:18:10.264 [info] > git config --get commit.template [4ms]
2024-12-04 16:18:10.287 [info] > git for-each-ref --format=%(refname)%00%(upstream:short)%00%(objectname)%00%(upstream:track)%00%(upstream:remotename)%00%(upstream:remoteref) refs/heads/main refs/remotes/main [5ms]
2024-12-04 16:18:10.304 [warning] [Git][revParse] Unable to read file: ENOENT: no such file or directory, open '/home/zaryu/GitHub/hyprdots/.git/refs/remotes/origin/main'
2024-12-04 16:18:10.307 [info] > git rev-parse refs/remotes/origin/main [4ms]
2024-12-04 16:18:10.346 [info] > git status -z -uall [23ms]
2024-12-04 16:18:10.350 [info] > git for-each-ref --sort -committerdate --format %(refname) %(objectname) %(*objectname) [7ms]
2024-12-04 16:19:33.223 [info] > git check-ignore -v -z --stdin [3ms]
2024-12-04 16:19:35.388 [info] > git check-ignore -v -z --stdin [4ms]
2024-12-04 16:19:36.891 [info] > git check-ignore -v -z --stdin [5ms]
2024-12-04 16:19:42.893 [info] > git show --textconv :Scripts/global_fn.sh [29ms]
2024-12-04 16:19:42.899 [info] > git ls-files --stage -- /home/zaryu/GitHub/hyprdots/Scripts/global_fn.sh [10ms]
2024-12-04 16:19:42.934 [info] > git cat-file -s 199136ed01312ec97138db4b55f4d0556c4a1ac0 [10ms]
2024-12-04 16:19:43.741 [info] > git show --textconv :Scripts/install_pkg.sh [38ms]
2024-12-04 16:19:43.745 [info] > git ls-files --stage -- /home/zaryu/GitHub/hyprdots/Scripts/install_pkg.sh [6ms]
2024-12-04 16:19:43.766 [info] > git cat-file -s fd83c7d18c30d9e304777809ce06edead0a82458 [4ms]
2024-12-04 16:19:51.457 [info] > git show --textconv :Scripts/install_aur.sh [21ms]
2024-12-04 16:19:51.463 [info] > git ls-files --stage -- /home/zaryu/GitHub/hyprdots/Scripts/install_aur.sh [7ms]
2024-12-04 16:19:51.483 [info] > git cat-file -s 723ef4a91fbb1b70321eb71e50c42c067b0b5c3e [3ms]
2024-12-04 16:19:58.381 [info] > git show --textconv :Scripts/install_pkg.sh [23ms]
2024-12-04 16:19:58.392 [info] > git ls-files --stage -- /home/zaryu/GitHub/hyprdots/Scripts/install_pkg.sh [14ms]
2024-12-04 16:19:58.412 [info] > git cat-file -s fd83c7d18c30d9e304777809ce06edead0a82458 [3ms]
2024-12-04 16:20:04.906 [info] > git show --textconv :Scripts/install_pre.sh [55ms]
2024-12-04 16:20:04.915 [info] > git ls-files --stage -- /home/zaryu/GitHub/hyprdots/Scripts/install_pre.sh [18ms]
2024-12-04 16:20:04.941 [info] > git cat-file -s 76af3e37fe3e71d6df876745fd83ec7d87575be8 [4ms]
2024-12-04 16:20:16.752 [info] > git show --textconv :Scripts/install_pst.sh [34ms]
2024-12-04 16:20:16.758 [info] > git ls-files --stage -- /home/zaryu/GitHub/hyprdots/Scripts/install_pst.sh [13ms]
2024-12-04 16:20:16.783 [info] > git cat-file -s 1eacea8189fdc217bd4f69bf84d390afbb363b41 [8ms]
2024-12-04 16:20:35.457 [info] > git show --textconv :Scripts/install.sh [27ms]
2024-12-04 16:20:35.458 [info] > git ls-files --stage -- /home/zaryu/GitHub/hyprdots/Scripts/install.sh [6ms]
2024-12-04 16:20:35.480 [info] > git cat-file -s 6c8195495c2265e5727c184c3c9f8a8327691a9f [4ms]
2024-12-04 16:21:04.671 [info] > git show --textconv :Scripts/custom_apps.lst [21ms]
2024-12-04 16:21:04.681 [info] > git ls-files --stage -- /home/zaryu/GitHub/hyprdots/Scripts/custom_apps.lst [12ms]
2024-12-04 16:21:04.701 [info] > git cat-file -s 00fad79e7d4b921721bc5689ec1e25a656de4b21 [4ms]
2024-12-04 16:21:08.988 [info] > git show --textconv :Scripts/system_ctl.lst [24ms]
2024-12-04 16:21:08.999 [info] > git ls-files --stage -- /home/zaryu/GitHub/hyprdots/Scripts/system_ctl.lst [15ms]
2024-12-04 16:21:09.023 [info] > git cat-file -s 3e3671ace5f800fabac3fdf1b84e0ee213118713 [7ms]
2024-12-04 16:21:10.939 [info] > git show --textconv :Scripts/restore_zsh.lst [20ms]
2024-12-04 16:21:10.950 [info] > git ls-files --stage -- /home/zaryu/GitHub/hyprdots/Scripts/restore_zsh.lst [13ms]
2024-12-04 16:21:10.974 [info] > git cat-file -s d564320a57018f955831867f5f596236fdeb0568 [5ms]
2024-12-04 16:21:16.215 [info] > git show --textconv :Scripts/themepatcher.lst [1ms]
2024-12-04 16:21:16.245 [info] > git ls-files --stage -- /home/zaryu/GitHub/hyprdots/Scripts/themepatcher.lst [9ms]
2024-12-04 16:21:16.268 [info] > git cat-file -s b3639b47b9c21b1b79eb8d10733cf4c01cef3953 [5ms]
2024-12-04 16:21:21.284 [info] > git check-ignore -v -z --stdin [4ms]
2024-12-04 16:21:26.831 [info] > git show --textconv :Scripts/custom_apps.lst [28ms]
2024-12-04 16:21:26.832 [info] > git ls-files --stage -- /home/zaryu/GitHub/hyprdots/Scripts/custom_apps.lst [10ms]
2024-12-04 16:21:26.854 [info] > git cat-file -s 00fad79e7d4b921721bc5689ec1e25a656de4b21 [6ms]
2024-12-04 16:21:28.128 [info] > git show --textconv :Scripts/custom_hypr.lst [21ms]
2024-12-04 16:21:28.143 [info] > git ls-files --stage -- /home/zaryu/GitHub/hyprdots/Scripts/custom_hypr.lst [18ms]
2024-12-04 16:21:28.167 [info] > git cat-file -s 869682caf9324064715cb5c53d8f0d1e2135b994 [4ms]
2024-12-04 16:23:01.316 [info] > git config --get commit.template [4ms]
2024-12-04 16:23:01.338 [info] > git for-each-ref --format=%(refname)%00%(upstream:short)%00%(objectname)%00%(upstream:track)%00%(upstream:remotename)%00%(upstream:remoteref) refs/heads/main refs/remotes/main [4ms]
2024-12-04 16:23:01.356 [warning] [Git][revParse] Unable to read file: ENOENT: no such file or directory, open '/home/zaryu/GitHub/hyprdots/.git/refs/remotes/origin/main'
2024-12-04 16:23:01.359 [info] > git rev-parse refs/remotes/origin/main [3ms]
2024-12-04 16:23:01.399 [info] > git status -z -uall [22ms]
2024-12-04 16:23:01.403 [info] > git for-each-ref --sort -committerdate --format %(refname) %(objectname) %(*objectname) [7ms]
2024-12-04 16:23:04.875 [info] > git show --textconv :Scripts/restore_cfg.lst [24ms]
2024-12-04 16:23:04.886 [info] > git ls-files --stage -- /home/zaryu/GitHub/hyprdots/Scripts/restore_cfg.lst [13ms]
2024-12-04 16:23:04.908 [info] > git cat-file -s ab4fd24938e819be3611f236dc3527622a6f5d71 [5ms]
2024-12-04 16:23:06.758 [info] > git show --textconv :Scripts/restore_fnt.lst [21ms]
2024-12-04 16:23:06.768 [info] > git ls-files --stage -- /home/zaryu/GitHub/hyprdots/Scripts/restore_fnt.lst [12ms]
2024-12-04 16:23:06.790 [info] > git cat-file -s a02f88430f0c29c3ce6058aa4289ffaf21342c9f [4ms]
2024-12-04 16:23:09.198 [info] > git show --textconv :Scripts/system_ctl.lst [22ms]
2024-12-04 16:23:09.206 [info] > git ls-files --stage -- /home/zaryu/GitHub/hyprdots/Scripts/system_ctl.lst [10ms]
2024-12-04 16:23:09.228 [info] > git cat-file -s 3e3671ace5f800fabac3fdf1b84e0ee213118713 [4ms]
2024-12-04 16:23:10.081 [info] > git show --textconv :Scripts/restore_zsh.lst [21ms]
2024-12-04 16:23:10.093 [info] > git ls-files --stage -- /home/zaryu/GitHub/hyprdots/Scripts/restore_zsh.lst [13ms]
2024-12-04 16:23:10.114 [info] > git cat-file -s d564320a57018f955831867f5f596236fdeb0568 [5ms]
2024-12-04 16:23:16.233 [info] > git check-ignore -v -z --stdin [14ms]
2024-12-04 16:23:17.296 [info] > git show --textconv :Scripts/.extra/custom_flat.lst [23ms]
2024-12-04 16:23:17.309 [info] > git ls-files --stage -- /home/zaryu/GitHub/hyprdots/Scripts/.extra/custom_flat.lst [16ms]
2024-12-04 16:23:17.333 [info] > git cat-file -s 514f149c474f7abf4811e3f9e80a1bb66604ad01 [5ms]
2024-12-04 16:23:21.194 [info] > git show --textconv :Scripts/.extra/install_fpk.sh [24ms]
2024-12-04 16:23:21.199 [info] > git ls-files --stage -- /home/zaryu/GitHub/hyprdots/Scripts/.extra/install_fpk.sh [7ms]
2024-12-04 16:23:21.220 [info] > git cat-file -s be62146ceaf03e68f748ca49842b502283d1ae2a [4ms]
2024-12-04 16:23:22.686 [info] > git show --textconv :Scripts/.extra/install_mod.sh [27ms]
2024-12-04 16:23:22.687 [info] > git ls-files --stage -- /home/zaryu/GitHub/hyprdots/Scripts/.extra/install_mod.sh [4ms]
2024-12-04 16:23:22.717 [info] > git cat-file -s 8f899a7bd8fce6d3a0dbbd93b236c8b49fa4a358 [13ms]
2024-12-04 16:23:23.483 [info] > git show --textconv :Scripts/.extra/restore_app.sh [27ms]
2024-12-04 16:23:23.484 [info] > git ls-files --stage -- /home/zaryu/GitHub/hyprdots/Scripts/.extra/restore_app.sh [8ms]
2024-12-04 16:23:23.508 [info] > git cat-file -s 10fa5011146da86b0ee6f95211d39949eb6b3be1 [4ms]
2024-12-04 16:23:30.469 [info] > git check-ignore -v -z --stdin [5ms]
2024-12-04 16:23:42.778 [info] > git show --textconv :Configs/.zshrc [28ms]
2024-12-04 16:23:42.783 [info] > git ls-files --stage -- /home/zaryu/GitHub/hyprdots/Configs/.zshrc [9ms]
2024-12-04 16:23:42.809 [info] > git cat-file -s 2a5926930af63e80b9139fde212edd13c36ed889 [5ms]
2024-12-04 16:23:51.463 [info] > git config --get commit.template [3ms]
2024-12-04 16:23:51.485 [info] > git for-each-ref --format=%(refname)%00%(upstream:short)%00%(objectname)%00%(upstream:track)%00%(upstream:remotename)%00%(upstream:remoteref) refs/heads/main refs/remotes/main [5ms]
2024-12-04 16:23:51.503 [warning] [Git][revParse] Unable to read file: ENOENT: no such file or directory, open '/home/zaryu/GitHub/hyprdots/.git/refs/remotes/origin/main'
2024-12-04 16:23:51.506 [info] > git rev-parse refs/remotes/origin/main [4ms]
2024-12-04 16:23:51.544 [info] > git status -z -uall [21ms]
2024-12-04 16:23:51.548 [info] > git for-each-ref --sort -committerdate --format %(refname) %(objectname) %(*objectname) [6ms]
2024-12-04 16:23:54.191 [info] > git show --textconv :Scripts/custom_hypr.lst [28ms]
2024-12-04 16:23:54.193 [info] > git ls-files --stage -- /home/zaryu/GitHub/hyprdots/Scripts/custom_hypr.lst [7ms]
2024-12-04 16:23:54.226 [info] > git cat-file -s 869682caf9324064715cb5c53d8f0d1e2135b994 [12ms]
