2024-12-13 21:50:41.674 [warning] Creation of workbench contribution 'workbench.contrib.preferencesActions' took 21ms.
2024-12-13 21:50:42.896 [info] Started local extension host with pid 3031.
2024-12-13 21:50:47.137 [error] [Extension Host] TypeError: Cannot read properties of undefined (reading 'length')
	at n (/home/zaryu/.vscode-oss/extensions/jnoortheen.nix-ide-0.3.5-universal/dist/extension.js:1:833)
	at Bi (/home/zaryu/.vscode-oss/extensions/jnoortheen.nix-ide-0.3.5-universal/dist/extension.js:44:41680)
	at Ho.get (/home/zaryu/.vscode-oss/extensions/jnoortheen.nix-ide-0.3.5-universal/dist/extension.js:44:41969)
	at get formatterPath (/home/zaryu/.vscode-oss/extensions/jnoortheen.nix-ide-0.3.5-universal/dist/extension.js:44:42024)
	at Object.<anonymous> (/home/zaryu/.vscode-oss/extensions/jnoortheen.nix-ide-0.3.5-universal/dist/extension.js:44:42449)
	at Module._compile (node:internal/modules/cjs/loader:1484:14)
	at Module._extensions..js (node:internal/modules/cjs/loader:1564:10)
	at Module.load (node:internal/modules/cjs/loader:1295:32)
	at Module._load (node:internal/modules/cjs/loader:1111:12)
	at c._load (node:electron/js2c/node_init:2:16955)
	at e._load (file:///usr/lib/code/out/vs/workbench/api/node/extensionHostProcess.js:174:10879)
	at t._load (file:///usr/lib/code/out/vs/workbench/api/node/extensionHostProcess.js:166:22433)
	at i._load (file:///usr/lib/code/out/vs/workbench/api/node/extensionHostProcess.js:158:4651)
	at Module.require (node:internal/modules/cjs/loader:1318:19)
	at require (node:internal/modules/helpers:179:18)
	at z_.xb (file:///usr/lib/code/out/vs/workbench/api/node/extensionHostProcess.js:166:23753)
	at async Promise.all (index 0)
2024-12-13 21:50:47.247 [error] [Extension Host] TypeError: Cannot read properties of undefined (reading 'length')
	at n (/home/zaryu/.vscode-oss/extensions/jnoortheen.nix-ide-0.3.5-universal/dist/extension.js:1:833)
	at Bi (/home/zaryu/.vscode-oss/extensions/jnoortheen.nix-ide-0.3.5-universal/dist/extension.js:44:41680)
	at Ho.get (/home/zaryu/.vscode-oss/extensions/jnoortheen.nix-ide-0.3.5-universal/dist/extension.js:44:41969)
	at get formatterPath (/home/zaryu/.vscode-oss/extensions/jnoortheen.nix-ide-0.3.5-universal/dist/extension.js:44:42024)
	at Object.<anonymous> (/home/zaryu/.vscode-oss/extensions/jnoortheen.nix-ide-0.3.5-universal/dist/extension.js:44:42501)
	at Module._compile (node:internal/modules/cjs/loader:1484:14)
	at Module._extensions..js (node:internal/modules/cjs/loader:1564:10)
	at Module.load (node:internal/modules/cjs/loader:1295:32)
	at Module._load (node:internal/modules/cjs/loader:1111:12)
	at c._load (node:electron/js2c/node_init:2:16955)
	at e._load (file:///usr/lib/code/out/vs/workbench/api/node/extensionHostProcess.js:174:10879)
	at t._load (file:///usr/lib/code/out/vs/workbench/api/node/extensionHostProcess.js:166:22433)
	at i._load (file:///usr/lib/code/out/vs/workbench/api/node/extensionHostProcess.js:158:4651)
	at Module.require (node:internal/modules/cjs/loader:1318:19)
	at require (node:internal/modules/helpers:179:18)
	at z_.xb (file:///usr/lib/code/out/vs/workbench/api/node/extensionHostProcess.js:166:23753)
	at async Promise.all (index 0)
2024-12-13 21:50:47.297 [warning] [mainThreadStorage] large extension state detected (extensionId: sourcegraph.cody-ai, global: true): 1743.2626953125kb. Consider to use 'storageUri' or 'globalStorageUri' to store this data on disk instead.
2024-12-13 21:50:47.611 [info] [perf] Render performance baseline is 95ms
2024-12-13 21:50:49.803 [error] [Extension Host] DelegatingProxy: Loaded 152 CA certs from noxide
2024-12-13 21:51:08.780 [warning] [backup tracker] suspended, ignoring unregister event file:///home/zaryu/.vscode-oss/extensions/sourcegraph.cody-ai-1.48.1-universal/walkthroughs/cody_tutorial.py 
2024-12-13 21:51:10.877 [info] Started local extension host with pid 3147.
2024-12-13 21:51:14.603 [error] [Extension Host] TypeError: Cannot read properties of undefined (reading 'replace')
	at n (/home/zaryu/.vscode-oss/extensions/jnoortheen.nix-ide-0.3.5-universal/dist/extension.js:1:1090)
	at Bi (/home/zaryu/.vscode-oss/extensions/jnoortheen.nix-ide-0.3.5-universal/dist/extension.js:44:41680)
	at Ho.get (/home/zaryu/.vscode-oss/extensions/jnoortheen.nix-ide-0.3.5-universal/dist/extension.js:44:41969)
	at get formatterPath (/home/zaryu/.vscode-oss/extensions/jnoortheen.nix-ide-0.3.5-universal/dist/extension.js:44:42024)
	at Object.<anonymous> (/home/zaryu/.vscode-oss/extensions/jnoortheen.nix-ide-0.3.5-universal/dist/extension.js:44:42449)
	at Module._compile (node:internal/modules/cjs/loader:1484:14)
	at Module._extensions..js (node:internal/modules/cjs/loader:1564:10)
	at Module.load (node:internal/modules/cjs/loader:1295:32)
	at Module._load (node:internal/modules/cjs/loader:1111:12)
	at c._load (node:electron/js2c/node_init:2:16955)
	at e._load (file:///usr/lib/code/out/vs/workbench/api/node/extensionHostProcess.js:174:10879)
	at t._load (file:///usr/lib/code/out/vs/workbench/api/node/extensionHostProcess.js:166:22433)
	at i._load (file:///usr/lib/code/out/vs/workbench/api/node/extensionHostProcess.js:158:4651)
	at Module.require (node:internal/modules/cjs/loader:1318:19)
	at require (node:internal/modules/helpers:179:18)
	at z_.xb (file:///usr/lib/code/out/vs/workbench/api/node/extensionHostProcess.js:166:23753)
	at async Promise.all (index 0)
2024-12-13 21:51:14.605 [error] [Extension Host] TypeError: Cannot read properties of undefined (reading 'replace')
	at n (/home/zaryu/.vscode-oss/extensions/jnoortheen.nix-ide-0.3.5-universal/dist/extension.js:1:1090)
	at Bi (/home/zaryu/.vscode-oss/extensions/jnoortheen.nix-ide-0.3.5-universal/dist/extension.js:44:41680)
	at Ho.get (/home/zaryu/.vscode-oss/extensions/jnoortheen.nix-ide-0.3.5-universal/dist/extension.js:44:41969)
	at get formatterPath (/home/zaryu/.vscode-oss/extensions/jnoortheen.nix-ide-0.3.5-universal/dist/extension.js:44:42024)
	at Object.<anonymous> (/home/zaryu/.vscode-oss/extensions/jnoortheen.nix-ide-0.3.5-universal/dist/extension.js:44:42501)
	at Module._compile (node:internal/modules/cjs/loader:1484:14)
	at Module._extensions..js (node:internal/modules/cjs/loader:1564:10)
	at Module.load (node:internal/modules/cjs/loader:1295:32)
	at Module._load (node:internal/modules/cjs/loader:1111:12)
	at c._load (node:electron/js2c/node_init:2:16955)
	at e._load (file:///usr/lib/code/out/vs/workbench/api/node/extensionHostProcess.js:174:10879)
	at t._load (file:///usr/lib/code/out/vs/workbench/api/node/extensionHostProcess.js:166:22433)
	at i._load (file:///usr/lib/code/out/vs/workbench/api/node/extensionHostProcess.js:158:4651)
	at Module.require (node:internal/modules/cjs/loader:1318:19)
	at require (node:internal/modules/helpers:179:18)
	at z_.xb (file:///usr/lib/code/out/vs/workbench/api/node/extensionHostProcess.js:166:23753)
	at async Promise.all (index 0)
2024-12-13 21:51:14.606 [warning] [mainThreadStorage] large extension state detected (extensionId: sourcegraph.cody-ai, global: true): 1743.2626953125kb. Consider to use 'storageUri' or 'globalStorageUri' to store this data on disk instead.
2024-12-13 21:51:15.176 [info] [perf] Render performance baseline is 122ms
2024-12-13 21:51:16.960 [error] [Extension Host] DelegatingProxy: Loaded 152 CA certs from noxide
2024-12-13 21:51:26.006 [info] Started local extension host with pid 3320.
2024-12-13 21:51:27.955 [warning] [mainThreadStorage] large extension state detected (extensionId: sourcegraph.cody-ai, global: true): 1743.2626953125kb. Consider to use 'storageUri' or 'globalStorageUri' to store this data on disk instead.
2024-12-13 21:51:31.800 [error] [Extension Host] DelegatingProxy: Loaded 152 CA certs from noxide
2024-12-13 21:52:15.580 [error] [Extension Host] {"stack":"Error: Timeout\n\tat Timeout._onTimeout (/home/zaryu/.vscode-oss/extensions/sourcegraph.cody-ai-1.48.1-universal/dist/extension.node.js:174732:20)\n\tat listOnTimeout (node:internal/timers:581:17)\n\tat process.processTimers (node:internal/timers:519:7)","message":"Timeout","name":"Error","promesa$protocols$IPromiseFactory$":"[object Object]","promesa$protocols$IPromiseFactory$_promise$arity$1":"function(a){return promesa.impl.rejected(this)}"}
2024-12-13 21:52:51.398 [error] [Extension Host] {"stack":"Error: Timeout\n\tat Timeout._onTimeout (/home/zaryu/.vscode-oss/extensions/sourcegraph.cody-ai-1.48.1-universal/dist/extension.node.js:174732:20)\n\tat listOnTimeout (node:internal/timers:581:17)\n\tat process.processTimers (node:internal/timers:519:7)","message":"Timeout","name":"Error","promesa$protocols$IPromiseFactory$":"[object Object]","promesa$protocols$IPromiseFactory$_promise$arity$1":"function(a){return promesa.impl.rejected(this)}"}
2024-12-13 21:53:27.540 [error] [Extension Host] {"stack":"Error: Timeout\n\tat Timeout._onTimeout (/home/zaryu/.vscode-oss/extensions/sourcegraph.cody-ai-1.48.1-universal/dist/extension.node.js:174732:20)\n\tat listOnTimeout (node:internal/timers:581:17)\n\tat process.processTimers (node:internal/timers:519:7)","message":"Timeout","name":"Error","promesa$protocols$IPromiseFactory$":"[object Object]","promesa$protocols$IPromiseFactory$_promise$arity$1":"function(a){return promesa.impl.rejected(this)}"}
2024-12-13 21:54:14.555 [error] [Extension Host] {"stack":"Error: Timeout\n\tat Timeout._onTimeout (/home/zaryu/.vscode-oss/extensions/sourcegraph.cody-ai-1.48.1-universal/dist/extension.node.js:174732:20)\n\tat listOnTimeout (node:internal/timers:581:17)\n\tat process.processTimers (node:internal/timers:519:7)","message":"Timeout","name":"Error","promesa$protocols$IPromiseFactory$":"[object Object]","promesa$protocols$IPromiseFactory$_promise$arity$1":"function(a){return promesa.impl.rejected(this)}"}
2024-12-13 21:55:14.871 [error] [Extension Host] {"stack":"Error: Timeout\n\tat Timeout._onTimeout (/home/zaryu/.vscode-oss/extensions/sourcegraph.cody-ai-1.48.1-universal/dist/extension.node.js:174732:20)\n\tat listOnTimeout (node:internal/timers:581:17)\n\tat process.processTimers (node:internal/timers:519:7)","message":"Timeout","name":"Error","promesa$protocols$IPromiseFactory$":"[object Object]","promesa$protocols$IPromiseFactory$_promise$arity$1":"function(a){return promesa.impl.rejected(this)}"}
2024-12-13 21:55:53.224 [error] [Extension Host] {"stack":"Error: Timeout\n\tat Timeout._onTimeout (/home/zaryu/.vscode-oss/extensions/sourcegraph.cody-ai-1.48.1-universal/dist/extension.node.js:174732:20)\n\tat listOnTimeout (node:internal/timers:581:17)\n\tat process.processTimers (node:internal/timers:519:7)","message":"Timeout","name":"Error","promesa$protocols$IPromiseFactory$":"[object Object]","promesa$protocols$IPromiseFactory$_promise$arity$1":"function(a){return promesa.impl.rejected(this)}"}
