2024-12-13 21:50:42.660 [info] Added views:outline in workbench.view.explorer
2024-12-13 21:50:42.660 [info] Added views:workbench.view.search in workbench.view.search
2024-12-13 21:50:42.660 [info] Added views:workbench.scm in workbench.view.scm
2024-12-13 21:50:42.660 [info] Added views:workbench.panel.markers.view in workbench.panel.markers
2024-12-13 21:50:42.660 [info] Added views:workbench.panel.output in workbench.panel.output
2024-12-13 21:50:42.660 [info] Added views:terminal in terminal
2024-12-13 21:50:42.660 [info] Added views:timeline in workbench.view.explorer
2024-12-13 21:50:42.660 [info] Added views:workbench.explorer.emptyView in workbench.view.explorer
2024-12-13 21:50:44.823 [info] Added views:cody.chat in workbench.view.extension.cody
2024-12-13 21:50:45.395 [info] Added views:workbench.debug.variablesView,workbench.debug.watchExpressionsView,workbench.debug.callStackView,workbench.debug.breakPointsView in workbench.view.debug
2024-12-13 21:50:45.485 [info] Added views:workbench.panel.repl.view in workbench.panel.repl
2024-12-13 21:50:45.488 [info] Removed views:workbench.debug.breakPointsView,workbench.debug.callStackView,workbench.debug.watchExpressionsView,workbench.debug.variablesView from workbench.view.debug
2024-12-13 21:50:45.491 [info] Added views:workbench.debug.welcome in workbench.view.debug
2024-12-13 21:50:46.161 [info] Added views:~remote.forwardedPorts in ~remote.forwardedPortsContainer
2024-12-13 21:51:10.427 [info] Added views:outline in workbench.view.explorer
2024-12-13 21:51:10.427 [info] Added views:workbench.view.search in workbench.view.search
2024-12-13 21:51:10.427 [info] Added views:workbench.scm in workbench.view.scm
2024-12-13 21:51:10.427 [info] Added views:workbench.panel.markers.view in workbench.panel.markers
2024-12-13 21:51:10.427 [info] Added views:workbench.panel.output in workbench.panel.output
2024-12-13 21:51:10.427 [info] Added views:terminal in terminal
2024-12-13 21:51:10.427 [info] Added views:timeline in workbench.view.explorer
2024-12-13 21:51:10.427 [info] Added views:workbench.explorer.fileView in workbench.view.explorer
2024-12-13 21:51:12.346 [info] Added views:workbench.debug.variablesView,workbench.debug.watchExpressionsView,workbench.debug.callStackView,workbench.debug.breakPointsView in workbench.view.debug
2024-12-13 21:51:12.520 [info] Added views:cody.chat in workbench.view.extension.cody
2024-12-13 21:51:12.977 [info] Added views:workbench.panel.repl.view in workbench.panel.repl
2024-12-13 21:51:12.981 [info] Removed views:workbench.debug.breakPointsView,workbench.debug.callStackView,workbench.debug.watchExpressionsView,workbench.debug.variablesView from workbench.view.debug
2024-12-13 21:51:12.983 [info] Added views:workbench.debug.welcome in workbench.view.debug
2024-12-13 21:51:13.636 [info] Added views:~remote.forwardedPorts in ~remote.forwardedPortsContainer
2024-12-13 21:51:26.669 [info] Removed views:workbench.panel.repl.view from workbench.panel.repl
2024-12-13 21:51:27.692 [info] Added views:workbench.panel.repl.view in workbench.panel.repl
