2024-12-13 21:19:37.750 [info] [main] Log level: Info
2024-12-13 21:19:37.750 [info] [main] Validating found git in: "git"
2024-12-13 21:19:37.750 [info] [main] Using git "2.47.1" from "git"
2024-12-13 21:19:37.750 [info] [Model][doInitialScan] Initial repository scan started
2024-12-13 21:19:37.750 [info] > git rev-parse --show-toplevel [47ms]
2024-12-13 21:19:37.754 [info] > git rev-parse --git-dir --git-common-dir [2484ms]
2024-12-13 21:19:37.802 [info] [Model][openRepository] Opened repository: /home/zaryu/Clone/UsedNow/kompass
2024-12-13 21:19:38.229 [info] > git rev-parse --show-toplevel [53ms]
2024-12-13 21:19:38.231 [info] > git config --get commit.template [74ms]
2024-12-13 21:19:38.864 [info] > git rev-parse --show-toplevel [184ms]
2024-12-13 21:19:38.947 [info] > git check-ignore -v -z --stdin [62ms]
2024-12-13 21:19:38.951 [info] > git for-each-ref --format=%(refname)%00%(upstream:short)%00%(objectname)%00%(upstream:track)%00%(upstream:remotename)%00%(upstream:remoteref) refs/heads/main refs/remotes/main [97ms]
2024-12-13 21:19:38.970 [warning] [Git][revParse] Unable to read file: ENOENT: no such file or directory, open '/home/zaryu/Clone/UsedNow/kompass/.git/refs/remotes/origin/main'
2024-12-13 21:19:38.973 [info] > git rev-parse --show-toplevel [30ms]
2024-12-13 21:19:38.975 [info] [Model][doInitialScan] Initial repository scan completed - repositories (1), closed repositories (0), parent repositories (0), unsafe repositories (0)
2024-12-13 21:19:39.341 [info] > git rev-parse refs/remotes/origin/main [372ms]
2024-12-13 21:19:39.417 [info] > git for-each-ref --sort -committerdate --format %(refname) %(objectname) %(*objectname) [31ms]
2024-12-13 21:19:39.467 [info] > git status -z -uall [104ms]
2024-12-13 21:19:39.722 [info] > git for-each-ref --format=%(refname)%00%(upstream:short)%00%(objectname)%00%(upstream:track)%00%(upstream:remotename)%00%(upstream:remoteref) refs/heads/main refs/remotes/main [206ms]
2024-12-13 21:19:39.768 [info] > git config --local branch.main.vscode-merge-base [16ms]
2024-12-13 21:19:39.768 [warning] [Git][config] git config failed: Failed to execute git
2024-12-13 21:19:39.786 [info] > git config --get commit.template [204ms]
2024-12-13 21:19:39.980 [info] > git reflog main --grep-reflog=branch: Created from *. [195ms]
2024-12-13 21:19:40.042 [info] > git symbolic-ref --short refs/remotes/origin/HEAD [46ms]
2024-12-13 21:19:40.057 [info] > git for-each-ref --format=%(refname)%00%(upstream:short)%00%(objectname)%00%(upstream:track)%00%(upstream:remotename)%00%(upstream:remoteref) refs/heads/main refs/remotes/main [89ms]
2024-12-13 21:19:40.075 [warning] [Git][revParse] Unable to read file: ENOENT: no such file or directory, open '/home/zaryu/Clone/UsedNow/kompass/.git/refs/remotes/origin/main'
2024-12-13 21:19:40.084 [info] > git rev-parse refs/remotes/origin/main [9ms]
2024-12-13 21:19:40.117 [info] > git for-each-ref --format=%(refname)%00%(upstream:short)%00%(objectname)%00%(upstream:track)%00%(upstream:remotename)%00%(upstream:remoteref) refs/heads/origin/main refs/remotes/origin/main [60ms]
2024-12-13 21:19:40.139 [info] > git status -z -uall [39ms]
2024-12-13 21:19:40.139 [info] > git for-each-ref --sort -committerdate --format %(refname) %(objectname) %(*objectname) [24ms]
2024-12-13 21:19:40.173 [info] > git for-each-ref --format=%(refname)%00%(upstream:short)%00%(objectname)%00%(upstream:track)%00%(upstream:remotename)%00%(upstream:remoteref) refs/heads/main refs/remotes/main [8ms]
2024-12-13 21:19:40.192 [info] > git config --local branch.main.vscode-merge-base origin/main [59ms]
2024-12-13 21:19:40.271 [info] > git config --local branch.main.vscode-merge-base [80ms]
2024-12-13 21:19:40.391 [info] > git for-each-ref --format=%(refname)%00%(upstream:short)%00%(objectname)%00%(upstream:track)%00%(upstream:remotename)%00%(upstream:remoteref) refs/heads/origin/main refs/remotes/origin/main [101ms]
2024-12-13 21:19:40.443 [info] > git config --get commit.template [174ms]
2024-12-13 21:19:40.494 [info] > git merge-base refs/heads/main refs/remotes/origin/main [83ms]
2024-12-13 21:19:41.209 [info] > git for-each-ref --format=%(refname)%00%(upstream:short)%00%(objectname)%00%(upstream:track)%00%(upstream:remotename)%00%(upstream:remoteref) refs/heads/main refs/remotes/main [673ms]
2024-12-13 21:19:41.211 [info] > git diff --name-status -z --diff-filter=ADMR 9d30866d79d158e144b4776fd2dfcae2b5d3b3a6...refs/remotes/origin/main [696ms]
2024-12-13 21:19:41.238 [warning] [Git][revParse] Unable to read file: ENOENT: no such file or directory, open '/home/zaryu/Clone/UsedNow/kompass/.git/refs/remotes/origin/main'
2024-12-13 21:19:41.250 [info] > git rev-parse refs/remotes/origin/main [12ms]
2024-12-13 21:19:41.322 [info] > git status -z -uall [55ms]
2024-12-13 21:19:41.322 [info] > git for-each-ref --sort -committerdate --format %(refname) %(objectname) %(*objectname) [30ms]
2024-12-13 21:20:25.337 [info] > git config --get commit.template [7ms]
2024-12-13 21:20:25.363 [info] > git for-each-ref --format=%(refname)%00%(upstream:short)%00%(objectname)%00%(upstream:track)%00%(upstream:remotename)%00%(upstream:remoteref) refs/heads/main refs/remotes/main [6ms]
2024-12-13 21:20:25.381 [warning] [Git][revParse] Unable to read file: ENOENT: no such file or directory, open '/home/zaryu/Clone/UsedNow/kompass/.git/refs/remotes/origin/main'
2024-12-13 21:20:25.384 [info] > git rev-parse refs/remotes/origin/main [4ms]
2024-12-13 21:20:25.429 [info] > git status -z -uall [22ms]
2024-12-13 21:20:25.436 [info] > git for-each-ref --sort -committerdate --format %(refname) %(objectname) %(*objectname) [9ms]
