2024-12-13 23:28:06.369 [info] [main] Log level: Info
2024-12-13 23:28:06.369 [info] [main] Validating found git in: "git"
2024-12-13 23:28:06.369 [info] [main] Using git "2.47.1" from "git"
2024-12-13 23:28:06.369 [info] [Model][doInitialScan] Initial repository scan started
2024-12-13 23:28:06.369 [info] > git rev-parse --show-toplevel [22ms]
2024-12-13 23:28:06.369 [info] fatal: not a git repository (or any of the parent directories): .git
2024-12-13 23:28:06.372 [info] > git rev-parse --show-toplevel [5ms]
2024-12-13 23:28:06.372 [info] fatal: not a git repository (or any of the parent directories): .git
2024-12-13 23:28:06.395 [info] > git rev-parse --show-toplevel [8ms]
2024-12-13 23:28:06.395 [info] fatal: not a git repository (or any of the parent directories): .git
2024-12-13 23:28:09.407 [info] > git rev-parse --show-toplevel [2957ms]
2024-12-13 23:28:09.407 [info] fatal: not a git repository (or any of the parent directories): .git
2024-12-13 23:28:09.982 [info] > git rev-parse --show-toplevel [46ms]
2024-12-13 23:28:09.982 [info] fatal: not a git repository (or any of the parent directories): .git
2024-12-13 23:28:10.386 [info] > git rev-parse --show-toplevel [113ms]
2024-12-13 23:28:10.386 [info] fatal: not a git repository (or any of the parent directories): .git
2024-12-13 23:28:10.387 [info] [Model][doInitialScan] Initial repository scan completed - repositories (0), closed repositories (0), parent repositories (0), unsafe repositories (0)
2024-12-13 23:28:10.412 [info] > git rev-parse --show-toplevel [7ms]
2024-12-13 23:28:10.412 [info] fatal: not a git repository (or any of the parent directories): .git
2024-12-13 23:28:10.443 [info] > git rev-parse --show-toplevel [17ms]
2024-12-13 23:28:10.444 [info] fatal: not a git repository (or any of the parent directories): .git
2024-12-13 23:28:10.463 [info] > git rev-parse --show-toplevel [6ms]
2024-12-13 23:28:10.463 [info] fatal: not a git repository (or any of the parent directories): .git
2024-12-13 23:28:11.434 [info] > git rev-parse --show-toplevel [6ms]
2024-12-13 23:28:11.434 [info] fatal: not a git repository (or any of the parent directories): .git
2024-12-13 23:28:19.582 [info] > git rev-parse --show-toplevel [72ms]
2024-12-13 23:28:19.582 [info] fatal: not a git repository (or any of the parent directories): .git
2024-12-13 23:28:40.659 [info] > git rev-parse --show-toplevel [30ms]
2024-12-13 23:28:40.659 [info] fatal: not a git repository (or any of the parent directories): .git
2024-12-13 23:28:48.872 [info] > git rev-parse --show-toplevel [12ms]
2024-12-13 23:28:48.873 [info] fatal: not a git repository (or any of the parent directories): .git
2024-12-13 23:28:48.907 [info] > git rev-parse --show-toplevel [7ms]
2024-12-13 23:28:48.907 [info] fatal: not a git repository (or any of the parent directories): .git
2024-12-13 23:28:53.640 [info] > git rev-parse --show-toplevel [9ms]
2024-12-13 23:28:53.640 [info] fatal: not a git repository (or any of the parent directories): .git
2024-12-13 23:28:53.703 [info] > git rev-parse --show-toplevel [25ms]
2024-12-13 23:28:53.703 [info] fatal: not a git repository (or any of the parent directories): .git
2024-12-13 23:28:53.742 [info] > git rev-parse --show-toplevel [6ms]
2024-12-13 23:28:53.742 [info] fatal: not a git repository (or any of the parent directories): .git
2024-12-13 23:28:56.172 [info] > git rev-parse --show-toplevel [5ms]
2024-12-13 23:28:56.172 [info] fatal: not a git repository (or any of the parent directories): .git
2024-12-13 23:28:56.195 [info] > git rev-parse --show-toplevel [4ms]
2024-12-13 23:28:56.195 [info] fatal: not a git repository (or any of the parent directories): .git
2024-12-13 23:28:57.833 [info] > git rev-parse --show-toplevel [12ms]
2024-12-13 23:28:57.833 [info] fatal: not a git repository (or any of the parent directories): .git
2024-12-13 23:29:03.869 [info] > git rev-parse --show-toplevel [23ms]
2024-12-13 23:29:03.869 [info] fatal: not a git repository (or any of the parent directories): .git
2024-12-13 23:29:08.842 [info] > git rev-parse --show-toplevel [9ms]
2024-12-13 23:29:08.842 [info] fatal: not a git repository (or any of the parent directories): .git
2024-12-13 23:29:08.881 [info] > git rev-parse --show-toplevel [8ms]
2024-12-13 23:29:08.881 [info] fatal: not a git repository (or any of the parent directories): .git
2024-12-13 23:29:21.328 [info] > git rev-parse --show-toplevel [10ms]
2024-12-13 23:29:21.328 [info] fatal: not a git repository (or any of the parent directories): .git
2024-12-13 23:29:21.424 [info] > git rev-parse --show-toplevel [25ms]
2024-12-13 23:29:21.424 [info] fatal: not a git repository (or any of the parent directories): .git
2024-12-13 23:29:21.446 [info] > git rev-parse --show-toplevel [3ms]
2024-12-13 23:29:21.447 [info] fatal: not a git repository (or any of the parent directories): .git
2024-12-13 23:29:25.107 [info] > git rev-parse --show-toplevel [35ms]
2024-12-13 23:29:25.107 [info] fatal: not a git repository (or any of the parent directories): .git
2024-12-13 23:29:31.113 [info] > git rev-parse --show-toplevel [21ms]
2024-12-13 23:29:31.113 [info] fatal: not a git repository (or any of the parent directories): .git
