2024-12-04 18:08:46.140 [info] [main] Log level: Info
2024-12-04 18:08:46.140 [info] [main] Validating found git in: "git"
2024-12-04 18:08:46.140 [info] [main] Using git "2.47.1" from "git"
2024-12-04 18:08:46.140 [info] [Model][doInitialScan] Initial repository scan started
2024-12-04 18:08:46.140 [info] > git rev-parse --show-toplevel [31ms]
2024-12-04 18:08:46.140 [info] > git rev-parse --git-dir --git-common-dir [7ms]
2024-12-04 18:08:46.140 [info] [Model][openRepository] Opened repository: /home/zaryu/GitHub/hyprdots
2024-12-04 18:08:46.181 [info] > git rev-parse --show-toplevel [7ms]
2024-12-04 18:08:46.232 [info] > git rev-parse --show-toplevel [11ms]
2024-12-04 18:08:46.233 [info] > git for-each-ref --format=%(refname)%00%(upstream:short)%00%(objectname)%00%(upstream:track)%00%(upstream:remotename)%00%(upstream:remoteref) refs/heads/main refs/remotes/main [33ms]
2024-12-04 18:08:46.237 [info] > git config --get commit.template [78ms]
2024-12-04 18:08:46.259 [info] > git rev-parse --show-toplevel [2ms]
2024-12-04 18:08:46.326 [info] > git status -z -uall [37ms]
2024-12-04 18:08:46.328 [info] > git rev-parse --show-toplevel [57ms]
2024-12-04 18:08:46.330 [info] [Model][doInitialScan] Initial repository scan completed - repositories (1), closed repositories (0), parent repositories (0), unsafe repositories (0)
2024-12-04 18:08:46.333 [info] > git for-each-ref --sort -committerdate --format %(refname) %(objectname) %(*objectname) [16ms]
2024-12-04 18:08:46.423 [info] > git for-each-ref --format=%(refname)%00%(upstream:short)%00%(objectname)%00%(upstream:track)%00%(upstream:remotename)%00%(upstream:remoteref) refs/heads/main refs/remotes/main [54ms]
2024-12-04 18:08:46.449 [info] > git config --get commit.template [31ms]
2024-12-04 18:08:46.461 [info] > git config --local branch.main.vscode-merge-base [20ms]
2024-12-04 18:08:46.515 [info] > git for-each-ref --format=%(refname)%00%(upstream:short)%00%(objectname)%00%(upstream:track)%00%(upstream:remotename)%00%(upstream:remoteref) refs/heads/origin/main refs/remotes/origin/main [36ms]
2024-12-04 18:08:46.593 [info] > git merge-base refs/heads/main refs/remotes/origin/main [52ms]
2024-12-04 18:08:46.614 [info] > git for-each-ref --format=%(refname)%00%(upstream:short)%00%(objectname)%00%(upstream:track)%00%(upstream:remotename)%00%(upstream:remoteref) refs/heads/main refs/remotes/main [102ms]
2024-12-04 18:08:46.642 [info] > git diff --name-status -z --diff-filter=ADMR 1f139fff165f024add9fcb750ec2f7555e1b5539...refs/remotes/origin/main [29ms]
2024-12-04 18:08:51.080 [info] > git check-ignore -v -z --stdin [371ms]
2024-12-04 18:08:51.084 [info] > git status -z -uall [37ms]
2024-12-04 18:08:51.485 [info] > git for-each-ref --sort -committerdate --format %(refname) %(objectname) %(*objectname) [416ms]
2024-12-04 18:09:18.290 [info] > git check-ignore -v -z --stdin [4ms]
2024-12-04 18:09:19.455 [info] > git show --textconv :Scripts/custom_hypr.lst [22ms]
2024-12-04 18:09:19.461 [info] > git ls-files --stage -- /home/zaryu/GitHub/hyprdots/Scripts/custom_hypr.lst [7ms]
2024-12-04 18:09:19.497 [info] > git cat-file -s 0495f8caf0790773bed6f29ca09c7bfd360a4c57 [21ms]
2024-12-04 18:09:27.678 [info] > git config --get commit.template [4ms]
2024-12-04 18:09:27.701 [info] > git for-each-ref --format=%(refname)%00%(upstream:short)%00%(objectname)%00%(upstream:track)%00%(upstream:remotename)%00%(upstream:remoteref) refs/heads/main refs/remotes/main [4ms]
2024-12-04 18:09:27.739 [info] > git status -z -uall [21ms]
2024-12-04 18:09:27.742 [info] > git for-each-ref --sort -committerdate --format %(refname) %(objectname) %(*objectname) [7ms]
2024-12-04 18:09:56.404 [info] > git show --textconv :Scripts/custom_apps.lst [34ms]
2024-12-04 18:09:56.405 [info] > git ls-files --stage -- /home/zaryu/GitHub/hyprdots/Scripts/custom_apps.lst [16ms]
2024-12-04 18:09:56.430 [info] > git cat-file -s 00fad79e7d4b921721bc5689ec1e25a656de4b21 [11ms]
2024-12-04 18:10:23.358 [info] > git config --get commit.template [21ms]
2024-12-04 18:10:23.360 [info] > git for-each-ref --format=%(refname)%00%(upstream:short)%00%(objectname)%00%(upstream:track)%00%(upstream:remotename)%00%(upstream:remoteref) refs/heads/main refs/remotes/main [4ms]
2024-12-04 18:10:23.400 [info] > git status -z -uall [20ms]
2024-12-04 18:10:23.403 [info] > git for-each-ref --sort -committerdate --format %(refname) %(objectname) %(*objectname) [6ms]
2024-12-04 18:10:25.794 [info] > git show --textconv :Scripts/custom_hypr.lst [22ms]
2024-12-04 18:10:25.794 [info] > git ls-files --stage -- /home/zaryu/GitHub/hyprdots/Scripts/custom_hypr.lst [6ms]
2024-12-04 18:10:25.815 [info] > git cat-file -s 0495f8caf0790773bed6f29ca09c7bfd360a4c57 [6ms]
2024-12-04 18:10:28.436 [info] > git config --get commit.template [4ms]
2024-12-04 18:10:28.459 [info] > git for-each-ref --format=%(refname)%00%(upstream:short)%00%(objectname)%00%(upstream:track)%00%(upstream:remotename)%00%(upstream:remoteref) refs/heads/main refs/remotes/main [5ms]
2024-12-04 18:10:28.497 [info] > git status -z -uall [20ms]
2024-12-04 18:10:28.500 [info] > git for-each-ref --sort -committerdate --format %(refname) %(objectname) %(*objectname) [6ms]
2024-12-04 18:10:30.692 [info] > git show --textconv :Scripts/restore_cfg.lst [52ms]
2024-12-04 18:10:30.693 [info] > git ls-files --stage -- /home/zaryu/GitHub/hyprdots/Scripts/restore_cfg.lst [19ms]
2024-12-04 18:10:30.715 [info] > git cat-file -s ab4fd24938e819be3611f236dc3527622a6f5d71 [7ms]
2024-12-04 18:10:34.151 [info] > git show --textconv :Scripts/restore_fnt.lst [21ms]
2024-12-04 18:10:34.164 [info] > git ls-files --stage -- /home/zaryu/GitHub/hyprdots/Scripts/restore_fnt.lst [15ms]
2024-12-04 18:10:34.186 [info] > git cat-file -s a02f88430f0c29c3ce6058aa4289ffaf21342c9f [7ms]
2024-12-04 18:11:21.766 [info] > git config --get commit.template [5ms]
2024-12-04 18:11:21.790 [info] > git for-each-ref --format=%(refname)%00%(upstream:short)%00%(objectname)%00%(upstream:track)%00%(upstream:remotename)%00%(upstream:remoteref) refs/heads/main refs/remotes/main [7ms]
2024-12-04 18:11:21.851 [info] > git status -z -uall [38ms]
2024-12-04 18:11:21.857 [info] > git for-each-ref --sort -committerdate --format %(refname) %(objectname) %(*objectname) [16ms]
2024-12-04 18:11:26.957 [info] > git show --textconv :Scripts/restore_shl.sh [59ms]
2024-12-04 18:11:26.959 [info] > git ls-files --stage -- /home/zaryu/GitHub/hyprdots/Scripts/restore_shl.sh [19ms]
2024-12-04 18:11:27.052 [info] > git cat-file -s bb705fcc1f0c168a61da3a3b3c0e7a65636a6615 [59ms]
2024-12-04 18:11:27.383 [info] > git show --textconv :Scripts/restore_zsh.lst [22ms]
2024-12-04 18:11:27.404 [info] > git ls-files --stage -- /home/zaryu/GitHub/hyprdots/Scripts/restore_zsh.lst [22ms]
2024-12-04 18:11:27.423 [info] > git cat-file -s d564320a57018f955831867f5f596236fdeb0568 [3ms]
2024-12-04 18:11:29.863 [info] > git check-ignore -v -z --stdin [5ms]
2024-12-04 18:11:31.604 [info] > git show --textconv :Scripts/system_ctl.lst [19ms]
2024-12-04 18:11:31.614 [info] > git ls-files --stage -- /home/zaryu/GitHub/hyprdots/Scripts/system_ctl.lst [12ms]
2024-12-04 18:11:31.633 [info] > git cat-file -s 3e3671ace5f800fabac3fdf1b84e0ee213118713 [4ms]
2024-12-04 18:11:38.840 [info] > git show --textconv :Scripts/themepatcher.lst [23ms]
2024-12-04 18:11:38.842 [info] > git ls-files --stage -- /home/zaryu/GitHub/hyprdots/Scripts/themepatcher.lst [7ms]
2024-12-04 18:11:38.869 [info] > git cat-file -s b3639b47b9c21b1b79eb8d10733cf4c01cef3953 [5ms]
2024-12-04 18:11:56.734 [info] > git show --textconv :Scripts/system_ctl.lst [30ms]
2024-12-04 18:11:56.735 [info] > git ls-files --stage -- /home/zaryu/GitHub/hyprdots/Scripts/system_ctl.lst [15ms]
2024-12-04 18:11:56.773 [info] > git cat-file -s 3e3671ace5f800fabac3fdf1b84e0ee213118713 [18ms]
2024-12-04 18:11:57.131 [info] > git config --get commit.template [21ms]
2024-12-04 18:11:57.134 [info] > git for-each-ref --format=%(refname)%00%(upstream:short)%00%(objectname)%00%(upstream:track)%00%(upstream:remotename)%00%(upstream:remoteref) refs/heads/main refs/remotes/main [5ms]
2024-12-04 18:11:57.180 [info] > git status -z -uall [29ms]
2024-12-04 18:11:57.182 [info] > git for-each-ref --sort -committerdate --format %(refname) %(objectname) %(*objectname) [13ms]
2024-12-04 18:12:02.243 [info] > git config --get commit.template [19ms]
2024-12-04 18:12:02.245 [info] > git for-each-ref --format=%(refname)%00%(upstream:short)%00%(objectname)%00%(upstream:track)%00%(upstream:remotename)%00%(upstream:remoteref) refs/heads/main refs/remotes/main [5ms]
2024-12-04 18:12:02.285 [info] > git status -z -uall [23ms]
2024-12-04 18:12:02.287 [info] > git for-each-ref --sort -committerdate --format %(refname) %(objectname) %(*objectname) [8ms]
2024-12-04 18:12:04.400 [info] > git show --textconv :Scripts/.extra/custom_flat.lst [64ms]
2024-12-04 18:12:04.401 [info] > git ls-files --stage -- /home/zaryu/GitHub/hyprdots/Scripts/.extra/custom_flat.lst [6ms]
2024-12-04 18:12:04.436 [info] > git cat-file -s 514f149c474f7abf4811e3f9e80a1bb66604ad01 [9ms]
