2024-12-13 23:28:03.256 [info] Extension host with pid 39764 started
2024-12-13 23:28:03.256 [info] Skipping acquiring lock for /home/zaryu/.config/Code - OSS/User/workspaceStorage/746774e4cb02428a21ecbfe504e9c199.
2024-12-13 23:28:04.127 [info] ExtensionService#_doActivateExtension vscode.git-base, startup: true, activationEvent: '*', root cause: vscode.git
2024-12-13 23:28:04.217 [info] ExtensionService#_doActivateExtension arrterian.nix-env-selector, startup: true, activationEvent: '*'
2024-12-13 23:28:05.541 [info] ExtensionService#_doActivateExtension vscode.git, startup: true, activationEvent: '*'
2024-12-13 23:28:05.890 [info] ExtensionService#_doActivateExtension vscode.github, startup: true, activationEvent: '*'
2024-12-13 23:28:06.266 [info] Eager extensions activated
2024-12-13 23:28:06.398 [info] ExtensionService#_doActivateExtension vscode.debug-auto-launch, startup: false, activationEvent: 'onStartupFinished'
2024-12-13 23:28:06.452 [info] ExtensionService#_doActivateExtension vscode.merge-conflict, startup: false, activationEvent: 'onStartupFinished'
2024-12-13 23:28:06.549 [info] ExtensionService#_doActivateExtension jnoortheen.nix-ide, startup: false, activationEvent: 'onStartupFinished'
2024-12-13 23:28:06.771 [info] ExtensionService#_doActivateExtension sourcegraph.cody-ai, startup: false, activationEvent: 'onStartupFinished'
2024-12-13 23:28:10.974 [info] ExtensionService#_doActivateExtension vscode.emmet, startup: false, activationEvent: 'onLanguage'
2024-12-13 23:28:12.215 [info] ExtensionService#_doActivateExtension vscode.typescript-language-features, startup: false, activationEvent: 'onLanguage:javascript'
2024-12-13 23:28:18.180 [info] ExtensionService#_doActivateExtension vscode.configuration-editing, startup: false, activationEvent: 'onLanguage:jsonc'
2024-12-13 23:28:18.354 [info] ExtensionService#_doActivateExtension vscode.json-language-features, startup: false, activationEvent: 'onLanguage:jsonc'
2024-12-13 23:30:23.272 [info] Extension host terminating: renderer closed the MessagePort
2024-12-13 23:30:23.387 [error] TypeError: Cannot read properties of undefined (reading 'dispose')
	at _d (/home/zaryu/.vscode-oss/extensions/jnoortheen.nix-ide-0.3.5-universal/dist/extension.js:44:45688)
	at Object.Fw (/home/zaryu/.vscode-oss/extensions/jnoortheen.nix-ide-0.3.5-universal/dist/extension.js:44:46543)
	at z_.eb (file:///usr/lib/code/out/vs/workbench/api/node/extensionHostProcess.js:118:11724)
	at file:///usr/lib/code/out/vs/workbench/api/node/extensionHostProcess.js:118:9874
	at Array.map (<anonymous>)
	at z_.$ (file:///usr/lib/code/out/vs/workbench/api/node/extensionHostProcess.js:118:9862)
	at z_.terminate (file:///usr/lib/code/out/vs/workbench/api/node/extensionHostProcess.js:118:10105)
	at EC.terminate (file:///usr/lib/code/out/vs/workbench/api/node/extensionHostProcess.js:119:1424)
	at Zi (file:///usr/lib/code/out/vs/workbench/api/node/extensionHostProcess.js:174:15063)
	at MessagePortMain.<anonymous> (file:///usr/lib/code/out/vs/workbench/api/node/extensionHostProcess.js:174:11611)
	at MessagePortMain.emit (node:events:518:28)
	at MessagePortMain.emit (node:domain:489:12)
	at MessagePortMain._internalPort.emit (node:electron/js2c/utility_init:2:2949)
	at Object.topLevelDomainCallback (node:domain:161:15)
	at Object.callbackTrampoline (node:internal/async_hooks:128:24)
2024-12-13 23:30:23.411 [info] Extension host with pid 39764 exiting with code 0
