2024-12-04 11:24:36.673 [info] [main] Log level: Info
2024-12-04 11:24:36.673 [info] [main] Validating found git in: "git"
2024-12-04 11:24:36.673 [info] [main] Using git "2.47.1" from "git"
2024-12-04 11:24:36.673 [info] [Model][doInitialScan] Initial repository scan started
2024-12-04 11:24:36.673 [info] > git rev-parse --show-toplevel [36ms]
2024-12-04 11:24:36.673 [info] > git rev-parse --git-dir --git-common-dir [12ms]
2024-12-04 11:24:36.673 [info] [Model][openRepository] Opened repository: /home/zaryu/GitHub/hive-dotfiles
2024-12-04 11:24:36.673 [info] > git rev-parse --show-toplevel [22ms]
2024-12-04 11:24:36.673 [info] > git config --get commit.template [36ms]
2024-12-04 11:24:36.673 [info] > git rev-parse --show-toplevel [2798ms]
2024-12-04 11:24:36.673 [info] [Model][doInitialScan] Initial repository scan completed - repositories (1), closed repositories (0), parent repositories (0), unsafe repositories (0)
2024-12-04 11:24:36.678 [info] > git for-each-ref --format=%(refname)%00%(upstream:short)%00%(objectname)%00%(upstream:track)%00%(upstream:remotename)%00%(upstream:remoteref) refs/heads/main refs/remotes/main [697ms]
2024-12-04 11:24:37.215 [info] > git check-ignore -v -z --stdin [518ms]
2024-12-04 11:24:37.354 [info] > git status -z -uall [29ms]
2024-12-04 11:24:37.355 [info] > git for-each-ref --sort -committerdate --format %(refname) %(objectname) %(*objectname) [10ms]
2024-12-04 11:24:37.509 [info] > git for-each-ref --format=%(refname)%00%(upstream:short)%00%(objectname)%00%(upstream:track)%00%(upstream:remotename)%00%(upstream:remoteref) refs/heads/main refs/remotes/main [88ms]
2024-12-04 11:24:37.623 [info] > git config --local branch.main.vscode-merge-base [86ms]
2024-12-04 11:24:37.624 [warning] [Git][config] git config failed: Failed to execute git
2024-12-04 11:24:37.645 [info] > git config --get commit.template [139ms]
2024-12-04 11:24:38.032 [info] > git reflog main --grep-reflog=branch: Created from *. [388ms]
2024-12-04 11:24:38.089 [info] > git for-each-ref --format=%(refname)%00%(upstream:short)%00%(objectname)%00%(upstream:track)%00%(upstream:remotename)%00%(upstream:remoteref) refs/heads/main refs/remotes/main [15ms]
2024-12-04 11:24:38.090 [info] > git symbolic-ref --short refs/remotes/origin/HEAD [42ms]
2024-12-04 11:24:38.112 [info] > git for-each-ref --format=%(refname)%00%(upstream:short)%00%(objectname)%00%(upstream:track)%00%(upstream:remotename)%00%(upstream:remoteref) refs/heads/origin/main refs/remotes/origin/main [6ms]
2024-12-04 11:24:38.236 [info] > git config --local branch.main.vscode-merge-base origin/main [108ms]
2024-12-04 11:24:38.297 [info] > git config --get commit.template [18ms]
2024-12-04 11:24:38.298 [info] > git for-each-ref --format=%(refname)%00%(upstream:short)%00%(objectname)%00%(upstream:track)%00%(upstream:remotename)%00%(upstream:remoteref) refs/heads/main refs/remotes/main [40ms]
2024-12-04 11:24:38.321 [info] > git config --local branch.main.vscode-merge-base [6ms]
2024-12-04 11:24:38.361 [info] > git for-each-ref --format=%(refname)%00%(upstream:short)%00%(objectname)%00%(upstream:track)%00%(upstream:remotename)%00%(upstream:remoteref) refs/heads/main refs/remotes/main [6ms]
2024-12-04 11:24:38.361 [info] > git for-each-ref --format=%(refname)%00%(upstream:short)%00%(objectname)%00%(upstream:track)%00%(upstream:remotename)%00%(upstream:remoteref) refs/heads/origin/main refs/remotes/origin/main [24ms]
2024-12-04 11:24:38.441 [info] > git merge-base refs/heads/main refs/remotes/origin/main [60ms]
2024-12-04 11:24:38.500 [info] > git diff --name-status -z --diff-filter=ADMR b036b87194b9e8ace3dc50bdaf622dd3b2b4dc27...refs/remotes/origin/main [41ms]
2024-12-04 11:24:38.503 [info] > git status -z -uall [24ms]
2024-12-04 11:24:38.553 [info] > git for-each-ref --sort -committerdate --format %(refname) %(objectname) %(*objectname) [59ms]
2024-12-04 11:24:39.326 [info] > git check-ignore -v -z --stdin [9ms]
2024-12-04 11:24:42.434 [info] > git check-ignore -v -z --stdin [5ms]
2024-12-04 11:24:43.037 [info] > git check-ignore -v -z --stdin [9ms]
2024-12-04 11:24:43.630 [info] > git check-ignore -v -z --stdin [7ms]
2024-12-04 11:25:03.981 [info] > git check-ignore -v -z --stdin [5ms]
2024-12-04 11:25:10.665 [info] > git check-ignore -v -z --stdin [4ms]
2024-12-04 11:25:11.862 [info] > git check-ignore -v -z --stdin [4ms]
2024-12-04 11:25:13.889 [info] > git check-ignore -v -z --stdin [4ms]
2024-12-04 11:25:24.597 [info] > git check-ignore -v -z --stdin [4ms]
2024-12-04 11:25:26.257 [info] > git show --textconv :.config/go/telemetry/local/upload.token [27ms]
2024-12-04 11:25:26.262 [info] > git ls-files --stage -- /home/zaryu/GitHub/hive-dotfiles/.config/go/telemetry/local/upload.token [7ms]
2024-12-04 11:25:26.305 [info] > git cat-file -s e69de29bb2d1d6434b8b29ae775ad8c2e48c5391 [24ms]
2024-12-04 11:25:27.911 [info] > git check-ignore -v -z --stdin [4ms]
2024-12-04 11:25:28.397 [info] > git show --textconv :.config/go/telemetry/local/weekends [22ms]
2024-12-04 11:25:28.410 [info] > git ls-files --stage -- /home/zaryu/GitHub/hive-dotfiles/.config/go/telemetry/local/weekends [15ms]
2024-12-04 11:25:28.431 [info] > git cat-file -s d00491fd7e5bb6fa28c517a0bb32b8b506539d4d [4ms]
2024-12-04 11:25:34.835 [info] > git check-ignore -v -z --stdin [4ms]
2024-12-04 11:25:36.517 [info] > git show --textconv :.config/hypr/configs/binds.conf [36ms]
2024-12-04 11:25:36.524 [info] > git ls-files --stage -- /home/zaryu/GitHub/hive-dotfiles/.config/hypr/configs/binds.conf [16ms]
2024-12-04 11:25:36.571 [info] > git cat-file -s 31185b81999fa4f7bea14130f76aa7719e923ffe [6ms]
2024-12-04 11:26:09.535 [info] > git ls-files --stage -- /home/zaryu/GitHub/hive-dotfiles/.config/hypr/configs/default_apps.conf [5ms]
2024-12-04 11:26:09.554 [info] > git show --textconv :.config/hypr/configs/default_apps.conf [46ms]
2024-12-04 11:26:09.558 [info] > git cat-file -s 76a9e2b8704940ffa7d8fe4a21f69c42e218f97a [6ms]
2024-12-04 11:29:55.039 [info] > git config --get commit.template [7ms]
2024-12-04 11:29:55.065 [info] > git for-each-ref --format=%(refname)%00%(upstream:short)%00%(objectname)%00%(upstream:track)%00%(upstream:remotename)%00%(upstream:remoteref) refs/heads/main refs/remotes/main [4ms]
2024-12-04 11:29:55.114 [info] > git status -z -uall [27ms]
2024-12-04 11:29:55.119 [info] > git for-each-ref --sort -committerdate --format %(refname) %(objectname) %(*objectname) [8ms]
2024-12-04 11:30:00.932 [info] > git show --textconv :.config/hypr/configs/input.conf [23ms]
2024-12-04 11:30:00.937 [info] > git ls-files --stage -- /home/zaryu/GitHub/hive-dotfiles/.config/hypr/configs/input.conf [7ms]
2024-12-04 11:30:00.959 [info] > git cat-file -s 4bbd37f603484714b119e5d952681d7d570b0dfc [5ms]
2024-12-04 11:30:03.252 [info] > git show --textconv :.config/hypr/configs/env.conf [45ms]
2024-12-04 11:30:03.253 [info] > git ls-files --stage -- /home/zaryu/GitHub/hive-dotfiles/.config/hypr/configs/env.conf [14ms]
2024-12-04 11:30:03.286 [info] > git cat-file -s 27f7a44dfb58e30c8d9840a35d2c87934ca4245c [15ms]
2024-12-04 11:30:08.393 [info] > git show --textconv :.config/hypr/configs/input.conf [26ms]
2024-12-04 11:30:08.404 [info] > git ls-files --stage -- /home/zaryu/GitHub/hive-dotfiles/.config/hypr/configs/input.conf [13ms]
2024-12-04 11:30:08.429 [info] > git cat-file -s 4bbd37f603484714b119e5d952681d7d570b0dfc [6ms]
2024-12-04 11:30:13.390 [info] > git ls-files --stage -- /home/zaryu/GitHub/hive-dotfiles/.config/hypr/configs/misc.conf [9ms]
2024-12-04 11:30:13.412 [info] > git show --textconv :.config/hypr/configs/misc.conf [50ms]
2024-12-04 11:30:13.414 [info] > git cat-file -s d863e3bbfb4167d60683416f620c51956920ec2a [7ms]
2024-12-04 11:30:19.656 [info] > git ls-files --stage -- /home/zaryu/GitHub/hive-dotfiles/.config/hypr/configs/monitors.conf [9ms]
2024-12-04 11:30:19.681 [info] > git show --textconv :.config/hypr/configs/monitors.conf [55ms]
2024-12-04 11:30:19.682 [info] > git cat-file -s 1ee923c0ade3c4aed7247fcca7ccda3b3063fbb2 [7ms]
2024-12-04 11:30:21.760 [info] > git show --textconv :.config/hypr/configs/plugins.conf [29ms]
2024-12-04 11:30:21.762 [info] > git ls-files --stage -- /home/zaryu/GitHub/hive-dotfiles/.config/hypr/configs/plugins.conf [11ms]
2024-12-04 11:30:21.786 [info] > git cat-file -s 04a0592953fd8bb6fcff7e77b514af1cbfd42c10 [6ms]
2024-12-04 11:30:49.743 [info] > git config --get commit.template [21ms]
2024-12-04 11:30:49.746 [info] > git for-each-ref --format=%(refname)%00%(upstream:short)%00%(objectname)%00%(upstream:track)%00%(upstream:remotename)%00%(upstream:remoteref) refs/heads/main refs/remotes/main [4ms]
2024-12-04 11:30:49.788 [info] > git status -z -uall [20ms]
2024-12-04 11:30:49.791 [info] > git for-each-ref --sort -committerdate --format %(refname) %(objectname) %(*objectname) [6ms]
2024-12-04 11:30:55.437 [info] > git check-ignore -v -z --stdin [4ms]
2024-12-04 11:30:56.587 [info] > git check-ignore -v -z --stdin [4ms]
2024-12-04 11:31:00.436 [info] > git show --textconv :.config/hypr/configs/workspaces.conf [29ms]
2024-12-04 11:31:00.438 [info] > git ls-files --stage -- /home/zaryu/GitHub/hive-dotfiles/.config/hypr/configs/workspaces.conf [11ms]
2024-12-04 11:31:00.460 [info] > git cat-file -s 6264f3aeec395fed8fb6ecdeb74d7d2cfcbbcc68 [4ms]
2024-12-04 11:31:04.058 [info] > git show --textconv :.config/hypr/plugins/dynamic-cursors.conf [30ms]
2024-12-04 11:31:04.058 [info] > git ls-files --stage -- /home/zaryu/GitHub/hive-dotfiles/.config/hypr/plugins/dynamic-cursors.conf [10ms]
2024-12-04 11:31:04.082 [info] > git cat-file -s 02dc9c025d9cf081fd33d985c1b4cf0f57db0377 [5ms]
2024-12-04 11:31:05.217 [info] > git show --textconv :.config/hypr/plugins/hycov.conf [32ms]
2024-12-04 11:31:05.218 [info] > git ls-files --stage -- /home/zaryu/GitHub/hive-dotfiles/.config/hypr/plugins/hycov.conf [11ms]
2024-12-04 11:31:05.241 [info] > git cat-file -s fdeb7ab36e32fbd02abca2530ff0aed09526f6af [5ms]
2024-12-04 11:31:14.676 [info] > git show --textconv :.config/hypr/plugins/hyprbars.conf [35ms]
2024-12-04 11:31:14.677 [info] > git ls-files --stage -- /home/zaryu/GitHub/hive-dotfiles/.config/hypr/plugins/hyprbars.conf [10ms]
2024-12-04 11:31:14.704 [info] > git cat-file -s 5dbaccb58a36e0baa899ac80b4af65055f9188d7 [9ms]
2024-12-04 11:31:16.321 [info] > git show --textconv :.config/hypr/plugins/hyprexpo.conf [30ms]
2024-12-04 11:31:16.323 [info] > git ls-files --stage -- /home/zaryu/GitHub/hive-dotfiles/.config/hypr/plugins/hyprexpo.conf [11ms]
2024-12-04 11:31:16.345 [info] > git cat-file -s c17276ee27297775b35116575501a42d089b7fa5 [4ms]
2024-12-04 11:31:16.799 [info] > git ls-files --stage -- /home/zaryu/GitHub/hive-dotfiles/.config/hypr/plugins/hyprspace.conf [8ms]
2024-12-04 11:31:16.820 [info] > git show --textconv :.config/hypr/plugins/hyprspace.conf [49ms]
2024-12-04 11:31:16.823 [info] > git cat-file -s 11983fdd19438b7e5d1e6030166e8048c72449ab [6ms]
2024-12-04 11:31:17.656 [info] > git ls-files --stage -- /home/zaryu/GitHub/hive-dotfiles/.config/hypr/plugins/hyprsplit.conf [8ms]
2024-12-04 11:31:17.677 [info] > git show --textconv :.config/hypr/plugins/hyprsplit.conf [51ms]
2024-12-04 11:31:17.683 [info] > git cat-file -s f9a0f3242f38843328ebe650191861b43677acd5 [10ms]
2024-12-04 11:31:18.065 [info] > git show --textconv :.config/hypr/plugins/hyprtrails.conf [33ms]
2024-12-04 11:31:18.068 [info] > git ls-files --stage -- /home/zaryu/GitHub/hive-dotfiles/.config/hypr/plugins/hyprtrails.conf [14ms]
2024-12-04 11:31:18.090 [info] > git cat-file -s 8715a2d2d1350b89e19531e04d2872bb2981b1f2 [4ms]
2024-12-04 11:31:20.158 [info] > git check-ignore -v -z --stdin [5ms]
2024-12-04 11:31:21.731 [info] > git show --textconv :.config/hypr/scripts/color_picker [39ms]
2024-12-04 11:31:21.732 [info] > git ls-files --stage -- /home/zaryu/GitHub/hive-dotfiles/.config/hypr/scripts/color_picker [15ms]
2024-12-04 11:31:21.761 [info] > git cat-file -s c970ccf02cd5eb8b10d452847f66e1f080d9d0f4 [9ms]
2024-12-04 11:31:22.570 [info] > git check-ignore -v -z --stdin [4ms]
2024-12-04 11:31:23.519 [info] > git ls-files --stage -- /home/zaryu/GitHub/hive-dotfiles/.config/hypr/scripts/autostart/apps [8ms]
2024-12-04 11:31:23.541 [info] > git show --textconv :.config/hypr/scripts/autostart/apps [50ms]
2024-12-04 11:31:23.545 [info] > git cat-file -s ef12543070f4f19586c652f764baf18b3120f4f1 [7ms]
2024-12-04 11:31:26.153 [info] > git show --textconv :.config/hypr/scripts/autostart/services [28ms]
2024-12-04 11:31:26.154 [info] > git ls-files --stage -- /home/zaryu/GitHub/hive-dotfiles/.config/hypr/scripts/autostart/services [8ms]
2024-12-04 11:31:26.177 [info] > git cat-file -s 2d2c4db6767744076f5fbf857befaee296d5f186 [5ms]
2024-12-04 11:31:56.092 [info] > git show --textconv :.config/hypr/scripts/color_picker [21ms]
2024-12-04 11:31:56.101 [info] > git ls-files --stage -- /home/zaryu/GitHub/hive-dotfiles/.config/hypr/scripts/color_picker [11ms]
2024-12-04 11:31:56.123 [info] > git cat-file -s c970ccf02cd5eb8b10d452847f66e1f080d9d0f4 [5ms]
2024-12-04 11:31:57.706 [info] > git ls-files --stage -- /home/zaryu/GitHub/hive-dotfiles/.config/hypr/scripts/current_song [5ms]
2024-12-04 11:31:57.738 [info] > git show --textconv :.config/hypr/scripts/current_song [56ms]
2024-12-04 11:31:57.738 [info] > git cat-file -s 23429c31b4cd9d82f14d84c1de315f4f9620f6d2 [14ms]
2024-12-04 11:31:59.094 [info] > git check-ignore -v -z --stdin [3ms]
2024-12-04 11:32:00.218 [info] > git ls-files --stage -- /home/zaryu/GitHub/hive-dotfiles/.config/hypr/scripts/hyprfreeze [4ms]
2024-12-04 11:32:00.239 [info] > git show --textconv :.config/hypr/scripts/hyprfreeze [45ms]
2024-12-04 11:32:00.242 [info] > git cat-file -s 85ad5bd957f1de69e50d406c975b6f799d4cbb54 [5ms]
2024-12-04 11:32:07.327 [info] > git ls-files --stage -- /home/zaryu/GitHub/hive-dotfiles/.config/hypr/scripts/launch_app [10ms]
2024-12-04 11:32:07.347 [info] > git show --textconv :.config/hypr/scripts/launch_app [50ms]
2024-12-04 11:32:07.351 [info] > git cat-file -s 2166797dea17cf5c5f8d5e9939a3b24c4f3030ff [6ms]
2024-12-04 11:32:08.479 [info] > git ls-files --stage -- /home/zaryu/GitHub/hive-dotfiles/.config/hypr/scripts/hyprshot [9ms]
2024-12-04 11:32:08.500 [info] > git show --textconv :.config/hypr/scripts/hyprshot [49ms]
2024-12-04 11:32:08.504 [info] > git cat-file -s 09b46399f341ee08dcb0831e003d01de7869eb77 [7ms]
2024-12-04 11:32:12.523 [info] > git show --textconv :.config/hypr/scripts/move_by_rules [29ms]
2024-12-04 11:32:12.523 [info] > git ls-files --stage -- /home/zaryu/GitHub/hive-dotfiles/.config/hypr/scripts/move_by_rules [9ms]
2024-12-04 11:32:12.546 [info] > git cat-file -s 637fbb96f4fbc26b712230f88e29b5e2f2294f4c [5ms]
2024-12-04 11:32:15.232 [info] > git show --textconv :.config/hypr/scripts/performance [36ms]
2024-12-04 11:32:15.234 [info] > git ls-files --stage -- /home/zaryu/GitHub/hive-dotfiles/.config/hypr/scripts/performance [12ms]
2024-12-04 11:32:15.257 [info] > git cat-file -s 9d90908a90729459d9387f124868fad75ca35dcc [4ms]
2024-12-04 11:32:23.217 [info] > git show --textconv :.config/hypr/scripts/portal [32ms]
2024-12-04 11:32:23.218 [info] > git ls-files --stage -- /home/zaryu/GitHub/hive-dotfiles/.config/hypr/scripts/portal [11ms]
2024-12-04 11:32:23.243 [info] > git cat-file -s f56374ba7ca03e3b28ebf6be5f3b9828adc46214 [7ms]
2024-12-04 11:32:25.498 [info] > git show --textconv :.config/hypr/scripts/random_wallpaper [29ms]
2024-12-04 11:32:25.500 [info] > git ls-files --stage -- /home/zaryu/GitHub/hive-dotfiles/.config/hypr/scripts/random_wallpaper [10ms]
2024-12-04 11:32:25.522 [info] > git cat-file -s 3c06ac0561661ee77943d9dd2f4aae7579a6b754 [4ms]
2024-12-04 11:32:31.977 [info] > git show --textconv :.config/hypr/scripts/toggle_floating [28ms]
2024-12-04 11:32:31.977 [info] > git ls-files --stage -- /home/zaryu/GitHub/hive-dotfiles/.config/hypr/scripts/toggle_floating [8ms]
2024-12-04 11:32:32.001 [info] > git cat-file -s 3aefbf7e04b63cf38f80c4ce721e55bb6bb5f95a [5ms]
2024-12-04 11:32:34.862 [info] > git check-ignore -v -z --stdin [4ms]
2024-12-04 11:32:36.187 [info] > git check-ignore -v -z --stdin [4ms]
2024-12-04 11:32:37.376 [info] > git check-ignore -v -z --stdin [5ms]
2024-12-04 11:32:43.679 [info] > git ls-files --stage -- /home/zaryu/GitHub/hive-dotfiles/.config/hypr/hypridle.conf [9ms]
2024-12-04 11:32:43.699 [info] > git show --textconv :.config/hypr/hypridle.conf [48ms]
2024-12-04 11:32:43.702 [info] > git cat-file -s 8bf8ff391145de8d39d03d0376b17fadb6c36305 [6ms]
2024-12-04 11:32:45.334 [info] > git ls-files --stage -- /home/zaryu/GitHub/hive-dotfiles/.config/hypr/hyprland.conf [10ms]
2024-12-04 11:32:45.357 [info] > git show --textconv :.config/hypr/hyprland.conf [52ms]
2024-12-04 11:32:45.360 [info] > git cat-file -s 9bcc4a804a0c750b0cf041d279ff2bd7b25e5350 [7ms]
2024-12-04 11:32:48.815 [info] > git ls-files --stage -- /home/zaryu/GitHub/hive-dotfiles/.config/hypr/hyprlock.conf [9ms]
2024-12-04 11:32:48.836 [info] > git show --textconv :.config/hypr/hyprlock.conf [49ms]
2024-12-04 11:32:48.841 [info] > git cat-file -s 35da9a6c0a1b05e4811da8454e1154ec388172e3 [8ms]
2024-12-04 11:32:51.482 [info] > git show --textconv :.config/hypr/pyprland.toml [51ms]
2024-12-04 11:32:51.484 [info] > git ls-files --stage -- /home/zaryu/GitHub/hive-dotfiles/.config/hypr/pyprland.toml [31ms]
2024-12-04 11:32:51.515 [info] > git cat-file -s 40ed4d87b864a2aeddf9dbffdc3caa8241830ab0 [8ms]
2024-12-04 11:32:58.643 [info] > git check-ignore -v -z --stdin [4ms]
2024-12-04 11:33:04.651 [info] > git check-ignore -v -z --stdin [5ms]
2024-12-04 11:33:05.583 [info] > git check-ignore -v -z --stdin [4ms]
2024-12-04 11:33:06.431 [info] > git check-ignore -v -z --stdin [4ms]
2024-12-04 11:33:14.701 [info] > git check-ignore -v -z --stdin [5ms]
2024-12-04 11:33:15.782 [info] > git ls-files --stage -- /home/zaryu/GitHub/hive-dotfiles/.config/yadm/bootstrap [8ms]
2024-12-04 11:33:15.805 [info] > git show --textconv :.config/yadm/bootstrap [54ms]
2024-12-04 11:33:15.805 [info] > git cat-file -s 5f6d072a063e323045599b52092df669f3428d03 [6ms]
2024-12-04 11:34:02.935 [info] > git check-ignore -v -z --stdin [4ms]
2024-12-04 11:34:07.677 [info] > git check-ignore -v -z --stdin [5ms]
2024-12-04 11:34:09.288 [info] > git show --textconv :.config/yay/config.json [37ms]
2024-12-04 11:34:09.290 [info] > git ls-files --stage -- /home/zaryu/GitHub/hive-dotfiles/.config/yay/config.json [10ms]
2024-12-04 11:34:09.325 [info] > git cat-file -s 68eba1890e5c32ba10734ed90585ddf7106adf96 [14ms]
2024-12-04 11:34:15.545 [info] > git check-ignore -v -z --stdin [4ms]
2024-12-04 11:34:16.587 [info] > git show --textconv :.config/zathura/zathurarc [23ms]
2024-12-04 11:34:16.597 [info] > git ls-files --stage -- /home/zaryu/GitHub/hive-dotfiles/.config/zathura/zathurarc [11ms]
2024-12-04 11:34:16.618 [info] > git cat-file -s 429f1d22a31cedef58b9c22d6e41525e55ca7db9 [3ms]
2024-12-04 11:34:20.206 [info] > git show --textconv :.config/libinput-gestures.conf [21ms]
2024-12-04 11:34:20.215 [info] > git ls-files --stage -- /home/zaryu/GitHub/hive-dotfiles/.config/libinput-gestures.conf [11ms]
2024-12-04 11:34:20.238 [info] > git cat-file -s 6e3f3e17233ab0ca8101599adf45a6060084f0a2 [5ms]
2024-12-04 11:34:23.635 [info] > git show --textconv :.config/codium-flags.conf [37ms]
2024-12-04 11:34:23.635 [info] > git ls-files --stage -- /home/zaryu/GitHub/hive-dotfiles/.config/codium-flags.conf [12ms]
2024-12-04 11:34:23.660 [info] > git cat-file -s e973a473b426dcb673e5ad169d73c065836352cc [4ms]
2024-12-04 11:34:25.175 [info] > git show --textconv :.config/mimeapps.list [36ms]
2024-12-04 11:34:25.176 [info] > git ls-files --stage -- /home/zaryu/GitHub/hive-dotfiles/.config/mimeapps.list [15ms]
2024-12-04 11:34:25.201 [info] > git cat-file -s 5c9502428e0a33f5f44c88d4144bca3f73bde4e9 [4ms]
2024-12-04 11:34:26.898 [info] > git check-ignore -v -z --stdin [5ms]
2024-12-04 11:34:27.587 [info] > git check-ignore -v -z --stdin [9ms]
2024-12-04 11:34:34.646 [info] > git check-ignore -v -z --stdin [5ms]
2024-12-04 11:34:36.295 [info] > git check-ignore -v -z --stdin [5ms]
2024-12-04 11:34:42.376 [info] > git show --textconv :.local/bin/dev [44ms]
2024-12-04 11:34:42.380 [info] > git ls-files --stage -- /home/zaryu/GitHub/hive-dotfiles/.local/bin/dev [8ms]
2024-12-04 11:34:42.406 [info] > git cat-file -s 5fe445e610f4f6eee08dc07eb86ac586012fe1df [1ms]
2024-12-04 11:34:43.625 [info] > git show --textconv :.local/bin/deleteOrphans [32ms]
2024-12-04 11:34:43.627 [info] > git ls-files --stage -- /home/zaryu/GitHub/hive-dotfiles/.local/bin/deleteOrphans [12ms]
2024-12-04 11:34:43.650 [info] > git cat-file -s c86ca0830859f1c11fe183b88f085aa9ea65d484 [4ms]
2024-12-04 11:34:48.683 [info] > git show --textconv :.local/bin/downloadMedia [33ms]
2024-12-04 11:34:48.684 [info] > git ls-files --stage -- /home/zaryu/GitHub/hive-dotfiles/.local/bin/downloadMedia [12ms]
2024-12-04 11:34:48.718 [info] > git cat-file -s cbd062b4a6d085c7cee7532ec5aff29646d00b45 [16ms]
2024-12-04 11:34:50.891 [info] > git show --textconv :.local/bin/gitignore [29ms]
2024-12-04 11:34:50.892 [info] > git ls-files --stage -- /home/zaryu/GitHub/hive-dotfiles/.local/bin/gitignore [10ms]
2024-12-04 11:34:50.916 [info] > git cat-file -s 6fd361ca9de567c2597ac42829425cbcbfd3811b [6ms]
2024-12-04 11:34:56.892 [info] > git ls-files --stage -- /home/zaryu/GitHub/hive-dotfiles/.local/bin/installCodiumExtensions [9ms]
2024-12-04 11:34:56.916 [info] > git show --textconv :.local/bin/installCodiumExtensions [53ms]
2024-12-04 11:34:56.916 [info] > git cat-file -s 022138af3bf9d3e59c5c0eff54d4c5bbe22cdadb [6ms]
2024-12-04 11:34:58.211 [info] > git show --textconv :.local/bin/installYay [30ms]
2024-12-04 11:34:58.213 [info] > git ls-files --stage -- /home/zaryu/GitHub/hive-dotfiles/.local/bin/installYay [11ms]
2024-12-04 11:34:58.236 [info] > git cat-file -s 61a95c4399bef6be98efe6476412f980b75fa279 [4ms]
2024-12-04 11:34:59.447 [info] > git ls-files --stage -- /home/zaryu/GitHub/hive-dotfiles/.local/bin/pipes [10ms]
2024-12-04 11:34:59.468 [info] > git show --textconv :.local/bin/pipes [50ms]
2024-12-04 11:34:59.471 [info] > git cat-file -s c7bf81c3afb8a62e66a405ce36be0a7bd7636476 [6ms]
2024-12-04 11:35:00.765 [info] > git show --textconv :.local/bin/restartAudio [52ms]
2024-12-04 11:35:00.765 [info] > git ls-files --stage -- /home/zaryu/GitHub/hive-dotfiles/.local/bin/restartAudio [15ms]
2024-12-04 11:35:00.792 [info] > git cat-file -s fb0a1c3a082f9573aa6c3e99bfb5558bf623dbc8 [4ms]
2024-12-04 11:35:02.157 [info] > git show --textconv :.local/bin/unimatrix [24ms]
2024-12-04 11:35:02.162 [info] > git ls-files --stage -- /home/zaryu/GitHub/hive-dotfiles/.local/bin/unimatrix [8ms]
2024-12-04 11:35:02.186 [info] > git cat-file -s 098f928919fc68ccacd762778236816835a55071 [5ms]
2024-12-04 11:35:02.677 [info] > git ls-files --stage -- /home/zaryu/GitHub/hive-dotfiles/.czrc [5ms]
2024-12-04 11:35:02.699 [info] > git show --textconv :.czrc [47ms]
2024-12-04 11:35:02.704 [info] > git cat-file -s 5c731c13301b2a4efc1c4a918baed4c2993d2d90 [7ms]
2024-12-04 11:35:18.563 [info] > git show --textconv :.config/hypr/configs/plugins.conf [33ms]
2024-12-04 11:35:18.564 [info] > git ls-files --stage -- /home/zaryu/GitHub/hive-dotfiles/.config/hypr/configs/plugins.conf [6ms]
2024-12-04 11:35:18.588 [info] > git cat-file -s 04a0592953fd8bb6fcff7e77b514af1cbfd42c10 [4ms]
