2024-12-11 17:18:33.391 [info] [main] Log level: Info
2024-12-11 17:18:33.391 [info] [main] Validating found git in: "git"
2024-12-11 17:18:33.392 [info] [main] Using git "2.47.1" from "git"
2024-12-11 17:18:33.392 [info] [Model][doInitialScan] Initial repository scan started
2024-12-11 17:18:33.392 [info] > git rev-parse --show-toplevel [10ms]
2024-12-11 17:18:33.392 [info] fatal: not a git repository (or any of the parent directories): .git
2024-12-11 17:18:33.392 [info] > git rev-parse --show-toplevel [3ms]
2024-12-11 17:18:33.392 [info] fatal: not a git repository (or any of the parent directories): .git
2024-12-11 17:18:33.392 [info] > git rev-parse --show-toplevel [5ms]
2024-12-11 17:18:33.392 [info] fatal: not a git repository (or any of the parent directories): .git
2024-12-11 17:18:33.392 [info] > git rev-parse --show-toplevel [3ms]
2024-12-11 17:18:33.392 [info] fatal: not a git repository (or any of the parent directories): .git
2024-12-11 17:18:33.392 [info] > git rev-parse --show-toplevel [4ms]
2024-12-11 17:18:33.392 [info] fatal: not a git repository (or any of the parent directories): .git
2024-12-11 17:18:33.392 [info] > git rev-parse --show-toplevel [8ms]
2024-12-11 17:18:33.392 [info] fatal: not a git repository (or any of the parent directories): .git
2024-12-11 17:18:33.392 [info] [Model][doInitialScan] Initial repository scan completed - repositories (0), closed repositories (0), parent repositories (0), unsafe repositories (0)
2024-12-11 17:18:36.906 [info] > git rev-parse --show-toplevel [43ms]
2024-12-11 17:18:36.906 [info] fatal: not a git repository (or any of the parent directories): .git
2024-12-11 17:18:37.269 [info] > git rev-parse --show-toplevel [98ms]
2024-12-11 17:18:37.269 [info] fatal: not a git repository (or any of the parent directories): .git
2024-12-11 17:18:37.307 [info] > git rev-parse --show-toplevel [19ms]
2024-12-11 17:18:37.307 [info] fatal: not a git repository (or any of the parent directories): .git
2024-12-11 17:18:51.663 [info] > git rev-parse --show-toplevel [7ms]
2024-12-11 17:18:51.663 [info] fatal: not a git repository (or any of the parent directories): .git
