2024-12-13 22:20:51.582 [warning] Creation of workbench contribution 'workbench.contrib.preferencesActions' took 22ms.
2024-12-13 22:20:53.268 [info] Started local extension host with pid 9884.
2024-12-13 22:20:58.180 [error] [Extension Host] TypeError: Cannot read properties of undefined (reading 'replace')
	at n (/home/zaryu/.vscode-oss/extensions/jnoortheen.nix-ide-0.3.5-universal/dist/extension.js:1:1090)
	at Bi (/home/zaryu/.vscode-oss/extensions/jnoortheen.nix-ide-0.3.5-universal/dist/extension.js:44:41680)
	at Ho.get (/home/zaryu/.vscode-oss/extensions/jnoortheen.nix-ide-0.3.5-universal/dist/extension.js:44:41969)
	at get formatterPath (/home/zaryu/.vscode-oss/extensions/jnoortheen.nix-ide-0.3.5-universal/dist/extension.js:44:42024)
	at Object.<anonymous> (/home/zaryu/.vscode-oss/extensions/jnoortheen.nix-ide-0.3.5-universal/dist/extension.js:44:42449)
	at Module._compile (node:internal/modules/cjs/loader:1484:14)
	at Module._extensions..js (node:internal/modules/cjs/loader:1564:10)
	at Module.load (node:internal/modules/cjs/loader:1295:32)
	at Module._load (node:internal/modules/cjs/loader:1111:12)
	at c._load (node:electron/js2c/node_init:2:16955)
	at e._load (file:///usr/lib/code/out/vs/workbench/api/node/extensionHostProcess.js:174:10879)
	at t._load (file:///usr/lib/code/out/vs/workbench/api/node/extensionHostProcess.js:166:22433)
	at i._load (file:///usr/lib/code/out/vs/workbench/api/node/extensionHostProcess.js:158:4651)
	at Module.require (node:internal/modules/cjs/loader:1318:19)
	at require (node:internal/modules/helpers:179:18)
	at z_.xb (file:///usr/lib/code/out/vs/workbench/api/node/extensionHostProcess.js:166:23753)
	at async Promise.all (index 0)
2024-12-13 22:20:58.182 [error] [Extension Host] TypeError: Cannot read properties of undefined (reading 'replace')
	at n (/home/zaryu/.vscode-oss/extensions/jnoortheen.nix-ide-0.3.5-universal/dist/extension.js:1:1090)
	at Bi (/home/zaryu/.vscode-oss/extensions/jnoortheen.nix-ide-0.3.5-universal/dist/extension.js:44:41680)
	at Ho.get (/home/zaryu/.vscode-oss/extensions/jnoortheen.nix-ide-0.3.5-universal/dist/extension.js:44:41969)
	at get formatterPath (/home/zaryu/.vscode-oss/extensions/jnoortheen.nix-ide-0.3.5-universal/dist/extension.js:44:42024)
	at Object.<anonymous> (/home/zaryu/.vscode-oss/extensions/jnoortheen.nix-ide-0.3.5-universal/dist/extension.js:44:42501)
	at Module._compile (node:internal/modules/cjs/loader:1484:14)
	at Module._extensions..js (node:internal/modules/cjs/loader:1564:10)
	at Module.load (node:internal/modules/cjs/loader:1295:32)
	at Module._load (node:internal/modules/cjs/loader:1111:12)
	at c._load (node:electron/js2c/node_init:2:16955)
	at e._load (file:///usr/lib/code/out/vs/workbench/api/node/extensionHostProcess.js:174:10879)
	at t._load (file:///usr/lib/code/out/vs/workbench/api/node/extensionHostProcess.js:166:22433)
	at i._load (file:///usr/lib/code/out/vs/workbench/api/node/extensionHostProcess.js:158:4651)
	at Module.require (node:internal/modules/cjs/loader:1318:19)
	at require (node:internal/modules/helpers:179:18)
	at z_.xb (file:///usr/lib/code/out/vs/workbench/api/node/extensionHostProcess.js:166:23753)
	at async Promise.all (index 0)
2024-12-13 22:20:59.059 [warning] [mainThreadStorage] large extension state detected (extensionId: sourcegraph.cody-ai, global: true): 1743.2626953125kb. Consider to use 'storageUri' or 'globalStorageUri' to store this data on disk instead.
2024-12-13 22:21:00.009 [info] [perf] Render performance baseline is 105ms
2024-12-13 22:21:01.120 [info] Extension host (LocalProcess pid: 9884) is unresponsive.
2024-12-13 22:21:01.343 [info] Extension host (LocalProcess pid: 9884) is responsive.
2024-12-13 22:21:01.344 [info] UNRESPONSIVE extension host: received responsive event and cancelling profiling session
2024-12-13 22:21:02.416 [error] [Extension Host] DelegatingProxy: Loaded 152 CA certs from noxide
2024-12-13 22:21:02.800 [info] UNRESPONSIVE extension host: starting to profile NOW
2024-12-13 22:21:39.882 [error] [Extension Host] {"stack":"Error: Timeout\n\tat Timeout._onTimeout (/home/zaryu/.vscode-oss/extensions/sourcegraph.cody-ai-1.48.1-universal/dist/extension.node.js:174732:20)\n\tat listOnTimeout (node:internal/timers:581:17)\n\tat process.processTimers (node:internal/timers:519:7)","message":"Timeout","name":"Error","promesa$protocols$IPromiseFactory$":"[object Object]","promesa$protocols$IPromiseFactory$_promise$arity$1":"function(a){return promesa.impl.rejected(this)}"}
2024-12-13 22:21:50.618 [info] Started local extension host with pid 10218.
2024-12-13 22:21:52.742 [warning] [mainThreadStorage] large extension state detected (extensionId: sourcegraph.cody-ai, global: true): 1743.2626953125kb. Consider to use 'storageUri' or 'globalStorageUri' to store this data on disk instead.
2024-12-13 22:21:55.738 [error] [Extension Host] DelegatingProxy: Loaded 152 CA certs from noxide
2024-12-13 22:21:57.549 [error] [Extension Host] TypeError: The "path" argument must be of type string. Received undefined
	at Object.parse (node:path:1528:5)
	at n (/home/zaryu/.vscode-oss/extensions/jnoortheen.nix-ide-0.3.5-universal/dist/extension.js:1:1190)
	at Bi (/home/zaryu/.vscode-oss/extensions/jnoortheen.nix-ide-0.3.5-universal/dist/extension.js:44:41680)
	at Ho.get (/home/zaryu/.vscode-oss/extensions/jnoortheen.nix-ide-0.3.5-universal/dist/extension.js:44:41969)
	at get formatterPath (/home/zaryu/.vscode-oss/extensions/jnoortheen.nix-ide-0.3.5-universal/dist/extension.js:44:42024)
	at Object.<anonymous> (/home/zaryu/.vscode-oss/extensions/jnoortheen.nix-ide-0.3.5-universal/dist/extension.js:44:42449)
	at Module._compile (node:internal/modules/cjs/loader:1484:14)
	at Module._extensions..js (node:internal/modules/cjs/loader:1564:10)
	at Module.load (node:internal/modules/cjs/loader:1295:32)
	at Module._load (node:internal/modules/cjs/loader:1111:12)
	at c._load (node:electron/js2c/node_init:2:16955)
	at e._load (file:///usr/lib/code/out/vs/workbench/api/node/extensionHostProcess.js:174:10879)
	at t._load (file:///usr/lib/code/out/vs/workbench/api/node/extensionHostProcess.js:166:22433)
	at i._load (file:///usr/lib/code/out/vs/workbench/api/node/extensionHostProcess.js:158:4651)
	at Module.require (node:internal/modules/cjs/loader:1318:19)
	at require (node:internal/modules/helpers:179:18)
	at z_.xb (file:///usr/lib/code/out/vs/workbench/api/node/extensionHostProcess.js:166:23753)
	at async Promise.all (index 0)
2024-12-13 22:21:57.552 [error] [Extension Host] TypeError: The "path" argument must be of type string. Received undefined
	at Object.parse (node:path:1528:5)
	at n (/home/zaryu/.vscode-oss/extensions/jnoortheen.nix-ide-0.3.5-universal/dist/extension.js:1:1190)
	at Bi (/home/zaryu/.vscode-oss/extensions/jnoortheen.nix-ide-0.3.5-universal/dist/extension.js:44:41680)
	at Ho.get (/home/zaryu/.vscode-oss/extensions/jnoortheen.nix-ide-0.3.5-universal/dist/extension.js:44:41969)
	at get formatterPath (/home/zaryu/.vscode-oss/extensions/jnoortheen.nix-ide-0.3.5-universal/dist/extension.js:44:42024)
	at Object.<anonymous> (/home/zaryu/.vscode-oss/extensions/jnoortheen.nix-ide-0.3.5-universal/dist/extension.js:44:42501)
	at Module._compile (node:internal/modules/cjs/loader:1484:14)
	at Module._extensions..js (node:internal/modules/cjs/loader:1564:10)
	at Module.load (node:internal/modules/cjs/loader:1295:32)
	at Module._load (node:internal/modules/cjs/loader:1111:12)
	at c._load (node:electron/js2c/node_init:2:16955)
	at e._load (file:///usr/lib/code/out/vs/workbench/api/node/extensionHostProcess.js:174:10879)
	at t._load (file:///usr/lib/code/out/vs/workbench/api/node/extensionHostProcess.js:166:22433)
	at i._load (file:///usr/lib/code/out/vs/workbench/api/node/extensionHostProcess.js:158:4651)
	at Module.require (node:internal/modules/cjs/loader:1318:19)
	at require (node:internal/modules/helpers:179:18)
	at z_.xb (file:///usr/lib/code/out/vs/workbench/api/node/extensionHostProcess.js:166:23753)
	at async Promise.all (index 0)
2024-12-13 22:21:59.586 [info] Started local extension host with pid 10260.
2024-12-13 22:22:01.537 [warning] [mainThreadStorage] large extension state detected (extensionId: sourcegraph.cody-ai, global: true): 1743.2626953125kb. Consider to use 'storageUri' or 'globalStorageUri' to store this data on disk instead.
2024-12-13 22:22:04.905 [error] [Extension Host] DelegatingProxy: Loaded 152 CA certs from noxide
2024-12-13 22:22:09.214 [error] No registered selector for ID: ms-vscode.npm-command
2024-12-13 22:22:49.798 [error] [Extension Host] {"stack":"Error: Timeout\n\tat Timeout._onTimeout (/home/zaryu/.vscode-oss/extensions/sourcegraph.cody-ai-1.48.1-universal/dist/extension.node.js:174732:20)\n\tat listOnTimeout (node:internal/timers:581:17)\n\tat process.processTimers (node:internal/timers:519:7)","message":"Timeout","name":"Error","promesa$protocols$IPromiseFactory$":"[object Object]","promesa$protocols$IPromiseFactory$_promise$arity$1":"function(a){return promesa.impl.rejected(this)}"}
2024-12-13 22:22:51.780 [warning] [backup tracker] suspended, ignoring unregister event file:///home/zaryu/.vscode-oss/extensions/sourcegraph.cody-ai-1.48.1-universal/walkthroughs/cody_tutorial.py 
