2024-12-13 22:20:52.407 [info] Added views:outline in workbench.view.explorer
2024-12-13 22:20:52.407 [info] Added views:workbench.view.search in workbench.view.search
2024-12-13 22:20:52.407 [info] Added views:workbench.scm in workbench.view.scm
2024-12-13 22:20:52.407 [info] Added views:workbench.panel.markers.view in workbench.panel.markers
2024-12-13 22:20:52.407 [info] Added views:workbench.panel.output in workbench.panel.output
2024-12-13 22:20:52.407 [info] Added views:terminal in terminal
2024-12-13 22:20:52.407 [info] Added views:timeline in workbench.view.explorer
2024-12-13 22:20:52.407 [info] Added views:workbench.explorer.fileView in workbench.view.explorer
2024-12-13 22:20:53.726 [info] Added views:workbench.debug.welcome in workbench.view.debug
2024-12-13 22:20:55.546 [info] Added views:cody.chat in workbench.view.extension.cody
2024-12-13 22:20:56.070 [info] Added views:workbench.panel.repl.view in workbench.panel.repl
2024-12-13 22:20:58.223 [info] Added views:~remote.forwardedPorts in ~remote.forwardedPortsContainer
2024-12-13 22:21:50.396 [info] Removed views:workbench.explorer.fileView from workbench.view.explorer
2024-12-13 22:21:50.455 [info] Added views:workbench.explorer.emptyView in workbench.view.explorer
2024-12-13 22:21:51.228 [info] Removed views:workbench.panel.repl.view from workbench.panel.repl
2024-12-13 22:21:52.732 [info] Added views:workbench.panel.repl.view in workbench.panel.repl
2024-12-13 22:21:59.203 [info] Removed views:workbench.explorer.emptyView from workbench.view.explorer
2024-12-13 22:21:59.265 [info] Added views:workbench.explorer.fileView in workbench.view.explorer
2024-12-13 22:22:00.077 [info] Removed views:workbench.panel.repl.view from workbench.panel.repl
2024-12-13 22:22:01.271 [info] Added views:workbench.panel.repl.view in workbench.panel.repl
