2024-12-13 22:03:54.397 [warning] Creation of workbench contribution 'workbench.contrib.preferencesActions' took 24ms.
2024-12-13 22:03:56.135 [info] Started local extension host with pid 7305.
2024-12-13 22:04:00.820 [error] [Extension Host] TypeError: Cannot read properties of undefined (reading 'replace')
	at n (/home/zaryu/.vscode-oss/extensions/jnoortheen.nix-ide-0.3.5-universal/dist/extension.js:1:1090)
	at Bi (/home/zaryu/.vscode-oss/extensions/jnoortheen.nix-ide-0.3.5-universal/dist/extension.js:44:41680)
	at Ho.get (/home/zaryu/.vscode-oss/extensions/jnoortheen.nix-ide-0.3.5-universal/dist/extension.js:44:41969)
	at get formatterPath (/home/zaryu/.vscode-oss/extensions/jnoortheen.nix-ide-0.3.5-universal/dist/extension.js:44:42024)
	at Object.<anonymous> (/home/zaryu/.vscode-oss/extensions/jnoortheen.nix-ide-0.3.5-universal/dist/extension.js:44:42449)
	at Module._compile (node:internal/modules/cjs/loader:1484:14)
	at Module._extensions..js (node:internal/modules/cjs/loader:1564:10)
	at Module.load (node:internal/modules/cjs/loader:1295:32)
	at Module._load (node:internal/modules/cjs/loader:1111:12)
	at c._load (node:electron/js2c/node_init:2:16955)
	at e._load (file:///usr/lib/code/out/vs/workbench/api/node/extensionHostProcess.js:174:10879)
	at t._load (file:///usr/lib/code/out/vs/workbench/api/node/extensionHostProcess.js:166:22433)
	at i._load (file:///usr/lib/code/out/vs/workbench/api/node/extensionHostProcess.js:158:4651)
	at Module.require (node:internal/modules/cjs/loader:1318:19)
	at require (node:internal/modules/helpers:179:18)
	at z_.xb (file:///usr/lib/code/out/vs/workbench/api/node/extensionHostProcess.js:166:23753)
	at async Promise.all (index 0)
2024-12-13 22:04:00.821 [error] [Extension Host] TypeError: Cannot read properties of undefined (reading 'replace')
	at n (/home/zaryu/.vscode-oss/extensions/jnoortheen.nix-ide-0.3.5-universal/dist/extension.js:1:1090)
	at Bi (/home/zaryu/.vscode-oss/extensions/jnoortheen.nix-ide-0.3.5-universal/dist/extension.js:44:41680)
	at Ho.get (/home/zaryu/.vscode-oss/extensions/jnoortheen.nix-ide-0.3.5-universal/dist/extension.js:44:41969)
	at get formatterPath (/home/zaryu/.vscode-oss/extensions/jnoortheen.nix-ide-0.3.5-universal/dist/extension.js:44:42024)
	at Object.<anonymous> (/home/zaryu/.vscode-oss/extensions/jnoortheen.nix-ide-0.3.5-universal/dist/extension.js:44:42501)
	at Module._compile (node:internal/modules/cjs/loader:1484:14)
	at Module._extensions..js (node:internal/modules/cjs/loader:1564:10)
	at Module.load (node:internal/modules/cjs/loader:1295:32)
	at Module._load (node:internal/modules/cjs/loader:1111:12)
	at c._load (node:electron/js2c/node_init:2:16955)
	at e._load (file:///usr/lib/code/out/vs/workbench/api/node/extensionHostProcess.js:174:10879)
	at t._load (file:///usr/lib/code/out/vs/workbench/api/node/extensionHostProcess.js:166:22433)
	at i._load (file:///usr/lib/code/out/vs/workbench/api/node/extensionHostProcess.js:158:4651)
	at Module.require (node:internal/modules/cjs/loader:1318:19)
	at require (node:internal/modules/helpers:179:18)
	at z_.xb (file:///usr/lib/code/out/vs/workbench/api/node/extensionHostProcess.js:166:23753)
	at async Promise.all (index 0)
2024-12-13 22:04:01.555 [warning] [mainThreadStorage] large extension state detected (extensionId: sourcegraph.cody-ai, global: true): 1743.2626953125kb. Consider to use 'storageUri' or 'globalStorageUri' to store this data on disk instead.
2024-12-13 22:04:03.958 [error] [Extension Host] DelegatingProxy: Loaded 152 CA certs from noxide
2024-12-13 22:04:05.433 [info] [perf] Render performance baseline is 99ms
2024-12-13 22:04:46.514 [error] [Extension Host] {"stack":"Error: Timeout\n\tat Timeout._onTimeout (/home/zaryu/.vscode-oss/extensions/sourcegraph.cody-ai-1.48.1-universal/dist/extension.node.js:174732:20)\n\tat listOnTimeout (node:internal/timers:581:17)\n\tat process.processTimers (node:internal/timers:519:7)","message":"Timeout","name":"Error","promesa$protocols$IPromiseFactory$":"[object Object]","promesa$protocols$IPromiseFactory$_promise$arity$1":"function(a){return promesa.impl.rejected(this)}"}
2024-12-13 22:05:22.290 [error] [Extension Host] {"stack":"Error: Timeout\n\tat Timeout._onTimeout (/home/zaryu/.vscode-oss/extensions/sourcegraph.cody-ai-1.48.1-universal/dist/extension.node.js:174732:20)\n\tat listOnTimeout (node:internal/timers:581:17)\n\tat process.processTimers (node:internal/timers:519:7)","message":"Timeout","name":"Error","promesa$protocols$IPromiseFactory$":"[object Object]","promesa$protocols$IPromiseFactory$_promise$arity$1":"function(a){return promesa.impl.rejected(this)}"}
2024-12-13 22:06:02.464 [error] [Extension Host] {"stack":"Error: Timeout\n\tat Timeout._onTimeout (/home/zaryu/.vscode-oss/extensions/sourcegraph.cody-ai-1.48.1-universal/dist/extension.node.js:174732:20)\n\tat listOnTimeout (node:internal/timers:581:17)\n\tat process.processTimers (node:internal/timers:519:7)","message":"Timeout","name":"Error","promesa$protocols$IPromiseFactory$":"[object Object]","promesa$protocols$IPromiseFactory$_promise$arity$1":"function(a){return promesa.impl.rejected(this)}"}
2024-12-13 22:06:48.066 [error] [Extension Host] {"stack":"Error: Timeout\n\tat Timeout._onTimeout (/home/zaryu/.vscode-oss/extensions/sourcegraph.cody-ai-1.48.1-universal/dist/extension.node.js:174732:20)\n\tat listOnTimeout (node:internal/timers:581:17)\n\tat process.processTimers (node:internal/timers:519:7)","message":"Timeout","name":"Error","promesa$protocols$IPromiseFactory$":"[object Object]","promesa$protocols$IPromiseFactory$_promise$arity$1":"function(a){return promesa.impl.rejected(this)}"}
2024-12-13 22:07:29.067 [error] [Extension Host] {"stack":"Error: Timeout\n\tat Timeout._onTimeout (/home/zaryu/.vscode-oss/extensions/sourcegraph.cody-ai-1.48.1-universal/dist/extension.node.js:174732:20)\n\tat listOnTimeout (node:internal/timers:581:17)\n\tat process.processTimers (node:internal/timers:519:7)","message":"Timeout","name":"Error","promesa$protocols$IPromiseFactory$":"[object Object]","promesa$protocols$IPromiseFactory$_promise$arity$1":"function(a){return promesa.impl.rejected(this)}"}
2024-12-13 22:08:22.332 [error] [Extension Host] {"stack":"Error: Timeout\n\tat Timeout._onTimeout (/home/zaryu/.vscode-oss/extensions/sourcegraph.cody-ai-1.48.1-universal/dist/extension.node.js:174732:20)\n\tat listOnTimeout (node:internal/timers:581:17)\n\tat process.processTimers (node:internal/timers:519:7)","message":"Timeout","name":"Error","promesa$protocols$IPromiseFactory$":"[object Object]","promesa$protocols$IPromiseFactory$_promise$arity$1":"function(a){return promesa.impl.rejected(this)}"}
2024-12-13 22:08:57.778 [error] [Extension Host] {"stack":"Error: Timeout\n\tat Timeout._onTimeout (/home/zaryu/.vscode-oss/extensions/sourcegraph.cody-ai-1.48.1-universal/dist/extension.node.js:174732:20)\n\tat listOnTimeout (node:internal/timers:581:17)\n\tat process.processTimers (node:internal/timers:519:7)","message":"Timeout","name":"Error","promesa$protocols$IPromiseFactory$":"[object Object]","promesa$protocols$IPromiseFactory$_promise$arity$1":"function(a){return promesa.impl.rejected(this)}"}
2024-12-13 22:09:46.467 [error] [Extension Host] {"stack":"Error: Timeout\n\tat Timeout._onTimeout (/home/zaryu/.vscode-oss/extensions/sourcegraph.cody-ai-1.48.1-universal/dist/extension.node.js:174732:20)\n\tat listOnTimeout (node:internal/timers:581:17)\n\tat process.processTimers (node:internal/timers:519:7)","message":"Timeout","name":"Error","promesa$protocols$IPromiseFactory$":"[object Object]","promesa$protocols$IPromiseFactory$_promise$arity$1":"function(a){return promesa.impl.rejected(this)}"}
2024-12-13 22:09:48.765 [error] [Extension Host] Error: Git error
	at ChildProcess.<anonymous> (/usr/lib/code/extensions/git/dist/main.js:2:1044348)
	at ChildProcess.emit (node:events:530:35)
	at ChildProcess.emit (node:domain:489:12)
	at ChildProcess._handle.onexit (node:internal/child_process:293:12)
	at Process.callbackTrampoline (node:internal/async_hooks:130:17)
2024-12-13 22:09:55.383 [error] [Extension Host] Error: Git error
	at ChildProcess.<anonymous> (/usr/lib/code/extensions/git/dist/main.js:2:1044348)
	at ChildProcess.emit (node:events:530:35)
	at ChildProcess.emit (node:domain:489:12)
	at ChildProcess._handle.onexit (node:internal/child_process:293:12)
	at Process.callbackTrampoline (node:internal/async_hooks:130:17)
2024-12-13 22:09:57.237 [error] [Extension Host] Error: Git error
	at ChildProcess.<anonymous> (/usr/lib/code/extensions/git/dist/main.js:2:1044348)
	at ChildProcess.emit (node:events:530:35)
	at ChildProcess.emit (node:domain:489:12)
	at ChildProcess._handle.onexit (node:internal/child_process:293:12)
	at Process.callbackTrampoline (node:internal/async_hooks:130:17)
2024-12-13 22:09:58.778 [error] [Extension Host] Error: Git error
	at ChildProcess.<anonymous> (/usr/lib/code/extensions/git/dist/main.js:2:1044348)
	at ChildProcess.emit (node:events:530:35)
	at ChildProcess.emit (node:domain:489:12)
	at ChildProcess._handle.onexit (node:internal/child_process:293:12)
	at Process.callbackTrampoline (node:internal/async_hooks:130:17)
2024-12-13 22:10:03.328 [error] [Extension Host] Error: Git error
	at ChildProcess.<anonymous> (/usr/lib/code/extensions/git/dist/main.js:2:1044348)
	at ChildProcess.emit (node:events:530:35)
	at ChildProcess.emit (node:domain:489:12)
	at ChildProcess._handle.onexit (node:internal/child_process:293:12)
	at Process.callbackTrampoline (node:internal/async_hooks:130:17)
2024-12-13 22:10:22.846 [error] [Extension Host] Error: Git error
	at ChildProcess.<anonymous> (/usr/lib/code/extensions/git/dist/main.js:2:1044348)
	at ChildProcess.emit (node:events:530:35)
	at ChildProcess.emit (node:domain:489:12)
	at ChildProcess._handle.onexit (node:internal/child_process:293:12)
	at Process.callbackTrampoline (node:internal/async_hooks:130:17)
2024-12-13 22:10:23.608 [error] [Extension Host] Error: Git error
	at ChildProcess.<anonymous> (/usr/lib/code/extensions/git/dist/main.js:2:1044348)
	at ChildProcess.emit (node:events:530:35)
	at ChildProcess.emit (node:domain:489:12)
	at ChildProcess._handle.onexit (node:internal/child_process:293:12)
	at Process.callbackTrampoline (node:internal/async_hooks:130:17)
2024-12-13 22:10:24.846 [error] [Extension Host] Error: Git error
	at ChildProcess.<anonymous> (/usr/lib/code/extensions/git/dist/main.js:2:1044348)
	at ChildProcess.emit (node:events:530:35)
	at ChildProcess.emit (node:domain:489:12)
	at ChildProcess._handle.onexit (node:internal/child_process:293:12)
	at Process.callbackTrampoline (node:internal/async_hooks:130:17)
2024-12-13 22:10:28.860 [error] [Extension Host] Error: Git error
	at ChildProcess.<anonymous> (/usr/lib/code/extensions/git/dist/main.js:2:1044348)
	at ChildProcess.emit (node:events:530:35)
	at ChildProcess.emit (node:domain:489:12)
	at ChildProcess._handle.onexit (node:internal/child_process:293:12)
	at Process.callbackTrampoline (node:internal/async_hooks:130:17)
2024-12-13 22:10:30.221 [error] [Extension Host] Error: Git error
	at ChildProcess.<anonymous> (/usr/lib/code/extensions/git/dist/main.js:2:1044348)
	at ChildProcess.emit (node:events:530:35)
	at ChildProcess.emit (node:domain:489:12)
	at ChildProcess._handle.onexit (node:internal/child_process:293:12)
	at Process.callbackTrampoline (node:internal/async_hooks:130:17)
2024-12-13 22:10:48.407 [error] [Extension Host] {"stack":"Error: Timeout\n\tat Timeout._onTimeout (/home/zaryu/.vscode-oss/extensions/sourcegraph.cody-ai-1.48.1-universal/dist/extension.node.js:174732:20)\n\tat listOnTimeout (node:internal/timers:581:17)\n\tat process.processTimers (node:internal/timers:519:7)","message":"Timeout","name":"Error","promesa$protocols$IPromiseFactory$":"[object Object]","promesa$protocols$IPromiseFactory$_promise$arity$1":"function(a){return promesa.impl.rejected(this)}"}
2024-12-13 22:11:24.870 [error] [Extension Host] {"stack":"Error: Timeout\n\tat Timeout._onTimeout (/home/zaryu/.vscode-oss/extensions/sourcegraph.cody-ai-1.48.1-universal/dist/extension.node.js:174732:20)\n\tat listOnTimeout (node:internal/timers:581:17)\n\tat process.processTimers (node:internal/timers:519:7)","message":"Timeout","name":"Error","promesa$protocols$IPromiseFactory$":"[object Object]","promesa$protocols$IPromiseFactory$_promise$arity$1":"function(a){return promesa.impl.rejected(this)}"}
2024-12-13 22:12:33.975 [error] [Extension Host] {"stack":"Error: Timeout\n\tat Timeout._onTimeout (/home/zaryu/.vscode-oss/extensions/sourcegraph.cody-ai-1.48.1-universal/dist/extension.node.js:174732:20)\n\tat listOnTimeout (node:internal/timers:581:17)\n\tat process.processTimers (node:internal/timers:519:7)","message":"Timeout","name":"Error","promesa$protocols$IPromiseFactory$":"[object Object]","promesa$protocols$IPromiseFactory$_promise$arity$1":"function(a){return promesa.impl.rejected(this)}"}
2024-12-13 22:13:11.957 [error] [Extension Host] {"stack":"Error: Timeout\n\tat Timeout._onTimeout (/home/zaryu/.vscode-oss/extensions/sourcegraph.cody-ai-1.48.1-universal/dist/extension.node.js:174732:20)\n\tat listOnTimeout (node:internal/timers:581:17)\n\tat process.processTimers (node:internal/timers:519:7)","message":"Timeout","name":"Error","promesa$protocols$IPromiseFactory$":"[object Object]","promesa$protocols$IPromiseFactory$_promise$arity$1":"function(a){return promesa.impl.rejected(this)}"}
2024-12-13 22:13:48.047 [error] [Extension Host] {"stack":"Error: Timeout\n\tat Timeout._onTimeout (/home/zaryu/.vscode-oss/extensions/sourcegraph.cody-ai-1.48.1-universal/dist/extension.node.js:174732:20)\n\tat listOnTimeout (node:internal/timers:581:17)\n\tat process.processTimers (node:internal/timers:519:7)","message":"Timeout","name":"Error","promesa$protocols$IPromiseFactory$":"[object Object]","promesa$protocols$IPromiseFactory$_promise$arity$1":"function(a){return promesa.impl.rejected(this)}"}
2024-12-13 22:14:18.054 [error] [Extension Host] {"stack":"Error: Timeout\n\tat Timeout._onTimeout (/home/zaryu/.vscode-oss/extensions/sourcegraph.cody-ai-1.48.1-universal/dist/extension.node.js:174732:20)\n\tat listOnTimeout (node:internal/timers:581:17)\n\tat process.processTimers (node:internal/timers:519:7)","message":"Timeout","name":"Error","promesa$protocols$IPromiseFactory$":"[object Object]","promesa$protocols$IPromiseFactory$_promise$arity$1":"function(a){return promesa.impl.rejected(this)}"}
2024-12-13 22:14:48.182 [error] [Extension Host] {"stack":"Error: Timeout\n\tat Timeout._onTimeout (/home/zaryu/.vscode-oss/extensions/sourcegraph.cody-ai-1.48.1-universal/dist/extension.node.js:174732:20)\n\tat listOnTimeout (node:internal/timers:581:17)\n\tat process.processTimers (node:internal/timers:519:7)","message":"Timeout","name":"Error","promesa$protocols$IPromiseFactory$":"[object Object]","promesa$protocols$IPromiseFactory$_promise$arity$1":"function(a){return promesa.impl.rejected(this)}"}
2024-12-13 22:15:23.206 [error] [Extension Host] {"stack":"Error: Timeout\n\tat Timeout._onTimeout (/home/zaryu/.vscode-oss/extensions/sourcegraph.cody-ai-1.48.1-universal/dist/extension.node.js:174732:20)\n\tat listOnTimeout (node:internal/timers:581:17)\n\tat process.processTimers (node:internal/timers:519:7)","message":"Timeout","name":"Error","promesa$protocols$IPromiseFactory$":"[object Object]","promesa$protocols$IPromiseFactory$_promise$arity$1":"function(a){return promesa.impl.rejected(this)}"}
2024-12-13 22:16:04.203 [error] [Extension Host] {"stack":"Error: Timeout\n\tat Timeout._onTimeout (/home/zaryu/.vscode-oss/extensions/sourcegraph.cody-ai-1.48.1-universal/dist/extension.node.js:174732:20)\n\tat listOnTimeout (node:internal/timers:581:17)\n\tat process.processTimers (node:internal/timers:519:7)","message":"Timeout","name":"Error","promesa$protocols$IPromiseFactory$":"[object Object]","promesa$protocols$IPromiseFactory$_promise$arity$1":"function(a){return promesa.impl.rejected(this)}"}
2024-12-13 22:16:44.779 [error] [Extension Host] {"stack":"Error: Timeout\n\tat Timeout._onTimeout (/home/zaryu/.vscode-oss/extensions/sourcegraph.cody-ai-1.48.1-universal/dist/extension.node.js:174732:20)\n\tat listOnTimeout (node:internal/timers:581:17)\n\tat process.processTimers (node:internal/timers:519:7)","message":"Timeout","name":"Error","promesa$protocols$IPromiseFactory$":"[object Object]","promesa$protocols$IPromiseFactory$_promise$arity$1":"function(a){return promesa.impl.rejected(this)}"}
2024-12-13 22:17:21.341 [error] [Extension Host] {"stack":"Error: Timeout\n\tat Timeout._onTimeout (/home/zaryu/.vscode-oss/extensions/sourcegraph.cody-ai-1.48.1-universal/dist/extension.node.js:174732:20)\n\tat listOnTimeout (node:internal/timers:581:17)\n\tat process.processTimers (node:internal/timers:519:7)","message":"Timeout","name":"Error","promesa$protocols$IPromiseFactory$":"[object Object]","promesa$protocols$IPromiseFactory$_promise$arity$1":"function(a){return promesa.impl.rejected(this)}"}
2024-12-13 22:17:56.715 [error] [Extension Host] {"stack":"Error: Timeout\n\tat Timeout._onTimeout (/home/zaryu/.vscode-oss/extensions/sourcegraph.cody-ai-1.48.1-universal/dist/extension.node.js:174732:20)\n\tat listOnTimeout (node:internal/timers:581:17)\n\tat process.processTimers (node:internal/timers:519:7)","message":"Timeout","name":"Error","promesa$protocols$IPromiseFactory$":"[object Object]","promesa$protocols$IPromiseFactory$_promise$arity$1":"function(a){return promesa.impl.rejected(this)}"}
2024-12-13 22:18:30.832 [error] Model is disposed!: Error: Model is disposed!
    at Ew.jb (vscode-file://vscode-app/usr/lib/code/out/vs/workbench/workbench.desktop.main.js:250:257)
    at Ew.getLineCount (vscode-file://vscode-app/usr/lib/code/out/vs/workbench/workbench.desktop.main.js:252:4115)
    at vscode-file://vscode-app/usr/lib/code/out/vs/workbench/workbench.desktop.main.js:424:41506
    at async Promise.all (index 0)
    at async vscode-file://vscode-app/usr/lib/code/out/vs/workbench/workbench.desktop.main.js:433:7155
2024-12-13 22:18:30.998 [error] [Extension Host] CodeExpectedError: cannot open file:///home/zaryu/.config/ags2/modules/osd/index.ts. Detail: Unable to read file '/home/zaryu/.config/ags2/modules/osd/index.ts' (Error: Unable to resolve nonexistent file '/home/zaryu/.config/ags2/modules/osd/index.ts')
    at OFe.$tryOpenDocument (vscode-file://vscode-app/usr/lib/code/out/vs/workbench/workbench.desktop.main.js:615:8481)
2024-12-13 22:18:40.159 [error] [Extension Host] {"stack":"Error: Timeout\n\tat Timeout._onTimeout (/home/zaryu/.vscode-oss/extensions/sourcegraph.cody-ai-1.48.1-universal/dist/extension.node.js:174732:20)\n\tat listOnTimeout (node:internal/timers:581:17)\n\tat process.processTimers (node:internal/timers:519:7)","message":"Timeout","name":"Error","promesa$protocols$IPromiseFactory$":"[object Object]","promesa$protocols$IPromiseFactory$_promise$arity$1":"function(a){return promesa.impl.rejected(this)}"}
2024-12-13 22:18:52.100 [error] [Extension Host] CodeExpectedError: cannot open file:///home/zaryu/.config/ags2/options.ts. Detail: Unable to read file '/home/zaryu/.config/ags2/options.ts' (Error: Unable to resolve nonexistent file '/home/zaryu/.config/ags2/options.ts')
    at OFe.$tryOpenDocument (vscode-file://vscode-app/usr/lib/code/out/vs/workbench/workbench.desktop.main.js:615:8481)
2024-12-13 22:18:52.102 [error] [Extension Host] CodeExpectedError: cannot open file:///home/zaryu/.config/ags2/modules/osd/index.ts. Detail: Unable to read file '/home/zaryu/.config/ags2/modules/osd/index.ts' (Error: Unable to resolve nonexistent file '/home/zaryu/.config/ags2/modules/osd/index.ts')
    at OFe.$tryOpenDocument (vscode-file://vscode-app/usr/lib/code/out/vs/workbench/workbench.desktop.main.js:615:8481)
2024-12-13 22:18:52.897 [error] [Extension Host] CodeExpectedError: cannot open file:///home/zaryu/.config/ags2/options.ts. Detail: Unable to read file '/home/zaryu/.config/ags2/options.ts' (Error: Unable to resolve nonexistent file '/home/zaryu/.config/ags2/options.ts')
    at OFe.$tryOpenDocument (vscode-file://vscode-app/usr/lib/code/out/vs/workbench/workbench.desktop.main.js:615:8481)
2024-12-13 22:18:52.899 [error] [Extension Host] CodeExpectedError: cannot open file:///home/zaryu/.config/ags2/modules/osd/index.ts. Detail: Unable to read file '/home/zaryu/.config/ags2/modules/osd/index.ts' (Error: Unable to resolve nonexistent file '/home/zaryu/.config/ags2/modules/osd/index.ts')
    at OFe.$tryOpenDocument (vscode-file://vscode-app/usr/lib/code/out/vs/workbench/workbench.desktop.main.js:615:8481)
2024-12-13 22:18:53.626 [error] [Extension Host] CodeExpectedError: cannot open file:///home/zaryu/.config/ags2/options.ts. Detail: Unable to read file '/home/zaryu/.config/ags2/options.ts' (Error: Unable to resolve nonexistent file '/home/zaryu/.config/ags2/options.ts')
    at OFe.$tryOpenDocument (vscode-file://vscode-app/usr/lib/code/out/vs/workbench/workbench.desktop.main.js:615:8481)
2024-12-13 22:18:53.628 [error] [Extension Host] CodeExpectedError: cannot open file:///home/zaryu/.config/ags2/modules/osd/index.ts. Detail: Unable to read file '/home/zaryu/.config/ags2/modules/osd/index.ts' (Error: Unable to resolve nonexistent file '/home/zaryu/.config/ags2/modules/osd/index.ts')
    at OFe.$tryOpenDocument (vscode-file://vscode-app/usr/lib/code/out/vs/workbench/workbench.desktop.main.js:615:8481)
2024-12-13 22:18:54.151 [error] [Extension Host] CodeExpectedError: cannot open file:///home/zaryu/.config/ags2/options.ts. Detail: Unable to read file '/home/zaryu/.config/ags2/options.ts' (Error: Unable to resolve nonexistent file '/home/zaryu/.config/ags2/options.ts')
    at OFe.$tryOpenDocument (vscode-file://vscode-app/usr/lib/code/out/vs/workbench/workbench.desktop.main.js:615:8481)
2024-12-13 22:18:54.153 [error] [Extension Host] CodeExpectedError: cannot open file:///home/zaryu/.config/ags2/modules/osd/index.ts. Detail: Unable to read file '/home/zaryu/.config/ags2/modules/osd/index.ts' (Error: Unable to resolve nonexistent file '/home/zaryu/.config/ags2/modules/osd/index.ts')
    at OFe.$tryOpenDocument (vscode-file://vscode-app/usr/lib/code/out/vs/workbench/workbench.desktop.main.js:615:8481)
2024-12-13 22:19:00.174 [error] [Extension Host] CodeExpectedError: cannot open file:///home/zaryu/.config/ags2/options.ts. Detail: Unable to read file '/home/zaryu/.config/ags2/options.ts' (Error: Unable to resolve nonexistent file '/home/zaryu/.config/ags2/options.ts')
    at OFe.$tryOpenDocument (vscode-file://vscode-app/usr/lib/code/out/vs/workbench/workbench.desktop.main.js:615:8481)
2024-12-13 22:19:00.179 [error] [Extension Host] CodeExpectedError: cannot open file:///home/zaryu/.config/ags2/options.ts. Detail: Unable to read file '/home/zaryu/.config/ags2/options.ts' (Error: Unable to resolve nonexistent file '/home/zaryu/.config/ags2/options.ts')
    at OFe.$tryOpenDocument (vscode-file://vscode-app/usr/lib/code/out/vs/workbench/workbench.desktop.main.js:615:8481)
2024-12-13 22:19:00.183 [error] [Extension Host] CodeExpectedError: cannot open file:///home/zaryu/.config/ags2/options.ts. Detail: Unable to read file '/home/zaryu/.config/ags2/options.ts' (Error: Unable to resolve nonexistent file '/home/zaryu/.config/ags2/options.ts')
    at OFe.$tryOpenDocument (vscode-file://vscode-app/usr/lib/code/out/vs/workbench/workbench.desktop.main.js:615:8481)
2024-12-13 22:19:00.207 [error] [Extension Host] CodeExpectedError: cannot open file:///home/zaryu/.config/ags2/modules/osd/index.ts. Detail: Unable to read file '/home/zaryu/.config/ags2/modules/osd/index.ts' (Error: Unable to resolve nonexistent file '/home/zaryu/.config/ags2/modules/osd/index.ts')
    at OFe.$tryOpenDocument (vscode-file://vscode-app/usr/lib/code/out/vs/workbench/workbench.desktop.main.js:615:8481)
2024-12-13 22:19:00.211 [error] [Extension Host] CodeExpectedError: cannot open file:///home/zaryu/.config/ags2/modules/osd/index.ts. Detail: Unable to read file '/home/zaryu/.config/ags2/modules/osd/index.ts' (Error: Unable to resolve nonexistent file '/home/zaryu/.config/ags2/modules/osd/index.ts')
    at OFe.$tryOpenDocument (vscode-file://vscode-app/usr/lib/code/out/vs/workbench/workbench.desktop.main.js:615:8481)
2024-12-13 22:19:00.212 [error] [Extension Host] CodeExpectedError: cannot open file:///home/zaryu/.config/ags2/modules/osd/index.ts. Detail: Unable to read file '/home/zaryu/.config/ags2/modules/osd/index.ts' (Error: Unable to resolve nonexistent file '/home/zaryu/.config/ags2/modules/osd/index.ts')
    at OFe.$tryOpenDocument (vscode-file://vscode-app/usr/lib/code/out/vs/workbench/workbench.desktop.main.js:615:8481)
2024-12-13 22:19:01.542 [error] [Extension Host] CodeExpectedError: cannot open file:///home/zaryu/.config/ags2/options.ts. Detail: Unable to read file '/home/zaryu/.config/ags2/options.ts' (Error: Unable to resolve nonexistent file '/home/zaryu/.config/ags2/options.ts')
    at OFe.$tryOpenDocument (vscode-file://vscode-app/usr/lib/code/out/vs/workbench/workbench.desktop.main.js:615:8481)
2024-12-13 22:19:01.545 [error] [Extension Host] CodeExpectedError: cannot open file:///home/zaryu/.config/ags2/modules/osd/index.ts. Detail: Unable to read file '/home/zaryu/.config/ags2/modules/osd/index.ts' (Error: Unable to resolve nonexistent file '/home/zaryu/.config/ags2/modules/osd/index.ts')
    at OFe.$tryOpenDocument (vscode-file://vscode-app/usr/lib/code/out/vs/workbench/workbench.desktop.main.js:615:8481)
2024-12-13 22:19:14.754 [error] [Extension Host] CodeExpectedError: cannot open file:///home/zaryu/.config/ags2/options.ts. Detail: Unable to read file '/home/zaryu/.config/ags2/options.ts' (Error: Unable to resolve nonexistent file '/home/zaryu/.config/ags2/options.ts')
    at OFe.$tryOpenDocument (vscode-file://vscode-app/usr/lib/code/out/vs/workbench/workbench.desktop.main.js:615:8481)
2024-12-13 22:19:14.757 [error] [Extension Host] CodeExpectedError: cannot open file:///home/zaryu/.config/ags2/modules/osd/index.ts. Detail: Unable to read file '/home/zaryu/.config/ags2/modules/osd/index.ts' (Error: Unable to resolve nonexistent file '/home/zaryu/.config/ags2/modules/osd/index.ts')
    at OFe.$tryOpenDocument (vscode-file://vscode-app/usr/lib/code/out/vs/workbench/workbench.desktop.main.js:615:8481)
2024-12-13 22:19:16.533 [error] [Extension Host] {"stack":"Error: Timeout\n\tat Timeout._onTimeout (/home/zaryu/.vscode-oss/extensions/sourcegraph.cody-ai-1.48.1-universal/dist/extension.node.js:174732:20)\n\tat listOnTimeout (node:internal/timers:581:17)\n\tat process.processTimers (node:internal/timers:519:7)","message":"Timeout","name":"Error","promesa$protocols$IPromiseFactory$":"[object Object]","promesa$protocols$IPromiseFactory$_promise$arity$1":"function(a){return promesa.impl.rejected(this)}"}
2024-12-13 22:19:18.180 [error] [Extension Host] CodeExpectedError: cannot open file:///home/zaryu/.config/ags2/options.ts. Detail: Unable to read file '/home/zaryu/.config/ags2/options.ts' (Error: Unable to resolve nonexistent file '/home/zaryu/.config/ags2/options.ts')
    at OFe.$tryOpenDocument (vscode-file://vscode-app/usr/lib/code/out/vs/workbench/workbench.desktop.main.js:615:8481)
2024-12-13 22:19:18.183 [error] [Extension Host] CodeExpectedError: cannot open file:///home/zaryu/.config/ags2/modules/osd/index.ts. Detail: Unable to read file '/home/zaryu/.config/ags2/modules/osd/index.ts' (Error: Unable to resolve nonexistent file '/home/zaryu/.config/ags2/modules/osd/index.ts')
    at OFe.$tryOpenDocument (vscode-file://vscode-app/usr/lib/code/out/vs/workbench/workbench.desktop.main.js:615:8481)
2024-12-13 22:19:19.043 [error] [Extension Host] CodeExpectedError: cannot open file:///home/zaryu/.config/ags2/options.ts. Detail: Unable to read file '/home/zaryu/.config/ags2/options.ts' (Error: Unable to resolve nonexistent file '/home/zaryu/.config/ags2/options.ts')
    at OFe.$tryOpenDocument (vscode-file://vscode-app/usr/lib/code/out/vs/workbench/workbench.desktop.main.js:615:8481)
2024-12-13 22:19:19.044 [error] [Extension Host] CodeExpectedError: cannot open file:///home/zaryu/.config/ags2/modules/osd/index.ts. Detail: Unable to read file '/home/zaryu/.config/ags2/modules/osd/index.ts' (Error: Unable to resolve nonexistent file '/home/zaryu/.config/ags2/modules/osd/index.ts')
    at OFe.$tryOpenDocument (vscode-file://vscode-app/usr/lib/code/out/vs/workbench/workbench.desktop.main.js:615:8481)
2024-12-13 22:19:19.243 [error] [Extension Host] CodeExpectedError: cannot open file:///home/zaryu/.config/ags2/options.ts. Detail: Unable to read file '/home/zaryu/.config/ags2/options.ts' (Error: Unable to resolve nonexistent file '/home/zaryu/.config/ags2/options.ts')
    at OFe.$tryOpenDocument (vscode-file://vscode-app/usr/lib/code/out/vs/workbench/workbench.desktop.main.js:615:8481)
2024-12-13 22:19:19.246 [error] [Extension Host] CodeExpectedError: cannot open file:///home/zaryu/.config/ags2/options.ts. Detail: Unable to read file '/home/zaryu/.config/ags2/options.ts' (Error: Unable to resolve nonexistent file '/home/zaryu/.config/ags2/options.ts')
    at OFe.$tryOpenDocument (vscode-file://vscode-app/usr/lib/code/out/vs/workbench/workbench.desktop.main.js:615:8481)
2024-12-13 22:19:19.247 [error] [Extension Host] CodeExpectedError: cannot open file:///home/zaryu/.config/ags2/modules/osd/index.ts. Detail: Unable to read file '/home/zaryu/.config/ags2/modules/osd/index.ts' (Error: Unable to resolve nonexistent file '/home/zaryu/.config/ags2/modules/osd/index.ts')
    at OFe.$tryOpenDocument (vscode-file://vscode-app/usr/lib/code/out/vs/workbench/workbench.desktop.main.js:615:8481)
2024-12-13 22:19:19.248 [error] [Extension Host] CodeExpectedError: cannot open file:///home/zaryu/.config/ags2/modules/osd/index.ts. Detail: Unable to read file '/home/zaryu/.config/ags2/modules/osd/index.ts' (Error: Unable to resolve nonexistent file '/home/zaryu/.config/ags2/modules/osd/index.ts')
    at OFe.$tryOpenDocument (vscode-file://vscode-app/usr/lib/code/out/vs/workbench/workbench.desktop.main.js:615:8481)
2024-12-13 22:19:19.432 [error] [Extension Host] CodeExpectedError: cannot open file:///home/zaryu/.config/ags2/options.ts. Detail: Unable to read file '/home/zaryu/.config/ags2/options.ts' (Error: Unable to resolve nonexistent file '/home/zaryu/.config/ags2/options.ts')
    at OFe.$tryOpenDocument (vscode-file://vscode-app/usr/lib/code/out/vs/workbench/workbench.desktop.main.js:615:8481)
2024-12-13 22:19:19.434 [error] [Extension Host] CodeExpectedError: cannot open file:///home/zaryu/.config/ags2/modules/osd/index.ts. Detail: Unable to read file '/home/zaryu/.config/ags2/modules/osd/index.ts' (Error: Unable to resolve nonexistent file '/home/zaryu/.config/ags2/modules/osd/index.ts')
    at OFe.$tryOpenDocument (vscode-file://vscode-app/usr/lib/code/out/vs/workbench/workbench.desktop.main.js:615:8481)
2024-12-13 22:19:19.540 [error] [Extension Host] CodeExpectedError: cannot open file:///home/zaryu/.config/ags2/options.ts. Detail: Unable to read file '/home/zaryu/.config/ags2/options.ts' (Error: Unable to resolve nonexistent file '/home/zaryu/.config/ags2/options.ts')
    at OFe.$tryOpenDocument (vscode-file://vscode-app/usr/lib/code/out/vs/workbench/workbench.desktop.main.js:615:8481)
2024-12-13 22:19:19.617 [error] [Extension Host] CodeExpectedError: cannot open file:///home/zaryu/.config/ags2/options.ts. Detail: Unable to read file '/home/zaryu/.config/ags2/options.ts' (Error: Unable to resolve nonexistent file '/home/zaryu/.config/ags2/options.ts')
    at OFe.$tryOpenDocument (vscode-file://vscode-app/usr/lib/code/out/vs/workbench/workbench.desktop.main.js:615:8481)
2024-12-13 22:19:19.630 [error] [Extension Host] CodeExpectedError: cannot open file:///home/zaryu/.config/ags2/modules/osd/index.ts. Detail: Unable to read file '/home/zaryu/.config/ags2/modules/osd/index.ts' (Error: Unable to resolve nonexistent file '/home/zaryu/.config/ags2/modules/osd/index.ts')
    at OFe.$tryOpenDocument (vscode-file://vscode-app/usr/lib/code/out/vs/workbench/workbench.desktop.main.js:615:8481)
2024-12-13 22:19:19.631 [error] [Extension Host] CodeExpectedError: cannot open file:///home/zaryu/.config/ags2/modules/osd/index.ts. Detail: Unable to read file '/home/zaryu/.config/ags2/modules/osd/index.ts' (Error: Unable to resolve nonexistent file '/home/zaryu/.config/ags2/modules/osd/index.ts')
    at OFe.$tryOpenDocument (vscode-file://vscode-app/usr/lib/code/out/vs/workbench/workbench.desktop.main.js:615:8481)
2024-12-13 22:19:19.874 [error] [Extension Host] CodeExpectedError: cannot open file:///home/zaryu/.config/ags2/options.ts. Detail: Unable to read file '/home/zaryu/.config/ags2/options.ts' (Error: Unable to resolve nonexistent file '/home/zaryu/.config/ags2/options.ts')
    at OFe.$tryOpenDocument (vscode-file://vscode-app/usr/lib/code/out/vs/workbench/workbench.desktop.main.js:615:8481)
2024-12-13 22:19:19.880 [error] [Extension Host] CodeExpectedError: cannot open file:///home/zaryu/.config/ags2/options.ts. Detail: Unable to read file '/home/zaryu/.config/ags2/options.ts' (Error: Unable to resolve nonexistent file '/home/zaryu/.config/ags2/options.ts')
    at OFe.$tryOpenDocument (vscode-file://vscode-app/usr/lib/code/out/vs/workbench/workbench.desktop.main.js:615:8481)
2024-12-13 22:19:19.884 [error] [Extension Host] CodeExpectedError: cannot open file:///home/zaryu/.config/ags2/modules/osd/index.ts. Detail: Unable to read file '/home/zaryu/.config/ags2/modules/osd/index.ts' (Error: Unable to resolve nonexistent file '/home/zaryu/.config/ags2/modules/osd/index.ts')
    at OFe.$tryOpenDocument (vscode-file://vscode-app/usr/lib/code/out/vs/workbench/workbench.desktop.main.js:615:8481)
2024-12-13 22:19:19.885 [error] [Extension Host] CodeExpectedError: cannot open file:///home/zaryu/.config/ags2/modules/osd/index.ts. Detail: Unable to read file '/home/zaryu/.config/ags2/modules/osd/index.ts' (Error: Unable to resolve nonexistent file '/home/zaryu/.config/ags2/modules/osd/index.ts')
    at OFe.$tryOpenDocument (vscode-file://vscode-app/usr/lib/code/out/vs/workbench/workbench.desktop.main.js:615:8481)
2024-12-13 22:19:20.008 [error] [Extension Host] CodeExpectedError: cannot open file:///home/zaryu/.config/ags2/options.ts. Detail: Unable to read file '/home/zaryu/.config/ags2/options.ts' (Error: Unable to resolve nonexistent file '/home/zaryu/.config/ags2/options.ts')
    at OFe.$tryOpenDocument (vscode-file://vscode-app/usr/lib/code/out/vs/workbench/workbench.desktop.main.js:615:8481)
2024-12-13 22:19:20.012 [error] [Extension Host] CodeExpectedError: cannot open file:///home/zaryu/.config/ags2/modules/osd/index.ts. Detail: Unable to read file '/home/zaryu/.config/ags2/modules/osd/index.ts' (Error: Unable to resolve nonexistent file '/home/zaryu/.config/ags2/modules/osd/index.ts')
    at OFe.$tryOpenDocument (vscode-file://vscode-app/usr/lib/code/out/vs/workbench/workbench.desktop.main.js:615:8481)
2024-12-13 22:19:20.244 [error] [Extension Host] CodeExpectedError: cannot open file:///home/zaryu/.config/ags2/options.ts. Detail: Unable to read file '/home/zaryu/.config/ags2/options.ts' (Error: Unable to resolve nonexistent file '/home/zaryu/.config/ags2/options.ts')
    at OFe.$tryOpenDocument (vscode-file://vscode-app/usr/lib/code/out/vs/workbench/workbench.desktop.main.js:615:8481)
2024-12-13 22:19:20.250 [error] [Extension Host] CodeExpectedError: cannot open file:///home/zaryu/.config/ags2/options.ts. Detail: Unable to read file '/home/zaryu/.config/ags2/options.ts' (Error: Unable to resolve nonexistent file '/home/zaryu/.config/ags2/options.ts')
    at OFe.$tryOpenDocument (vscode-file://vscode-app/usr/lib/code/out/vs/workbench/workbench.desktop.main.js:615:8481)
2024-12-13 22:19:20.251 [error] [Extension Host] CodeExpectedError: cannot open file:///home/zaryu/.config/ags2/modules/osd/index.ts. Detail: Unable to read file '/home/zaryu/.config/ags2/modules/osd/index.ts' (Error: Unable to resolve nonexistent file '/home/zaryu/.config/ags2/modules/osd/index.ts')
    at OFe.$tryOpenDocument (vscode-file://vscode-app/usr/lib/code/out/vs/workbench/workbench.desktop.main.js:615:8481)
2024-12-13 22:19:20.253 [error] [Extension Host] CodeExpectedError: cannot open file:///home/zaryu/.config/ags2/modules/osd/index.ts. Detail: Unable to read file '/home/zaryu/.config/ags2/modules/osd/index.ts' (Error: Unable to resolve nonexistent file '/home/zaryu/.config/ags2/modules/osd/index.ts')
    at OFe.$tryOpenDocument (vscode-file://vscode-app/usr/lib/code/out/vs/workbench/workbench.desktop.main.js:615:8481)
2024-12-13 22:19:20.548 [error] [Extension Host] CodeExpectedError: cannot open file:///home/zaryu/.config/ags2/options.ts. Detail: Unable to read file '/home/zaryu/.config/ags2/options.ts' (Error: Unable to resolve nonexistent file '/home/zaryu/.config/ags2/options.ts')
    at OFe.$tryOpenDocument (vscode-file://vscode-app/usr/lib/code/out/vs/workbench/workbench.desktop.main.js:615:8481)
2024-12-13 22:19:20.549 [error] [Extension Host] CodeExpectedError: cannot open file:///home/zaryu/.config/ags2/options.ts. Detail: Unable to read file '/home/zaryu/.config/ags2/options.ts' (Error: Unable to resolve nonexistent file '/home/zaryu/.config/ags2/options.ts')
    at OFe.$tryOpenDocument (vscode-file://vscode-app/usr/lib/code/out/vs/workbench/workbench.desktop.main.js:615:8481)
2024-12-13 22:19:20.572 [error] [Extension Host] CodeExpectedError: cannot open file:///home/zaryu/.config/ags2/modules/osd/index.ts. Detail: Unable to read file '/home/zaryu/.config/ags2/modules/osd/index.ts' (Error: Unable to resolve nonexistent file '/home/zaryu/.config/ags2/modules/osd/index.ts')
    at OFe.$tryOpenDocument (vscode-file://vscode-app/usr/lib/code/out/vs/workbench/workbench.desktop.main.js:615:8481)
2024-12-13 22:19:20.574 [error] [Extension Host] CodeExpectedError: cannot open file:///home/zaryu/.config/ags2/modules/osd/index.ts. Detail: Unable to read file '/home/zaryu/.config/ags2/modules/osd/index.ts' (Error: Unable to resolve nonexistent file '/home/zaryu/.config/ags2/modules/osd/index.ts')
    at OFe.$tryOpenDocument (vscode-file://vscode-app/usr/lib/code/out/vs/workbench/workbench.desktop.main.js:615:8481)
2024-12-13 22:19:20.576 [error] [Extension Host] CodeExpectedError: cannot open file:///home/zaryu/.config/ags2/modules/osd/index.ts. Detail: Unable to read file '/home/zaryu/.config/ags2/modules/osd/index.ts' (Error: Unable to resolve nonexistent file '/home/zaryu/.config/ags2/modules/osd/index.ts')
    at OFe.$tryOpenDocument (vscode-file://vscode-app/usr/lib/code/out/vs/workbench/workbench.desktop.main.js:615:8481)
2024-12-13 22:19:20.708 [error] [Extension Host] CodeExpectedError: cannot open file:///home/zaryu/.config/ags2/options.ts. Detail: Unable to read file '/home/zaryu/.config/ags2/options.ts' (Error: Unable to resolve nonexistent file '/home/zaryu/.config/ags2/options.ts')
    at OFe.$tryOpenDocument (vscode-file://vscode-app/usr/lib/code/out/vs/workbench/workbench.desktop.main.js:615:8481)
2024-12-13 22:19:21.157 [error] [Extension Host] CodeExpectedError: cannot open file:///home/zaryu/.config/ags2/options.ts. Detail: Unable to read file '/home/zaryu/.config/ags2/options.ts' (Error: Unable to resolve nonexistent file '/home/zaryu/.config/ags2/options.ts')
    at OFe.$tryOpenDocument (vscode-file://vscode-app/usr/lib/code/out/vs/workbench/workbench.desktop.main.js:615:8481)
2024-12-13 22:19:21.163 [error] [Extension Host] CodeExpectedError: cannot open file:///home/zaryu/.config/ags2/modules/osd/index.ts. Detail: Unable to read file '/home/zaryu/.config/ags2/modules/osd/index.ts' (Error: Unable to resolve nonexistent file '/home/zaryu/.config/ags2/modules/osd/index.ts')
    at OFe.$tryOpenDocument (vscode-file://vscode-app/usr/lib/code/out/vs/workbench/workbench.desktop.main.js:615:8481)
2024-12-13 22:19:21.166 [error] [Extension Host] CodeExpectedError: cannot open file:///home/zaryu/.config/ags2/modules/osd/index.ts. Detail: Unable to read file '/home/zaryu/.config/ags2/modules/osd/index.ts' (Error: Unable to resolve nonexistent file '/home/zaryu/.config/ags2/modules/osd/index.ts')
    at OFe.$tryOpenDocument (vscode-file://vscode-app/usr/lib/code/out/vs/workbench/workbench.desktop.main.js:615:8481)
2024-12-13 22:19:21.224 [error] [Extension Host] CodeExpectedError: cannot open file:///home/zaryu/.config/ags2/options.ts. Detail: Unable to read file '/home/zaryu/.config/ags2/options.ts' (Error: Unable to resolve nonexistent file '/home/zaryu/.config/ags2/options.ts')
    at OFe.$tryOpenDocument (vscode-file://vscode-app/usr/lib/code/out/vs/workbench/workbench.desktop.main.js:615:8481)
2024-12-13 22:19:22.004 [error] [Extension Host] CodeExpectedError: cannot open file:///home/zaryu/.config/ags2/options.ts. Detail: Unable to read file '/home/zaryu/.config/ags2/options.ts' (Error: Unable to resolve nonexistent file '/home/zaryu/.config/ags2/options.ts')
    at OFe.$tryOpenDocument (vscode-file://vscode-app/usr/lib/code/out/vs/workbench/workbench.desktop.main.js:615:8481)
2024-12-13 22:19:22.005 [error] [Extension Host] CodeExpectedError: cannot open file:///home/zaryu/.config/ags2/modules/osd/index.ts. Detail: Unable to read file '/home/zaryu/.config/ags2/modules/osd/index.ts' (Error: Unable to resolve nonexistent file '/home/zaryu/.config/ags2/modules/osd/index.ts')
    at OFe.$tryOpenDocument (vscode-file://vscode-app/usr/lib/code/out/vs/workbench/workbench.desktop.main.js:615:8481)
2024-12-13 22:19:53.190 [error] [Extension Host] {"stack":"Error: Timeout\n\tat Timeout._onTimeout (/home/zaryu/.vscode-oss/extensions/sourcegraph.cody-ai-1.48.1-universal/dist/extension.node.js:174732:20)\n\tat listOnTimeout (node:internal/timers:581:17)\n\tat process.processTimers (node:internal/timers:519:7)","message":"Timeout","name":"Error","promesa$protocols$IPromiseFactory$":"[object Object]","promesa$protocols$IPromiseFactory$_promise$arity$1":"function(a){return promesa.impl.rejected(this)}"}
2024-12-13 22:20:24.961 [error] [Extension Host] CodeExpectedError: cannot open file:///home/zaryu/.config/ags2/options.ts. Detail: Unable to read file '/home/zaryu/.config/ags2/options.ts' (Error: Unable to resolve nonexistent file '/home/zaryu/.config/ags2/options.ts')
    at OFe.$tryOpenDocument (vscode-file://vscode-app/usr/lib/code/out/vs/workbench/workbench.desktop.main.js:615:8481)
2024-12-13 22:20:24.973 [error] [Extension Host] CodeExpectedError: cannot open file:///home/zaryu/.config/ags2/modules/osd/index.ts. Detail: Unable to read file '/home/zaryu/.config/ags2/modules/osd/index.ts' (Error: Unable to resolve nonexistent file '/home/zaryu/.config/ags2/modules/osd/index.ts')
    at OFe.$tryOpenDocument (vscode-file://vscode-app/usr/lib/code/out/vs/workbench/workbench.desktop.main.js:615:8481)
2024-12-13 22:20:29.798 [warning] [backup tracker] suspended, ignoring unregister event file:///home/zaryu/.config/ags-hyprpanel/tsconfig.json 
2024-12-13 22:20:29.802 [warning] [backup tracker] suspended, ignoring unregister event file:///home/zaryu/.config/ags2/tsconfig.json 
