2024-12-13 21:12:16.918 [warning] Creation of workbench contribution 'workbench.contrib.preferencesActions' took 24ms.
2024-12-13 21:12:19.042 [info] Started local extension host with pid 3657.
2024-12-13 21:12:24.258 [error] [Extension Host] TypeError: Cannot read properties of undefined (reading 'replace')
	at n (/home/zaryu/.vscode-oss/extensions/jnoortheen.nix-ide-0.3.5-universal/dist/extension.js:1:1090)
	at Bi (/home/zaryu/.vscode-oss/extensions/jnoortheen.nix-ide-0.3.5-universal/dist/extension.js:44:41680)
	at Ho.get (/home/zaryu/.vscode-oss/extensions/jnoortheen.nix-ide-0.3.5-universal/dist/extension.js:44:41969)
	at get formatterPath (/home/zaryu/.vscode-oss/extensions/jnoortheen.nix-ide-0.3.5-universal/dist/extension.js:44:42024)
	at Object.<anonymous> (/home/zaryu/.vscode-oss/extensions/jnoortheen.nix-ide-0.3.5-universal/dist/extension.js:44:42449)
	at Module._compile (node:internal/modules/cjs/loader:1484:14)
	at Module._extensions..js (node:internal/modules/cjs/loader:1564:10)
	at Module.load (node:internal/modules/cjs/loader:1295:32)
	at Module._load (node:internal/modules/cjs/loader:1111:12)
	at c._load (node:electron/js2c/node_init:2:16955)
	at e._load (file:///usr/lib/code/out/vs/workbench/api/node/extensionHostProcess.js:174:10879)
	at t._load (file:///usr/lib/code/out/vs/workbench/api/node/extensionHostProcess.js:166:22433)
	at i._load (file:///usr/lib/code/out/vs/workbench/api/node/extensionHostProcess.js:158:4651)
	at Module.require (node:internal/modules/cjs/loader:1318:19)
	at require (node:internal/modules/helpers:179:18)
	at z_.xb (file:///usr/lib/code/out/vs/workbench/api/node/extensionHostProcess.js:166:23753)
	at async Promise.all (index 0)
2024-12-13 21:12:24.260 [error] [Extension Host] TypeError: Cannot read properties of undefined (reading 'replace')
	at n (/home/zaryu/.vscode-oss/extensions/jnoortheen.nix-ide-0.3.5-universal/dist/extension.js:1:1090)
	at Bi (/home/zaryu/.vscode-oss/extensions/jnoortheen.nix-ide-0.3.5-universal/dist/extension.js:44:41680)
	at Ho.get (/home/zaryu/.vscode-oss/extensions/jnoortheen.nix-ide-0.3.5-universal/dist/extension.js:44:41969)
	at get formatterPath (/home/zaryu/.vscode-oss/extensions/jnoortheen.nix-ide-0.3.5-universal/dist/extension.js:44:42024)
	at Object.<anonymous> (/home/zaryu/.vscode-oss/extensions/jnoortheen.nix-ide-0.3.5-universal/dist/extension.js:44:42501)
	at Module._compile (node:internal/modules/cjs/loader:1484:14)
	at Module._extensions..js (node:internal/modules/cjs/loader:1564:10)
	at Module.load (node:internal/modules/cjs/loader:1295:32)
	at Module._load (node:internal/modules/cjs/loader:1111:12)
	at c._load (node:electron/js2c/node_init:2:16955)
	at e._load (file:///usr/lib/code/out/vs/workbench/api/node/extensionHostProcess.js:174:10879)
	at t._load (file:///usr/lib/code/out/vs/workbench/api/node/extensionHostProcess.js:166:22433)
	at i._load (file:///usr/lib/code/out/vs/workbench/api/node/extensionHostProcess.js:158:4651)
	at Module.require (node:internal/modules/cjs/loader:1318:19)
	at require (node:internal/modules/helpers:179:18)
	at z_.xb (file:///usr/lib/code/out/vs/workbench/api/node/extensionHostProcess.js:166:23753)
	at async Promise.all (index 0)
2024-12-13 21:12:24.534 [warning] [mainThreadStorage] large extension state detected (extensionId: sourcegraph.cody-ai, global: true): 1743.2626953125kb. Consider to use 'storageUri' or 'globalStorageUri' to store this data on disk instead.
2024-12-13 21:12:25.000 [info] [perf] Render performance baseline is 126ms
2024-12-13 21:12:27.786 [error] [Extension Host] DelegatingProxy: Loaded 152 CA certs from noxide
2024-12-13 21:13:07.088 [error] [Extension Host] {"stack":"Error: Timeout\n\tat Timeout._onTimeout (/home/zaryu/.vscode-oss/extensions/sourcegraph.cody-ai-1.48.1-universal/dist/extension.node.js:174732:20)\n\tat listOnTimeout (node:internal/timers:581:17)\n\tat process.processTimers (node:internal/timers:519:7)","message":"Timeout","name":"Error","promesa$protocols$IPromiseFactory$":"[object Object]","promesa$protocols$IPromiseFactory$_promise$arity$1":"function(a){return promesa.impl.rejected(this)}"}
2024-12-13 21:13:49.759 [error] [Extension Host] {"stack":"Error: Timeout\n\tat Timeout._onTimeout (/home/zaryu/.vscode-oss/extensions/sourcegraph.cody-ai-1.48.1-universal/dist/extension.node.js:174732:20)\n\tat listOnTimeout (node:internal/timers:581:17)\n\tat process.processTimers (node:internal/timers:519:7)","message":"Timeout","name":"Error","promesa$protocols$IPromiseFactory$":"[object Object]","promesa$protocols$IPromiseFactory$_promise$arity$1":"function(a){return promesa.impl.rejected(this)}"}
2024-12-13 21:13:53.696 [info] Started local extension host with pid 4800.
2024-12-13 21:13:56.024 [warning] [mainThreadStorage] large extension state detected (extensionId: sourcegraph.cody-ai, global: true): 1743.2626953125kb. Consider to use 'storageUri' or 'globalStorageUri' to store this data on disk instead.
2024-12-13 21:13:59.948 [error] [Extension Host] DelegatingProxy: Loaded 152 CA certs from noxide
2024-12-13 21:14:49.095 [error] [Extension Host] {"stack":"Error: Timeout\n\tat Timeout._onTimeout (/home/zaryu/.vscode-oss/extensions/sourcegraph.cody-ai-1.48.1-universal/dist/extension.node.js:174732:20)\n\tat listOnTimeout (node:internal/timers:581:17)\n\tat process.processTimers (node:internal/timers:519:7)","message":"Timeout","name":"Error","promesa$protocols$IPromiseFactory$":"[object Object]","promesa$protocols$IPromiseFactory$_promise$arity$1":"function(a){return promesa.impl.rejected(this)}"}
2024-12-13 21:15:24.201 [error] [Extension Host] {"stack":"Error: Timeout\n\tat Timeout._onTimeout (/home/zaryu/.vscode-oss/extensions/sourcegraph.cody-ai-1.48.1-universal/dist/extension.node.js:174732:20)\n\tat listOnTimeout (node:internal/timers:581:17)\n\tat process.processTimers (node:internal/timers:519:7)","message":"Timeout","name":"Error","promesa$protocols$IPromiseFactory$":"[object Object]","promesa$protocols$IPromiseFactory$_promise$arity$1":"function(a){return promesa.impl.rejected(this)}"}
2024-12-13 21:16:09.948 [error] [Extension Host] {"stack":"Error: Timeout\n\tat Timeout._onTimeout (/home/zaryu/.vscode-oss/extensions/sourcegraph.cody-ai-1.48.1-universal/dist/extension.node.js:174732:20)\n\tat listOnTimeout (node:internal/timers:581:17)\n\tat process.processTimers (node:internal/timers:519:7)","message":"Timeout","name":"Error","promesa$protocols$IPromiseFactory$":"[object Object]","promesa$protocols$IPromiseFactory$_promise$arity$1":"function(a){return promesa.impl.rejected(this)}"}
2024-12-13 21:16:44.947 [error] [Extension Host] {"stack":"Error: Timeout\n\tat Timeout._onTimeout (/home/zaryu/.vscode-oss/extensions/sourcegraph.cody-ai-1.48.1-universal/dist/extension.node.js:174732:20)\n\tat listOnTimeout (node:internal/timers:581:17)\n\tat process.processTimers (node:internal/timers:519:7)","message":"Timeout","name":"Error","promesa$protocols$IPromiseFactory$":"[object Object]","promesa$protocols$IPromiseFactory$_promise$arity$1":"function(a){return promesa.impl.rejected(this)}"}
2024-12-13 21:17:01.043 [warning] [backup tracker] suspended, ignoring unregister event file:///home/zaryu/.vscode-oss/extensions/sourcegraph.cody-ai-1.48.1-universal/walkthroughs/cody_tutorial.py 
2024-12-13 21:17:01.044 [warning] [backup tracker] suspended, ignoring unregister event file:///home/zaryu/.config/ags2/types/%40girs/glib-2.0/package.json 
2024-12-13 21:17:01.046 [warning] [backup tracker] suspended, ignoring unregister event file:///home/zaryu/.config/ags2/types/%40girs/xlib-2.0/package.json 
2024-12-13 21:17:01.051 [warning] [backup tracker] suspended, ignoring unregister event file:///home/zaryu/.config/ags2/types/%40girs/nm-1.0/package.json 
2024-12-13 21:17:01.053 [warning] [backup tracker] suspended, ignoring unregister event file:///home/zaryu/.config/ags2/types/%40girs/soup-3.0/package.json 
2024-12-13 21:17:01.054 [warning] [backup tracker] suspended, ignoring unregister event file:///home/zaryu/.config/ags2/types/%40girs/atk-1.0/package.json 
2024-12-13 21:17:01.056 [warning] [backup tracker] suspended, ignoring unregister event file:///home/zaryu/.config/ags2/types/%40girs/gdkpixbuf-2.0/package.json 
2024-12-13 21:17:01.058 [warning] [backup tracker] suspended, ignoring unregister event file:///home/zaryu/.config/ags2/types/%40girs/harfbuzz-0.0/package.json 
2024-12-13 21:17:01.059 [warning] [backup tracker] suspended, ignoring unregister event file:///home/zaryu/.config/ags2/types/%40girs/gjs/package.json 
2024-12-13 21:17:01.060 [warning] [backup tracker] suspended, ignoring unregister event file:///home/zaryu/.config/ags2/types/%40girs/freetype2-2.0/package.json 
2024-12-13 21:17:01.062 [warning] [backup tracker] suspended, ignoring unregister event file:///home/zaryu/.config/ags2/types/%40girs/dbusmenugtk3-0.4/package.json 
